D:\DRIVER_TEST\PCIE_SPTEST\PCIE\X64\RELEASE\PCIE.PCH
D:\DRIVER_TEST\PCIE_SPTEST\PCIE\X64\RELEASE\STDAFX.OBJ
D:\DRIVER_TEST\PCIE_SPTEST\PCIE\X64\RELEASE\VC110.PDB
D:\DRIVER_TEST\PCIE_SPTEST\PCIE\X64\RELEASE\PCIEDLG.OBJ
D:\DRIVER_TEST\PCIE_SPTEST\PCIE\X64\RELEASE\PCIE.OBJ
D:\DRIVER_TEST\PCIE_SPTEST\PCIE\X64\RELEASE\PCIE.RES
D:\driver_test\PCIE_SPTEST\PCIE\x64\Release\PCIE.obj
D:\driver_test\PCIE_SPTEST\PCIE\x64\Release\PCIEDlg.obj
D:\driver_test\PCIE_SPTEST\PCIE\x64\Release\stdafx.obj
D:\driver_test\PCIE_SPTEST\PCIE\x64\Release\cl.command.1.tlog
D:\driver_test\PCIE_SPTEST\PCIE\x64\Release\CL.read.1.tlog
D:\driver_test\PCIE_SPTEST\PCIE\x64\Release\CL.write.1.tlog
D:\driver_test\PCIE_SPTEST\PCIE\x64\Release\link.command.1.tlog
D:\driver_test\PCIE_SPTEST\PCIE\x64\Release\link.read.1.tlog
D:\driver_test\PCIE_SPTEST\PCIE\x64\Release\link.write.1.tlog
D:\driver_test\PCIE_SPTEST\PCIE\x64\Release\rc.command.1.tlog
D:\driver_test\PCIE_SPTEST\PCIE\x64\Release\rc.read.1.tlog
D:\driver_test\PCIE_SPTEST\PCIE\x64\Release\rc.write.1.tlog
D:\driver_test\PCIE_SPTEST\PCIE\x64\Release\PCIE.res
D:\driver_test\PCIE_SPTEST\PCIE\x64\Release\PCIE.pch
D:\driver_test\PCIE_SPTEST\PCIE\x64\Release\vc110.pdb
