D:\DRIVER_TEST\PCIE_SPTEST\PCIE\X64\DEBUG\PCIE.PCH
D:\DRIVER_TEST\PCIE_SPTEST\PCIE\X64\DEBUG\STDAFX.OBJ
D:\DRIVER_TEST\PCIE_SPTEST\PCIE\X64\DEBUG\VC110.PDB
D:\DRIVER_TEST\PCIE_SPTEST\PCIE\X64\DEBUG\PCIE.OBJ
D:\DRIVER_TEST\PCIE_SPTEST\PCIE\X64\DEBUG\PCIEDLG.OBJ
D:\DRIVER_TEST\PCIE_SPTEST\X64\DEBUG\PCIE.ILK
D:\DRIVER_TEST\PCIE_SPTEST\X64\DEBUG\PCIE.EXE
D:\DRIVER_TEST\PCIE_SPTEST\X64\DEBUG\PCIE.PDB
D:\DRIVER_TEST\PCIE_SPTEST\PCIE\X64\DEBUG\PCIE.RES
D:\driver_test\PCIE_SPTEST\PCIE\x64\Debug\PCIE.obj
D:\driver_test\PCIE_SPTEST\PCIE\x64\Debug\PCIEDlg.obj
D:\driver_test\PCIE_SPTEST\PCIE\x64\Debug\stdafx.obj
D:\driver_test\PCIE_SPTEST\PCIE\x64\Debug\cl.command.1.tlog
D:\driver_test\PCIE_SPTEST\PCIE\x64\Debug\CL.read.1.tlog
D:\driver_test\PCIE_SPTEST\PCIE\x64\Debug\CL.write.1.tlog
D:\driver_test\PCIE_SPTEST\PCIE\x64\Debug\link-cvtres.read.1.tlog
D:\driver_test\PCIE_SPTEST\PCIE\x64\Debug\link-cvtres.write.1.tlog
D:\driver_test\PCIE_SPTEST\PCIE\x64\Debug\link-mt.read.1.tlog
D:\driver_test\PCIE_SPTEST\PCIE\x64\Debug\link-mt.write.1.tlog
D:\driver_test\PCIE_SPTEST\PCIE\x64\Debug\link-rc.read.1.tlog
D:\driver_test\PCIE_SPTEST\PCIE\x64\Debug\link-rc.write.1.tlog
D:\driver_test\PCIE_SPTEST\PCIE\x64\Debug\link.command.1.tlog
D:\driver_test\PCIE_SPTEST\PCIE\x64\Debug\link.read.1.tlog
D:\driver_test\PCIE_SPTEST\PCIE\x64\Debug\link.write.1.tlog
D:\driver_test\PCIE_SPTEST\PCIE\x64\Debug\rc.command.1.tlog
D:\driver_test\PCIE_SPTEST\PCIE\x64\Debug\rc.read.1.tlog
D:\driver_test\PCIE_SPTEST\PCIE\x64\Debug\rc.write.1.tlog
D:\driver_test\PCIE_SPTEST\PCIE\x64\Debug\PCIE.res
D:\driver_test\PCIE_SPTEST\PCIE\x64\Debug\PCIE.pch
D:\driver_test\PCIE_SPTEST\PCIE\x64\Debug\vc110.idb
D:\driver_test\PCIE_SPTEST\PCIE\x64\Debug\vc110.pdb
D:\driver_test\PCIE_SPTEST\x64\Debug\PCIE.pdb
D:\driver_test\PCIE_SPTEST\x64\Debug\PCIE.exe
D:\driver_test\PCIE_SPTEST\x64\Debug\PCIE.ilk
