D:\DEMO_AX7103\HDMITOPCIE\PC\HDMITOPCIE\PCIE\RELEASE\PCIE.PCH
D:\DEMO_AX7103\HDMITOPCIE\PC\HDMITOPCIE\PCIE\RELEASE\STDAFX.OBJ
D:\DEMO_AX7103\HDMITOPCIE\PC\HDMITOPCIE\PCIE\RELEASE\VC110.PDB
D:\DEMO_AX7103\HDMITOPCIE\PC\HDMITOPCIE\PCIE\RELEASE\PCIEDLG.OBJ
D:\DEMO_AX7103\HDMITOPCIE\PC\HDMITOPCIE\PCIE\RELEASE\PCIE.OBJ
D:\DEMO_AX7103\HDMITOPCIE\PC\HDMITOPCIE\RELEASE\PCIE.EXE
D:\DEMO_AX7103\HDMITOPCIE\PC\HDMITOPCIE\RELEASE\PCIE.PDB
D:\DEMO_AX7103\HDMITOPCIE\PC\HDMITOPCIE\PCIE\RELEASE\PCIE.RES
D:\demo_AX7103\hdmitoPCIe\PC\hdmitoPCIe\PCIE\Release\PCIE.obj
D:\demo_AX7103\hdmitoPCIe\PC\hdmitoPCIe\PCIE\Release\PCIEDlg.obj
D:\demo_AX7103\hdmitoPCIe\PC\hdmitoPCIe\PCIE\Release\stdafx.obj
D:\demo_AX7103\hdmitoPCIe\PC\hdmitoPCIe\PCIE\Release\cl.command.1.tlog
D:\demo_AX7103\hdmitoPCIe\PC\hdmitoPCIe\PCIE\Release\CL.read.1.tlog
D:\demo_AX7103\hdmitoPCIe\PC\hdmitoPCIe\PCIE\Release\CL.write.1.tlog
D:\demo_AX7103\hdmitoPCIe\PC\hdmitoPCIe\PCIE\Release\link-cvtres.read.1.tlog
D:\demo_AX7103\hdmitoPCIe\PC\hdmitoPCIe\PCIE\Release\link-cvtres.write.1.tlog
D:\demo_AX7103\hdmitoPCIe\PC\hdmitoPCIe\PCIE\Release\link-mt.read.1.tlog
D:\demo_AX7103\hdmitoPCIe\PC\hdmitoPCIe\PCIE\Release\link-mt.write.1.tlog
D:\demo_AX7103\hdmitoPCIe\PC\hdmitoPCIe\PCIE\Release\link-rc.read.1.tlog
D:\demo_AX7103\hdmitoPCIe\PC\hdmitoPCIe\PCIE\Release\link-rc.write.1.tlog
D:\demo_AX7103\hdmitoPCIe\PC\hdmitoPCIe\PCIE\Release\link.command.1.tlog
D:\demo_AX7103\hdmitoPCIe\PC\hdmitoPCIe\PCIE\Release\link.read.1.tlog
D:\demo_AX7103\hdmitoPCIe\PC\hdmitoPCIe\PCIE\Release\link.write.1.tlog
D:\demo_AX7103\hdmitoPCIe\PC\hdmitoPCIe\PCIE\Release\rc.command.1.tlog
D:\demo_AX7103\hdmitoPCIe\PC\hdmitoPCIe\PCIE\Release\rc.read.1.tlog
D:\demo_AX7103\hdmitoPCIe\PC\hdmitoPCIe\PCIE\Release\rc.write.1.tlog
D:\demo_AX7103\hdmitoPCIe\PC\hdmitoPCIe\PCIE\Release\PCIE.res
D:\demo_AX7103\hdmitoPCIe\PC\hdmitoPCIe\PCIE\Release\PCIE.pch
D:\demo_AX7103\hdmitoPCIe\PC\hdmitoPCIe\PCIE\Release\vc110.pdb
D:\demo_AX7103\hdmitoPCIe\PC\hdmitoPCIe\Release\PCIE.pdb
D:\demo_AX7103\hdmitoPCIe\PC\hdmitoPCIe\Release\PCIE.exe
