生成启动时间为 2017/11/10 16:05:40。
     1>项目“D:\demo_AX7103\hdmitoPCIe\PC\hdmitoPCIe\PCIE\PCIE.vcxproj”在节点 2 上(Rebuild 个目标)。
     1>ClCompile:
         C:\Program Files (x86)\Microsoft Visual Studio 11.0\VC\bin\CL.exe /c /I..\SDL2_0\include /I..\Include /Zi /nologo /W3 /WX- /O2 /Oi /Oy- /D WIN32 /D _WINDOWS /D NDEBUG /D _MBCS /D _AFXDLL /Gm- /EHsc /MD /GS /Gy /fp:precise /Zc:wchar_t /Zc:forScope /Yc"stdafx.h" /Fp"Release\PCIE.pch" /Fo"Release\\" /Fd"Release\vc110.pdb" /Gd /TP /analyze- /errorReport:prompt stdafx.cpp
         stdafx.cpp
         C:\Program Files (x86)\Microsoft Visual Studio 11.0\VC\bin\CL.exe /c /I..\SDL2_0\include /I..\Include /Zi /nologo /W3 /WX- /O2 /Oi /Oy- /D WIN32 /D _WINDOWS /D NDEBUG /D _MBCS /D _AFXDLL /Gm- /EHsc /MD /GS /Gy /fp:precise /Zc:wchar_t /Zc:forScope /Yu"stdafx.h" /Fp"Release\PCIE.pch" /Fo"Release\\" /Fd"Release\vc110.pdb" /Gd /TP /analyze- /errorReport:prompt PCIE.cpp PCIEDlg.cpp
         PCIE.cpp
         PCIEDlg.cpp
         正在生成代码...
       ResourceCompile:
         C:\Program Files (x86)\Windows Kits\8.0\bin\x86\rc.exe /D NDEBUG /D _AFXDLL /l"0x0804" /IRelease\ /nologo /fo"Release\PCIE.res" PCIE.rc 
       Link:
         C:\Program Files (x86)\Microsoft Visual Studio 11.0\VC\bin\link.exe /ERRORREPORT:PROMPT /OUT:"D:\demo_AX7103\hdmitoPCIe\PC\hdmitoPCIe\Release\PCIE.exe" /INCREMENTAL:NO /NOLOGO /LIBPATH:..\Lib /LIBPATH:..\SDL2_0\lib\x86 /LIBPATH:..\Lib\amd64\x86 /MANIFEST /MANIFESTUAC:"level='asInvoker' uiAccess='false'" /manifest:embed /manifestinput:"C:\Program Files (x86)\Microsoft Visual Studio 11.0\VC\Include\Manifest\dpiaware.manifest" /DEBUG /PDB:"D:\demo_AX7103\hdmitoPCIe\PC\hdmitoPCIe\Release\PCIE.pdb" /SUBSYSTEM:WINDOWS /OPT:REF /OPT:ICF /TLBID:1 /DYNAMICBASE /NXCOMPAT /IMPLIB:"D:\demo_AX7103\hdmitoPCIe\PC\hdmitoPCIe\Release\PCIE.lib" /MACHINE:X86 /SAFESEH Release\PCIE.res
         Release\PCIE.obj
         Release\PCIEDlg.obj
         Release\stdafx.obj
         PCIE.vcxproj -> D:\demo_AX7103\hdmitoPCIe\PC\hdmitoPCIe\Release\PCIE.exe
     1>已完成生成项目“D:\demo_AX7103\hdmitoPCIe\PC\hdmitoPCIe\PCIE\PCIE.vcxproj”(Rebuild 个目标)的操作。

生成成功。

已用时间 00:00:04.07
