
*** Running vivado
    with args -log PCIe_mig_7series_0_0.vds -m64 -product Vivado -mode batch -messageDb vivado.pb -notrace -source PCIe_mig_7series_0_0.tcl


****** Vivado v2017.2 (64-bit)
  **** SW Build 1909853 on Thu Jun 15 18:39:09 MDT 2017
  **** IP Build 1909766 on Thu Jun 15 19:58:00 MDT 2017
    ** Copyright 1986-2017 Xilinx, Inc. All Rights Reserved.

source PCIe_mig_7series_0_0.tcl -notrace
Starting RTL Elaboration : Time (s): cpu = 00:00:02 ; elapsed = 00:00:04 . Memory (MB): peak = 405.180 ; gain = 80.559
INFO: [Synth 8-638] synthesizing module 'PCIe_mig_7series_0_0' [d:/exam_ise/pcieddr3/PCIe.srcs/sources_1/bd/PCIe/ip/PCIe_mig_7series_0_0/PCIe_mig_7series_0_0/user_design/rtl/PCIe_mig_7series_0_0.v:70]
INFO: [Synth 8-638] synthesizing module 'PCIe_mig_7series_0_0_mig' [d:/exam_ise/pcieddr3/PCIe.srcs/sources_1/bd/PCIe/ip/PCIe_mig_7series_0_0/PCIe_mig_7series_0_0/user_design/rtl/PCIe_mig_7series_0_0_mig.v:75]
INFO: [Synth 8-638] synthesizing module 'mig_7series_v4_0_tempmon' [d:/exam_ise/pcieddr3/PCIe.srcs/sources_1/bd/PCIe/ip/PCIe_mig_7series_0_0/PCIe_mig_7series_0_0/user_design/rtl/clocking/mig_7series_v4_0_tempmon.v:69]
INFO: [Synth 8-638] synthesizing module 'XADC' [C:/Xilinx/Vivado/2017.2/scripts/rt/data/unisim_comp.v:45495]
INFO: [Synth 8-256] done synthesizing module 'XADC' (1#1) [C:/Xilinx/Vivado/2017.2/scripts/rt/data/unisim_comp.v:45495]
INFO: [Synth 8-256] done synthesizing module 'mig_7series_v4_0_tempmon' (2#1) [d:/exam_ise/pcieddr3/PCIe.srcs/sources_1/bd/PCIe/ip/PCIe_mig_7series_0_0/PCIe_mig_7series_0_0/user_design/rtl/clocking/mig_7series_v4_0_tempmon.v:69]
INFO: [Synth 8-638] synthesizing module 'mig_7series_v4_0_iodelay_ctrl' [d:/exam_ise/pcieddr3/PCIe.srcs/sources_1/bd/PCIe/ip/PCIe_mig_7series_0_0/PCIe_mig_7series_0_0/user_design/rtl/clocking/mig_7series_v4_0_iodelay_ctrl.v:80]
INFO: [Synth 8-638] synthesizing module 'IDELAYCTRL' [C:/Xilinx/Vivado/2017.2/scripts/rt/data/unisim_comp.v:16506]
INFO: [Synth 8-256] done synthesizing module 'IDELAYCTRL' (3#1) [C:/Xilinx/Vivado/2017.2/scripts/rt/data/unisim_comp.v:16506]
INFO: [Synth 8-256] done synthesizing module 'mig_7series_v4_0_iodelay_ctrl' (4#1) [d:/exam_ise/pcieddr3/PCIe.srcs/sources_1/bd/PCIe/ip/PCIe_mig_7series_0_0/PCIe_mig_7series_0_0/user_design/rtl/clocking/mig_7series_v4_0_iodelay_ctrl.v:80]
INFO: [Synth 8-638] synthesizing module 'mig_7series_v4_0_clk_ibuf' [d:/exam_ise/pcieddr3/PCIe.srcs/sources_1/bd/PCIe/ip/PCIe_mig_7series_0_0/PCIe_mig_7series_0_0/user_design/rtl/clocking/mig_7series_v4_0_clk_ibuf.v:68]
INFO: [Synth 8-256] done synthesizing module 'mig_7series_v4_0_clk_ibuf' (5#1) [d:/exam_ise/pcieddr3/PCIe.srcs/sources_1/bd/PCIe/ip/PCIe_mig_7series_0_0/PCIe_mig_7series_0_0/user_design/rtl/clocking/mig_7series_v4_0_clk_ibuf.v:68]
INFO: [Synth 8-638] synthesizing module 'mig_7series_v4_0_infrastructure' [d:/exam_ise/pcieddr3/PCIe.srcs/sources_1/bd/PCIe/ip/PCIe_mig_7series_0_0/PCIe_mig_7series_0_0/user_design/rtl/clocking/mig_7series_v4_0_infrastructure.v:78]
INFO: [Synth 8-638] synthesizing module 'MMCME2_ADV' [C:/Xilinx/Vivado/2017.2/scripts/rt/data/unisim_comp.v:20759]
INFO: [Synth 8-256] done synthesizing module 'MMCME2_ADV' (6#1) [C:/Xilinx/Vivado/2017.2/scripts/rt/data/unisim_comp.v:20759]
INFO: [Synth 8-638] synthesizing module 'BUFG' [C:/Xilinx/Vivado/2017.2/scripts/rt/data/unisim_comp.v:607]
INFO: [Synth 8-256] done synthesizing module 'BUFG' (7#1) [C:/Xilinx/Vivado/2017.2/scripts/rt/data/unisim_comp.v:607]
INFO: [Synth 8-638] synthesizing module 'PLLE2_ADV' [C:/Xilinx/Vivado/2017.2/scripts/rt/data/unisim_comp.v:33019]
INFO: [Synth 8-256] done synthesizing module 'PLLE2_ADV' (8#1) [C:/Xilinx/Vivado/2017.2/scripts/rt/data/unisim_comp.v:33019]
INFO: [Synth 8-638] synthesizing module 'BUFH' [C:/Xilinx/Vivado/2017.2/scripts/rt/data/unisim_comp.v:806]
INFO: [Synth 8-256] done synthesizing module 'BUFH' (9#1) [C:/Xilinx/Vivado/2017.2/scripts/rt/data/unisim_comp.v:806]
INFO: [Synth 8-256] done synthesizing module 'mig_7series_v4_0_infrastructure' (10#1) [d:/exam_ise/pcieddr3/PCIe.srcs/sources_1/bd/PCIe/ip/PCIe_mig_7series_0_0/PCIe_mig_7series_0_0/user_design/rtl/clocking/mig_7series_v4_0_infrastructure.v:78]
INFO: [Synth 8-638] synthesizing module 'mig_7series_v4_0_memc_ui_top_axi' [d:/exam_ise/pcieddr3/PCIe.srcs/sources_1/bd/PCIe/ip/PCIe_mig_7series_0_0/PCIe_mig_7series_0_0/user_design/rtl/ip_top/mig_7series_v4_0_memc_ui_top_axi.v:72]
INFO: [Synth 8-638] synthesizing module 'mig_7series_v4_0_mem_intfc' [d:/exam_ise/pcieddr3/PCIe.srcs/sources_1/bd/PCIe/ip/PCIe_mig_7series_0_0/PCIe_mig_7series_0_0/user_design/rtl/ip_top/mig_7series_v4_0_mem_intfc.v:70]
INFO: [Synth 8-638] synthesizing module 'mig_7series_v4_0_mc' [d:/exam_ise/pcieddr3/PCIe.srcs/sources_1/bd/PCIe/ip/PCIe_mig_7series_0_0/PCIe_mig_7series_0_0/user_design/rtl/controller/mig_7series_v4_0_mc.v:73]
INFO: [Synth 8-638] synthesizing module 'mig_7series_v4_0_rank_mach' [d:/exam_ise/pcieddr3/PCIe.srcs/sources_1/bd/PCIe/ip/PCIe_mig_7series_0_0/PCIe_mig_7series_0_0/user_design/rtl/controller/mig_7series_v4_0_rank_mach.v:71]
INFO: [Synth 8-638] synthesizing module 'mig_7series_v4_0_rank_cntrl' [d:/exam_ise/pcieddr3/PCIe.srcs/sources_1/bd/PCIe/ip/PCIe_mig_7series_0_0/PCIe_mig_7series_0_0/user_design/rtl/controller/mig_7series_v4_0_rank_cntrl.v:79]
INFO: [Synth 8-638] synthesizing module 'SRLC32E' [C:/Xilinx/Vivado/2017.2/scripts/rt/data/unisim_comp.v:43823]
INFO: [Synth 8-256] done synthesizing module 'SRLC32E' (11#1) [C:/Xilinx/Vivado/2017.2/scripts/rt/data/unisim_comp.v:43823]
INFO: [Synth 8-256] done synthesizing module 'mig_7series_v4_0_rank_cntrl' (12#1) [d:/exam_ise/pcieddr3/PCIe.srcs/sources_1/bd/PCIe/ip/PCIe_mig_7series_0_0/PCIe_mig_7series_0_0/user_design/rtl/controller/mig_7series_v4_0_rank_cntrl.v:79]
INFO: [Synth 8-638] synthesizing module 'mig_7series_v4_0_rank_common' [d:/exam_ise/pcieddr3/PCIe.srcs/sources_1/bd/PCIe/ip/PCIe_mig_7series_0_0/PCIe_mig_7series_0_0/user_design/rtl/controller/mig_7series_v4_0_rank_common.v:72]
INFO: [Synth 8-638] synthesizing module 'mig_7series_v4_0_round_robin_arb' [d:/exam_ise/pcieddr3/PCIe.srcs/sources_1/bd/PCIe/ip/PCIe_mig_7series_0_0/PCIe_mig_7series_0_0/user_design/rtl/controller/mig_7series_v4_0_round_robin_arb.v:121]
INFO: [Synth 8-256] done synthesizing module 'mig_7series_v4_0_round_robin_arb' (13#1) [d:/exam_ise/pcieddr3/PCIe.srcs/sources_1/bd/PCIe/ip/PCIe_mig_7series_0_0/PCIe_mig_7series_0_0/user_design/rtl/controller/mig_7series_v4_0_round_robin_arb.v:121]
INFO: [Synth 8-638] synthesizing module 'mig_7series_v4_0_round_robin_arb__parameterized0' [d:/exam_ise/pcieddr3/PCIe.srcs/sources_1/bd/PCIe/ip/PCIe_mig_7series_0_0/PCIe_mig_7series_0_0/user_design/rtl/controller/mig_7series_v4_0_round_robin_arb.v:121]
INFO: [Synth 8-256] done synthesizing module 'mig_7series_v4_0_round_robin_arb__parameterized0' (13#1) [d:/exam_ise/pcieddr3/PCIe.srcs/sources_1/bd/PCIe/ip/PCIe_mig_7series_0_0/PCIe_mig_7series_0_0/user_design/rtl/controller/mig_7series_v4_0_round_robin_arb.v:121]
INFO: [Synth 8-256] done synthesizing module 'mig_7series_v4_0_rank_common' (14#1) [d:/exam_ise/pcieddr3/PCIe.srcs/sources_1/bd/PCIe/ip/PCIe_mig_7series_0_0/PCIe_mig_7series_0_0/user_design/rtl/controller/mig_7series_v4_0_rank_common.v:72]
INFO: [Synth 8-256] done synthesizing module 'mig_7series_v4_0_rank_mach' (15#1) [d:/exam_ise/pcieddr3/PCIe.srcs/sources_1/bd/PCIe/ip/PCIe_mig_7series_0_0/PCIe_mig_7series_0_0/user_design/rtl/controller/mig_7series_v4_0_rank_mach.v:71]
INFO: [Synth 8-638] synthesizing module 'mig_7series_v4_0_bank_mach' [d:/exam_ise/pcieddr3/PCIe.srcs/sources_1/bd/PCIe/ip/PCIe_mig_7series_0_0/PCIe_mig_7series_0_0/user_design/rtl/controller/mig_7series_v4_0_bank_mach.v:72]
INFO: [Synth 8-638] synthesizing module 'mig_7series_v4_0_bank_cntrl' [d:/exam_ise/pcieddr3/PCIe.srcs/sources_1/bd/PCIe/ip/PCIe_mig_7series_0_0/PCIe_mig_7series_0_0/user_design/rtl/controller/mig_7series_v4_0_bank_cntrl.v:70]
INFO: [Synth 8-638] synthesizing module 'mig_7series_v4_0_bank_compare' [d:/exam_ise/pcieddr3/PCIe.srcs/sources_1/bd/PCIe/ip/PCIe_mig_7series_0_0/PCIe_mig_7series_0_0/user_design/rtl/controller/mig_7series_v4_0_bank_compare.v:74]
INFO: [Synth 8-256] done synthesizing module 'mig_7series_v4_0_bank_compare' (16#1) [d:/exam_ise/pcieddr3/PCIe.srcs/sources_1/bd/PCIe/ip/PCIe_mig_7series_0_0/PCIe_mig_7series_0_0/user_design/rtl/controller/mig_7series_v4_0_bank_compare.v:74]
INFO: [Synth 8-638] synthesizing module 'mig_7series_v4_0_bank_state' [d:/exam_ise/pcieddr3/PCIe.srcs/sources_1/bd/PCIe/ip/PCIe_mig_7series_0_0/PCIe_mig_7series_0_0/user_design/rtl/controller/mig_7series_v4_0_bank_state.v:141]
INFO: [Synth 8-256] done synthesizing module 'mig_7series_v4_0_bank_state' (17#1) [d:/exam_ise/pcieddr3/PCIe.srcs/sources_1/bd/PCIe/ip/PCIe_mig_7series_0_0/PCIe_mig_7series_0_0/user_design/rtl/controller/mig_7series_v4_0_bank_state.v:141]
INFO: [Synth 8-638] synthesizing module 'mig_7series_v4_0_bank_queue' [d:/exam_ise/pcieddr3/PCIe.srcs/sources_1/bd/PCIe/ip/PCIe_mig_7series_0_0/PCIe_mig_7series_0_0/user_design/rtl/controller/mig_7series_v4_0_bank_queue.v:174]
INFO: [Synth 8-256] done synthesizing module 'mig_7series_v4_0_bank_queue' (18#1) [d:/exam_ise/pcieddr3/PCIe.srcs/sources_1/bd/PCIe/ip/PCIe_mig_7series_0_0/PCIe_mig_7series_0_0/user_design/rtl/controller/mig_7series_v4_0_bank_queue.v:174]
INFO: [Synth 8-256] done synthesizing module 'mig_7series_v4_0_bank_cntrl' (19#1) [d:/exam_ise/pcieddr3/PCIe.srcs/sources_1/bd/PCIe/ip/PCIe_mig_7series_0_0/PCIe_mig_7series_0_0/user_design/rtl/controller/mig_7series_v4_0_bank_cntrl.v:70]
INFO: [Synth 8-638] synthesizing module 'mig_7series_v4_0_bank_cntrl__parameterized0' [d:/exam_ise/pcieddr3/PCIe.srcs/sources_1/bd/PCIe/ip/PCIe_mig_7series_0_0/PCIe_mig_7series_0_0/user_design/rtl/controller/mig_7series_v4_0_bank_cntrl.v:70]
INFO: [Synth 8-638] synthesizing module 'mig_7series_v4_0_bank_state__parameterized0' [d:/exam_ise/pcieddr3/PCIe.srcs/sources_1/bd/PCIe/ip/PCIe_mig_7series_0_0/PCIe_mig_7series_0_0/user_design/rtl/controller/mig_7series_v4_0_bank_state.v:141]
INFO: [Synth 8-256] done synthesizing module 'mig_7series_v4_0_bank_state__parameterized0' (19#1) [d:/exam_ise/pcieddr3/PCIe.srcs/sources_1/bd/PCIe/ip/PCIe_mig_7series_0_0/PCIe_mig_7series_0_0/user_design/rtl/controller/mig_7series_v4_0_bank_state.v:141]
INFO: [Synth 8-638] synthesizing module 'mig_7series_v4_0_bank_queue__parameterized0' [d:/exam_ise/pcieddr3/PCIe.srcs/sources_1/bd/PCIe/ip/PCIe_mig_7series_0_0/PCIe_mig_7series_0_0/user_design/rtl/controller/mig_7series_v4_0_bank_queue.v:174]
INFO: [Synth 8-256] done synthesizing module 'mig_7series_v4_0_bank_queue__parameterized0' (19#1) [d:/exam_ise/pcieddr3/PCIe.srcs/sources_1/bd/PCIe/ip/PCIe_mig_7series_0_0/PCIe_mig_7series_0_0/user_design/rtl/controller/mig_7series_v4_0_bank_queue.v:174]
INFO: [Synth 8-256] done synthesizing module 'mig_7series_v4_0_bank_cntrl__parameterized0' (19#1) [d:/exam_ise/pcieddr3/PCIe.srcs/sources_1/bd/PCIe/ip/PCIe_mig_7series_0_0/PCIe_mig_7series_0_0/user_design/rtl/controller/mig_7series_v4_0_bank_cntrl.v:70]
INFO: [Synth 8-638] synthesizing module 'mig_7series_v4_0_bank_cntrl__parameterized1' [d:/exam_ise/pcieddr3/PCIe.srcs/sources_1/bd/PCIe/ip/PCIe_mig_7series_0_0/PCIe_mig_7series_0_0/user_design/rtl/controller/mig_7series_v4_0_bank_cntrl.v:70]
INFO: [Synth 8-638] synthesizing module 'mig_7series_v4_0_bank_state__parameterized1' [d:/exam_ise/pcieddr3/PCIe.srcs/sources_1/bd/PCIe/ip/PCIe_mig_7series_0_0/PCIe_mig_7series_0_0/user_design/rtl/controller/mig_7series_v4_0_bank_state.v:141]
INFO: [Synth 8-256] done synthesizing module 'mig_7series_v4_0_bank_state__parameterized1' (19#1) [d:/exam_ise/pcieddr3/PCIe.srcs/sources_1/bd/PCIe/ip/PCIe_mig_7series_0_0/PCIe_mig_7series_0_0/user_design/rtl/controller/mig_7series_v4_0_bank_state.v:141]
INFO: [Synth 8-638] synthesizing module 'mig_7series_v4_0_bank_queue__parameterized1' [d:/exam_ise/pcieddr3/PCIe.srcs/sources_1/bd/PCIe/ip/PCIe_mig_7series_0_0/PCIe_mig_7series_0_0/user_design/rtl/controller/mig_7series_v4_0_bank_queue.v:174]
INFO: [Synth 8-256] done synthesizing module 'mig_7series_v4_0_bank_queue__parameterized1' (19#1) [d:/exam_ise/pcieddr3/PCIe.srcs/sources_1/bd/PCIe/ip/PCIe_mig_7series_0_0/PCIe_mig_7series_0_0/user_design/rtl/controller/mig_7series_v4_0_bank_queue.v:174]
INFO: [Synth 8-256] done synthesizing module 'mig_7series_v4_0_bank_cntrl__parameterized1' (19#1) [d:/exam_ise/pcieddr3/PCIe.srcs/sources_1/bd/PCIe/ip/PCIe_mig_7series_0_0/PCIe_mig_7series_0_0/user_design/rtl/controller/mig_7series_v4_0_bank_cntrl.v:70]
INFO: [Synth 8-638] synthesizing module 'mig_7series_v4_0_bank_cntrl__parameterized2' [d:/exam_ise/pcieddr3/PCIe.srcs/sources_1/bd/PCIe/ip/PCIe_mig_7series_0_0/PCIe_mig_7series_0_0/user_design/rtl/controller/mig_7series_v4_0_bank_cntrl.v:70]
INFO: [Synth 8-638] synthesizing module 'mig_7series_v4_0_bank_state__parameterized2' [d:/exam_ise/pcieddr3/PCIe.srcs/sources_1/bd/PCIe/ip/PCIe_mig_7series_0_0/PCIe_mig_7series_0_0/user_design/rtl/controller/mig_7series_v4_0_bank_state.v:141]
INFO: [Synth 8-256] done synthesizing module 'mig_7series_v4_0_bank_state__parameterized2' (19#1) [d:/exam_ise/pcieddr3/PCIe.srcs/sources_1/bd/PCIe/ip/PCIe_mig_7series_0_0/PCIe_mig_7series_0_0/user_design/rtl/controller/mig_7series_v4_0_bank_state.v:141]
INFO: [Synth 8-638] synthesizing module 'mig_7series_v4_0_bank_queue__parameterized2' [d:/exam_ise/pcieddr3/PCIe.srcs/sources_1/bd/PCIe/ip/PCIe_mig_7series_0_0/PCIe_mig_7series_0_0/user_design/rtl/controller/mig_7series_v4_0_bank_queue.v:174]
INFO: [Synth 8-256] done synthesizing module 'mig_7series_v4_0_bank_queue__parameterized2' (19#1) [d:/exam_ise/pcieddr3/PCIe.srcs/sources_1/bd/PCIe/ip/PCIe_mig_7series_0_0/PCIe_mig_7series_0_0/user_design/rtl/controller/mig_7series_v4_0_bank_queue.v:174]
INFO: [Synth 8-256] done synthesizing module 'mig_7series_v4_0_bank_cntrl__parameterized2' (19#1) [d:/exam_ise/pcieddr3/PCIe.srcs/sources_1/bd/PCIe/ip/PCIe_mig_7series_0_0/PCIe_mig_7series_0_0/user_design/rtl/controller/mig_7series_v4_0_bank_cntrl.v:70]
INFO: [Synth 8-638] synthesizing module 'mig_7series_v4_0_bank_common' [d:/exam_ise/pcieddr3/PCIe.srcs/sources_1/bd/PCIe/ip/PCIe_mig_7series_0_0/PCIe_mig_7series_0_0/user_design/rtl/controller/mig_7series_v4_0_bank_common.v:73]
INFO: [Synth 8-256] done synthesizing module 'mig_7series_v4_0_bank_common' (20#1) [d:/exam_ise/pcieddr3/PCIe.srcs/sources_1/bd/PCIe/ip/PCIe_mig_7series_0_0/PCIe_mig_7series_0_0/user_design/rtl/controller/mig_7series_v4_0_bank_common.v:73]
INFO: [Synth 8-638] synthesizing module 'mig_7series_v4_0_arb_mux' [d:/exam_ise/pcieddr3/PCIe.srcs/sources_1/bd/PCIe/ip/PCIe_mig_7series_0_0/PCIe_mig_7series_0_0/user_design/rtl/controller/mig_7series_v4_0_arb_mux.v:69]
INFO: [Synth 8-638] synthesizing module 'mig_7series_v4_0_arb_row_col' [d:/exam_ise/pcieddr3/PCIe.srcs/sources_1/bd/PCIe/ip/PCIe_mig_7series_0_0/PCIe_mig_7series_0_0/user_design/rtl/controller/mig_7series_v4_0_arb_row_col.v:83]
INFO: [Synth 8-638] synthesizing module 'mig_7series_v4_0_round_robin_arb__parameterized1' [d:/exam_ise/pcieddr3/PCIe.srcs/sources_1/bd/PCIe/ip/PCIe_mig_7series_0_0/PCIe_mig_7series_0_0/user_design/rtl/controller/mig_7series_v4_0_round_robin_arb.v:121]
INFO: [Synth 8-256] done synthesizing module 'mig_7series_v4_0_round_robin_arb__parameterized1' (20#1) [d:/exam_ise/pcieddr3/PCIe.srcs/sources_1/bd/PCIe/ip/PCIe_mig_7series_0_0/PCIe_mig_7series_0_0/user_design/rtl/controller/mig_7series_v4_0_round_robin_arb.v:121]
INFO: [Synth 8-256] done synthesizing module 'mig_7series_v4_0_arb_row_col' (21#1) [d:/exam_ise/pcieddr3/PCIe.srcs/sources_1/bd/PCIe/ip/PCIe_mig_7series_0_0/PCIe_mig_7series_0_0/user_design/rtl/controller/mig_7series_v4_0_arb_row_col.v:83]
INFO: [Synth 8-638] synthesizing module 'mig_7series_v4_0_arb_select' [d:/exam_ise/pcieddr3/PCIe.srcs/sources_1/bd/PCIe/ip/PCIe_mig_7series_0_0/PCIe_mig_7series_0_0/user_design/rtl/controller/mig_7series_v4_0_arb_select.v:75]
INFO: [Synth 8-256] done synthesizing module 'mig_7series_v4_0_arb_select' (22#1) [d:/exam_ise/pcieddr3/PCIe.srcs/sources_1/bd/PCIe/ip/PCIe_mig_7series_0_0/PCIe_mig_7series_0_0/user_design/rtl/controller/mig_7series_v4_0_arb_select.v:75]
INFO: [Synth 8-256] done synthesizing module 'mig_7series_v4_0_arb_mux' (23#1) [d:/exam_ise/pcieddr3/PCIe.srcs/sources_1/bd/PCIe/ip/PCIe_mig_7series_0_0/PCIe_mig_7series_0_0/user_design/rtl/controller/mig_7series_v4_0_arb_mux.v:69]
INFO: [Synth 8-256] done synthesizing module 'mig_7series_v4_0_bank_mach' (24#1) [d:/exam_ise/pcieddr3/PCIe.srcs/sources_1/bd/PCIe/ip/PCIe_mig_7series_0_0/PCIe_mig_7series_0_0/user_design/rtl/controller/mig_7series_v4_0_bank_mach.v:72]
INFO: [Synth 8-638] synthesizing module 'mig_7series_v4_0_col_mach' [d:/exam_ise/pcieddr3/PCIe.srcs/sources_1/bd/PCIe/ip/PCIe_mig_7series_0_0/PCIe_mig_7series_0_0/user_design/rtl/controller/mig_7series_v4_0_col_mach.v:88]
INFO: [Synth 8-638] synthesizing module 'RAM32M' [C:/Xilinx/Vivado/2017.2/scripts/rt/data/unisim_comp.v:37094]
INFO: [Synth 8-256] done synthesizing module 'RAM32M' (25#1) [C:/Xilinx/Vivado/2017.2/scripts/rt/data/unisim_comp.v:37094]
INFO: [Synth 8-256] done synthesizing module 'mig_7series_v4_0_col_mach' (26#1) [d:/exam_ise/pcieddr3/PCIe.srcs/sources_1/bd/PCIe/ip/PCIe_mig_7series_0_0/PCIe_mig_7series_0_0/user_design/rtl/controller/mig_7series_v4_0_col_mach.v:88]
INFO: [Synth 8-256] done synthesizing module 'mig_7series_v4_0_mc' (27#1) [d:/exam_ise/pcieddr3/PCIe.srcs/sources_1/bd/PCIe/ip/PCIe_mig_7series_0_0/PCIe_mig_7series_0_0/user_design/rtl/controller/mig_7series_v4_0_mc.v:73]
INFO: [Synth 8-638] synthesizing module 'mig_7series_v4_0_ddr_phy_top' [d:/exam_ise/pcieddr3/PCIe.srcs/sources_1/bd/PCIe/ip/PCIe_mig_7series_0_0/PCIe_mig_7series_0_0/user_design/rtl/phy/mig_7series_v4_0_ddr_phy_top.v:70]
INFO: [Synth 8-638] synthesizing module 'mig_7series_v4_0_ddr_mc_phy_wrapper' [d:/exam_ise/pcieddr3/PCIe.srcs/sources_1/bd/PCIe/ip/PCIe_mig_7series_0_0/PCIe_mig_7series_0_0/user_design/rtl/phy/mig_7series_v4_0_ddr_mc_phy_wrapper.v:71]
INFO: [Synth 8-638] synthesizing module 'OBUF' [C:/Xilinx/Vivado/2017.2/scripts/rt/data/unisim_comp.v:22272]
INFO: [Synth 8-256] done synthesizing module 'OBUF' (28#1) [C:/Xilinx/Vivado/2017.2/scripts/rt/data/unisim_comp.v:22272]
INFO: [Synth 8-638] synthesizing module 'OBUFT' [C:/Xilinx/Vivado/2017.2/scripts/rt/data/unisim_comp.v:22488]
INFO: [Synth 8-256] done synthesizing module 'OBUFT' (29#1) [C:/Xilinx/Vivado/2017.2/scripts/rt/data/unisim_comp.v:22488]
INFO: [Synth 8-638] synthesizing module 'IOBUF_INTERMDISABLE' [C:/Xilinx/Vivado/2017.2/scripts/rt/data/unisim_comp.v:18271]
INFO: [Synth 8-256] done synthesizing module 'IOBUF_INTERMDISABLE' (30#1) [C:/Xilinx/Vivado/2017.2/scripts/rt/data/unisim_comp.v:18271]
INFO: [Synth 8-638] synthesizing module 'IOBUFDS_DIFF_OUT_INTERMDISABLE' [C:/Xilinx/Vivado/2017.2/scripts/rt/data/unisim_comp.v:17818]
INFO: [Synth 8-256] done synthesizing module 'IOBUFDS_DIFF_OUT_INTERMDISABLE' (31#1) [C:/Xilinx/Vivado/2017.2/scripts/rt/data/unisim_comp.v:17818]
INFO: [Synth 8-638] synthesizing module 'mig_7series_v4_0_poc_pd' [d:/exam_ise/pcieddr3/PCIe.srcs/sources_1/bd/PCIe/ip/PCIe_mig_7series_0_0/PCIe_mig_7series_0_0/user_design/rtl/phy/mig_7series_v4_0_poc_pd.v:70]
INFO: [Synth 8-638] synthesizing module 'IDDR' [C:/Xilinx/Vivado/2017.2/scripts/rt/data/unisim_comp.v:16384]
INFO: [Synth 8-256] done synthesizing module 'IDDR' (32#1) [C:/Xilinx/Vivado/2017.2/scripts/rt/data/unisim_comp.v:16384]
INFO: [Synth 8-256] done synthesizing module 'mig_7series_v4_0_poc_pd' (33#1) [d:/exam_ise/pcieddr3/PCIe.srcs/sources_1/bd/PCIe/ip/PCIe_mig_7series_0_0/PCIe_mig_7series_0_0/user_design/rtl/phy/mig_7series_v4_0_poc_pd.v:70]
INFO: [Synth 8-638] synthesizing module 'mig_7series_v4_0_ddr_of_pre_fifo' [d:/exam_ise/pcieddr3/PCIe.srcs/sources_1/bd/PCIe/ip/PCIe_mig_7series_0_0/PCIe_mig_7series_0_0/user_design/rtl/phy/mig_7series_v4_0_ddr_of_pre_fifo.v:76]
INFO: [Synth 8-256] done synthesizing module 'mig_7series_v4_0_ddr_of_pre_fifo' (34#1) [d:/exam_ise/pcieddr3/PCIe.srcs/sources_1/bd/PCIe/ip/PCIe_mig_7series_0_0/PCIe_mig_7series_0_0/user_design/rtl/phy/mig_7series_v4_0_ddr_of_pre_fifo.v:76]
INFO: [Synth 8-638] synthesizing module 'mig_7series_v4_0_ddr_of_pre_fifo__parameterized0' [d:/exam_ise/pcieddr3/PCIe.srcs/sources_1/bd/PCIe/ip/PCIe_mig_7series_0_0/PCIe_mig_7series_0_0/user_design/rtl/phy/mig_7series_v4_0_ddr_of_pre_fifo.v:76]
INFO: [Synth 8-256] done synthesizing module 'mig_7series_v4_0_ddr_of_pre_fifo__parameterized0' (34#1) [d:/exam_ise/pcieddr3/PCIe.srcs/sources_1/bd/PCIe/ip/PCIe_mig_7series_0_0/PCIe_mig_7series_0_0/user_design/rtl/phy/mig_7series_v4_0_ddr_of_pre_fifo.v:76]
INFO: [Synth 8-638] synthesizing module 'mig_7series_v4_0_ddr_mc_phy' [d:/exam_ise/pcieddr3/PCIe.srcs/sources_1/bd/PCIe/ip/PCIe_mig_7series_0_0/PCIe_mig_7series_0_0/user_design/rtl/phy/mig_7series_v4_0_ddr_mc_phy.v:70]
INFO: [Synth 8-638] synthesizing module 'mig_7series_v4_0_ddr_phy_4lanes' [d:/exam_ise/pcieddr3/PCIe.srcs/sources_1/bd/PCIe/ip/PCIe_mig_7series_0_0/PCIe_mig_7series_0_0/user_design/rtl/phy/mig_7series_v4_0_ddr_phy_4lanes.v:72]
INFO: [Synth 8-638] synthesizing module 'mig_7series_v4_0_ddr_byte_lane' [d:/exam_ise/pcieddr3/PCIe.srcs/sources_1/bd/PCIe/ip/PCIe_mig_7series_0_0/PCIe_mig_7series_0_0/user_design/rtl/phy/mig_7series_v4_0_ddr_byte_lane.v:70]
INFO: [Synth 8-638] synthesizing module 'mig_7series_v4_0_ddr_if_post_fifo' [d:/exam_ise/pcieddr3/PCIe.srcs/sources_1/bd/PCIe/ip/PCIe_mig_7series_0_0/PCIe_mig_7series_0_0/user_design/rtl/phy/mig_7series_v4_0_ddr_if_post_fifo.v:68]
INFO: [Synth 8-256] done synthesizing module 'mig_7series_v4_0_ddr_if_post_fifo' (35#1) [d:/exam_ise/pcieddr3/PCIe.srcs/sources_1/bd/PCIe/ip/PCIe_mig_7series_0_0/PCIe_mig_7series_0_0/user_design/rtl/phy/mig_7series_v4_0_ddr_if_post_fifo.v:68]
INFO: [Synth 8-638] synthesizing module 'mig_7series_v4_0_ddr_of_pre_fifo__parameterized1' [d:/exam_ise/pcieddr3/PCIe.srcs/sources_1/bd/PCIe/ip/PCIe_mig_7series_0_0/PCIe_mig_7series_0_0/user_design/rtl/phy/mig_7series_v4_0_ddr_of_pre_fifo.v:76]
INFO: [Synth 8-256] done synthesizing module 'mig_7series_v4_0_ddr_of_pre_fifo__parameterized1' (35#1) [d:/exam_ise/pcieddr3/PCIe.srcs/sources_1/bd/PCIe/ip/PCIe_mig_7series_0_0/PCIe_mig_7series_0_0/user_design/rtl/phy/mig_7series_v4_0_ddr_of_pre_fifo.v:76]
INFO: [Synth 8-638] synthesizing module 'PHASER_IN_PHY' [C:/Xilinx/Vivado/2017.2/scripts/rt/data/unisim_comp.v:32705]
INFO: [Synth 8-256] done synthesizing module 'PHASER_IN_PHY' (36#1) [C:/Xilinx/Vivado/2017.2/scripts/rt/data/unisim_comp.v:32705]
INFO: [Synth 8-638] synthesizing module 'IN_FIFO' [C:/Xilinx/Vivado/2017.2/scripts/rt/data/unisim_comp.v:17589]
INFO: [Synth 8-256] done synthesizing module 'IN_FIFO' (37#1) [C:/Xilinx/Vivado/2017.2/scripts/rt/data/unisim_comp.v:17589]
INFO: [Synth 8-638] synthesizing module 'PHASER_OUT_PHY' [C:/Xilinx/Vivado/2017.2/scripts/rt/data/unisim_comp.v:32842]
INFO: [Synth 8-256] done synthesizing module 'PHASER_OUT_PHY' (38#1) [C:/Xilinx/Vivado/2017.2/scripts/rt/data/unisim_comp.v:32842]
INFO: [Synth 8-638] synthesizing module 'OUT_FIFO' [C:/Xilinx/Vivado/2017.2/scripts/rt/data/unisim_comp.v:26338]
INFO: [Synth 8-256] done synthesizing module 'OUT_FIFO' (39#1) [C:/Xilinx/Vivado/2017.2/scripts/rt/data/unisim_comp.v:26338]
INFO: [Synth 8-638] synthesizing module 'mig_7series_v4_0_ddr_byte_group_io' [d:/exam_ise/pcieddr3/PCIe.srcs/sources_1/bd/PCIe/ip/PCIe_mig_7series_0_0/PCIe_mig_7series_0_0/user_design/rtl/phy/mig_7series_v4_0_ddr_byte_group_io.v:69]
INFO: [Synth 8-638] synthesizing module 'IDELAYE2' [C:/Xilinx/Vivado/2017.2/scripts/rt/data/unisim_comp.v:16519]
INFO: [Synth 8-256] done synthesizing module 'IDELAYE2' (40#1) [C:/Xilinx/Vivado/2017.2/scripts/rt/data/unisim_comp.v:16519]
INFO: [Synth 8-638] synthesizing module 'ISERDESE2' [C:/Xilinx/Vivado/2017.2/scripts/rt/data/unisim_comp.v:20009]
INFO: [Synth 8-256] done synthesizing module 'ISERDESE2' (41#1) [C:/Xilinx/Vivado/2017.2/scripts/rt/data/unisim_comp.v:20009]
INFO: [Synth 8-638] synthesizing module 'OSERDESE2' [C:/Xilinx/Vivado/2017.2/scripts/rt/data/unisim_comp.v:26223]
INFO: [Synth 8-256] done synthesizing module 'OSERDESE2' (42#1) [C:/Xilinx/Vivado/2017.2/scripts/rt/data/unisim_comp.v:26223]
INFO: [Synth 8-638] synthesizing module 'OSERDESE2__parameterized0' [C:/Xilinx/Vivado/2017.2/scripts/rt/data/unisim_comp.v:26223]
INFO: [Synth 8-256] done synthesizing module 'OSERDESE2__parameterized0' (42#1) [C:/Xilinx/Vivado/2017.2/scripts/rt/data/unisim_comp.v:26223]
INFO: [Synth 8-638] synthesizing module 'ODDR' [C:/Xilinx/Vivado/2017.2/scripts/rt/data/unisim_comp.v:25650]
INFO: [Synth 8-256] done synthesizing module 'ODDR' (43#1) [C:/Xilinx/Vivado/2017.2/scripts/rt/data/unisim_comp.v:25650]
INFO: [Synth 8-256] done synthesizing module 'mig_7series_v4_0_ddr_byte_group_io' (44#1) [d:/exam_ise/pcieddr3/PCIe.srcs/sources_1/bd/PCIe/ip/PCIe_mig_7series_0_0/PCIe_mig_7series_0_0/user_design/rtl/phy/mig_7series_v4_0_ddr_byte_group_io.v:69]
INFO: [Synth 8-256] done synthesizing module 'mig_7series_v4_0_ddr_byte_lane' (45#1) [d:/exam_ise/pcieddr3/PCIe.srcs/sources_1/bd/PCIe/ip/PCIe_mig_7series_0_0/PCIe_mig_7series_0_0/user_design/rtl/phy/mig_7series_v4_0_ddr_byte_lane.v:70]
INFO: [Synth 8-638] synthesizing module 'mig_7series_v4_0_ddr_byte_lane__parameterized0' [d:/exam_ise/pcieddr3/PCIe.srcs/sources_1/bd/PCIe/ip/PCIe_mig_7series_0_0/PCIe_mig_7series_0_0/user_design/rtl/phy/mig_7series_v4_0_ddr_byte_lane.v:70]
INFO: [Synth 8-638] synthesizing module 'mig_7series_v4_0_ddr_byte_group_io__parameterized0' [d:/exam_ise/pcieddr3/PCIe.srcs/sources_1/bd/PCIe/ip/PCIe_mig_7series_0_0/PCIe_mig_7series_0_0/user_design/rtl/phy/mig_7series_v4_0_ddr_byte_group_io.v:69]
INFO: [Synth 8-256] done synthesizing module 'mig_7series_v4_0_ddr_byte_group_io__parameterized0' (45#1) [d:/exam_ise/pcieddr3/PCIe.srcs/sources_1/bd/PCIe/ip/PCIe_mig_7series_0_0/PCIe_mig_7series_0_0/user_design/rtl/phy/mig_7series_v4_0_ddr_byte_group_io.v:69]
INFO: [Synth 8-256] done synthesizing module 'mig_7series_v4_0_ddr_byte_lane__parameterized0' (45#1) [d:/exam_ise/pcieddr3/PCIe.srcs/sources_1/bd/PCIe/ip/PCIe_mig_7series_0_0/PCIe_mig_7series_0_0/user_design/rtl/phy/mig_7series_v4_0_ddr_byte_lane.v:70]
INFO: [Synth 8-638] synthesizing module 'mig_7series_v4_0_ddr_byte_lane__parameterized1' [d:/exam_ise/pcieddr3/PCIe.srcs/sources_1/bd/PCIe/ip/PCIe_mig_7series_0_0/PCIe_mig_7series_0_0/user_design/rtl/phy/mig_7series_v4_0_ddr_byte_lane.v:70]
INFO: [Synth 8-638] synthesizing module 'mig_7series_v4_0_ddr_byte_group_io__parameterized1' [d:/exam_ise/pcieddr3/PCIe.srcs/sources_1/bd/PCIe/ip/PCIe_mig_7series_0_0/PCIe_mig_7series_0_0/user_design/rtl/phy/mig_7series_v4_0_ddr_byte_group_io.v:69]
INFO: [Synth 8-256] done synthesizing module 'mig_7series_v4_0_ddr_byte_group_io__parameterized1' (45#1) [d:/exam_ise/pcieddr3/PCIe.srcs/sources_1/bd/PCIe/ip/PCIe_mig_7series_0_0/PCIe_mig_7series_0_0/user_design/rtl/phy/mig_7series_v4_0_ddr_byte_group_io.v:69]
INFO: [Synth 8-256] done synthesizing module 'mig_7series_v4_0_ddr_byte_lane__parameterized1' (45#1) [d:/exam_ise/pcieddr3/PCIe.srcs/sources_1/bd/PCIe/ip/PCIe_mig_7series_0_0/PCIe_mig_7series_0_0/user_design/rtl/phy/mig_7series_v4_0_ddr_byte_lane.v:70]
INFO: [Synth 8-638] synthesizing module 'mig_7series_v4_0_ddr_byte_lane__parameterized2' [d:/exam_ise/pcieddr3/PCIe.srcs/sources_1/bd/PCIe/ip/PCIe_mig_7series_0_0/PCIe_mig_7series_0_0/user_design/rtl/phy/mig_7series_v4_0_ddr_byte_lane.v:70]
INFO: [Synth 8-638] synthesizing module 'mig_7series_v4_0_ddr_byte_group_io__parameterized2' [d:/exam_ise/pcieddr3/PCIe.srcs/sources_1/bd/PCIe/ip/PCIe_mig_7series_0_0/PCIe_mig_7series_0_0/user_design/rtl/phy/mig_7series_v4_0_ddr_byte_group_io.v:69]
INFO: [Synth 8-256] done synthesizing module 'mig_7series_v4_0_ddr_byte_group_io__parameterized2' (45#1) [d:/exam_ise/pcieddr3/PCIe.srcs/sources_1/bd/PCIe/ip/PCIe_mig_7series_0_0/PCIe_mig_7series_0_0/user_design/rtl/phy/mig_7series_v4_0_ddr_byte_group_io.v:69]
INFO: [Synth 8-256] done synthesizing module 'mig_7series_v4_0_ddr_byte_lane__parameterized2' (45#1) [d:/exam_ise/pcieddr3/PCIe.srcs/sources_1/bd/PCIe/ip/PCIe_mig_7series_0_0/PCIe_mig_7series_0_0/user_design/rtl/phy/mig_7series_v4_0_ddr_byte_lane.v:70]
INFO: [Synth 8-638] synthesizing module 'BUFIO' [C:/Xilinx/Vivado/2017.2/scripts/rt/data/unisim_comp.v:831]
INFO: [Synth 8-256] done synthesizing module 'BUFIO' (46#1) [C:/Xilinx/Vivado/2017.2/scripts/rt/data/unisim_comp.v:831]
INFO: [Synth 8-638] synthesizing module 'PHY_CONTROL' [C:/Xilinx/Vivado/2017.2/scripts/rt/data/unisim_comp.v:32933]
INFO: [Synth 8-256] done synthesizing module 'PHY_CONTROL' (47#1) [C:/Xilinx/Vivado/2017.2/scripts/rt/data/unisim_comp.v:32933]
INFO: [Synth 8-638] synthesizing module 'PHASER_REF' [C:/Xilinx/Vivado/2017.2/scripts/rt/data/unisim_comp.v:32917]
INFO: [Synth 8-256] done synthesizing module 'PHASER_REF' (48#1) [C:/Xilinx/Vivado/2017.2/scripts/rt/data/unisim_comp.v:32917]
INFO: [Synth 8-256] done synthesizing module 'mig_7series_v4_0_ddr_phy_4lanes' (49#1) [d:/exam_ise/pcieddr3/PCIe.srcs/sources_1/bd/PCIe/ip/PCIe_mig_7series_0_0/PCIe_mig_7series_0_0/user_design/rtl/phy/mig_7series_v4_0_ddr_phy_4lanes.v:72]
INFO: [Synth 8-638] synthesizing module 'mig_7series_v4_0_ddr_phy_4lanes__parameterized0' [d:/exam_ise/pcieddr3/PCIe.srcs/sources_1/bd/PCIe/ip/PCIe_mig_7series_0_0/PCIe_mig_7series_0_0/user_design/rtl/phy/mig_7series_v4_0_ddr_phy_4lanes.v:72]
INFO: [Synth 8-638] synthesizing module 'mig_7series_v4_0_ddr_byte_lane__parameterized3' [d:/exam_ise/pcieddr3/PCIe.srcs/sources_1/bd/PCIe/ip/PCIe_mig_7series_0_0/PCIe_mig_7series_0_0/user_design/rtl/phy/mig_7series_v4_0_ddr_byte_lane.v:70]
INFO: [Synth 8-638] synthesizing module 'PHASER_OUT_PHY__parameterized0' [C:/Xilinx/Vivado/2017.2/scripts/rt/data/unisim_comp.v:32842]
INFO: [Synth 8-256] done synthesizing module 'PHASER_OUT_PHY__parameterized0' (49#1) [C:/Xilinx/Vivado/2017.2/scripts/rt/data/unisim_comp.v:32842]
INFO: [Synth 8-638] synthesizing module 'OUT_FIFO__parameterized0' [C:/Xilinx/Vivado/2017.2/scripts/rt/data/unisim_comp.v:26338]
INFO: [Synth 8-256] done synthesizing module 'OUT_FIFO__parameterized0' (49#1) [C:/Xilinx/Vivado/2017.2/scripts/rt/data/unisim_comp.v:26338]
INFO: [Synth 8-638] synthesizing module 'mig_7series_v4_0_ddr_byte_group_io__parameterized3' [d:/exam_ise/pcieddr3/PCIe.srcs/sources_1/bd/PCIe/ip/PCIe_mig_7series_0_0/PCIe_mig_7series_0_0/user_design/rtl/phy/mig_7series_v4_0_ddr_byte_group_io.v:69]
INFO: [Synth 8-638] synthesizing module 'OSERDESE2__parameterized1' [C:/Xilinx/Vivado/2017.2/scripts/rt/data/unisim_comp.v:26223]
INFO: [Synth 8-256] done synthesizing module 'OSERDESE2__parameterized1' (49#1) [C:/Xilinx/Vivado/2017.2/scripts/rt/data/unisim_comp.v:26223]
INFO: [Synth 8-256] done synthesizing module 'mig_7series_v4_0_ddr_byte_group_io__parameterized3' (49#1) [d:/exam_ise/pcieddr3/PCIe.srcs/sources_1/bd/PCIe/ip/PCIe_mig_7series_0_0/PCIe_mig_7series_0_0/user_design/rtl/phy/mig_7series_v4_0_ddr_byte_group_io.v:69]
INFO: [Synth 8-256] done synthesizing module 'mig_7series_v4_0_ddr_byte_lane__parameterized3' (49#1) [d:/exam_ise/pcieddr3/PCIe.srcs/sources_1/bd/PCIe/ip/PCIe_mig_7series_0_0/PCIe_mig_7series_0_0/user_design/rtl/phy/mig_7series_v4_0_ddr_byte_lane.v:70]
INFO: [Synth 8-638] synthesizing module 'mig_7series_v4_0_ddr_byte_lane__parameterized4' [d:/exam_ise/pcieddr3/PCIe.srcs/sources_1/bd/PCIe/ip/PCIe_mig_7series_0_0/PCIe_mig_7series_0_0/user_design/rtl/phy/mig_7series_v4_0_ddr_byte_lane.v:70]
INFO: [Synth 8-638] synthesizing module 'mig_7series_v4_0_ddr_byte_group_io__parameterized4' [d:/exam_ise/pcieddr3/PCIe.srcs/sources_1/bd/PCIe/ip/PCIe_mig_7series_0_0/PCIe_mig_7series_0_0/user_design/rtl/phy/mig_7series_v4_0_ddr_byte_group_io.v:69]
INFO: [Synth 8-256] done synthesizing module 'mig_7series_v4_0_ddr_byte_group_io__parameterized4' (49#1) [d:/exam_ise/pcieddr3/PCIe.srcs/sources_1/bd/PCIe/ip/PCIe_mig_7series_0_0/PCIe_mig_7series_0_0/user_design/rtl/phy/mig_7series_v4_0_ddr_byte_group_io.v:69]
INFO: [Synth 8-256] done synthesizing module 'mig_7series_v4_0_ddr_byte_lane__parameterized4' (49#1) [d:/exam_ise/pcieddr3/PCIe.srcs/sources_1/bd/PCIe/ip/PCIe_mig_7series_0_0/PCIe_mig_7series_0_0/user_design/rtl/phy/mig_7series_v4_0_ddr_byte_lane.v:70]
INFO: [Synth 8-638] synthesizing module 'mig_7series_v4_0_ddr_byte_lane__parameterized5' [d:/exam_ise/pcieddr3/PCIe.srcs/sources_1/bd/PCIe/ip/PCIe_mig_7series_0_0/PCIe_mig_7series_0_0/user_design/rtl/phy/mig_7series_v4_0_ddr_byte_lane.v:70]
INFO: [Synth 8-638] synthesizing module 'OBUFDS' [C:/Xilinx/Vivado/2017.2/scripts/rt/data/unisim_comp.v:22286]
INFO: [Synth 8-256] done synthesizing module 'OBUFDS' (50#1) [C:/Xilinx/Vivado/2017.2/scripts/rt/data/unisim_comp.v:22286]
INFO: [Synth 8-638] synthesizing module 'mig_7series_v4_0_ddr_byte_group_io__parameterized5' [d:/exam_ise/pcieddr3/PCIe.srcs/sources_1/bd/PCIe/ip/PCIe_mig_7series_0_0/PCIe_mig_7series_0_0/user_design/rtl/phy/mig_7series_v4_0_ddr_byte_group_io.v:69]
INFO: [Synth 8-256] done synthesizing module 'mig_7series_v4_0_ddr_byte_group_io__parameterized5' (50#1) [d:/exam_ise/pcieddr3/PCIe.srcs/sources_1/bd/PCIe/ip/PCIe_mig_7series_0_0/PCIe_mig_7series_0_0/user_design/rtl/phy/mig_7series_v4_0_ddr_byte_group_io.v:69]
INFO: [Synth 8-256] done synthesizing module 'mig_7series_v4_0_ddr_byte_lane__parameterized5' (50#1) [d:/exam_ise/pcieddr3/PCIe.srcs/sources_1/bd/PCIe/ip/PCIe_mig_7series_0_0/PCIe_mig_7series_0_0/user_design/rtl/phy/mig_7series_v4_0_ddr_byte_lane.v:70]
INFO: [Synth 8-638] synthesizing module 'PHY_CONTROL__parameterized0' [C:/Xilinx/Vivado/2017.2/scripts/rt/data/unisim_comp.v:32933]
INFO: [Synth 8-256] done synthesizing module 'PHY_CONTROL__parameterized0' (50#1) [C:/Xilinx/Vivado/2017.2/scripts/rt/data/unisim_comp.v:32933]
INFO: [Synth 8-256] done synthesizing module 'mig_7series_v4_0_ddr_phy_4lanes__parameterized0' (50#1) [d:/exam_ise/pcieddr3/PCIe.srcs/sources_1/bd/PCIe/ip/PCIe_mig_7series_0_0/PCIe_mig_7series_0_0/user_design/rtl/phy/mig_7series_v4_0_ddr_phy_4lanes.v:72]
INFO: [Synth 8-256] done synthesizing module 'mig_7series_v4_0_ddr_mc_phy' (51#1) [d:/exam_ise/pcieddr3/PCIe.srcs/sources_1/bd/PCIe/ip/PCIe_mig_7series_0_0/PCIe_mig_7series_0_0/user_design/rtl/phy/mig_7series_v4_0_ddr_mc_phy.v:70]
INFO: [Synth 8-256] done synthesizing module 'mig_7series_v4_0_ddr_mc_phy_wrapper' (52#1) [d:/exam_ise/pcieddr3/PCIe.srcs/sources_1/bd/PCIe/ip/PCIe_mig_7series_0_0/PCIe_mig_7series_0_0/user_design/rtl/phy/mig_7series_v4_0_ddr_mc_phy_wrapper.v:71]
INFO: [Synth 8-638] synthesizing module 'mig_7series_v4_0_ddr_calib_top' [d:/exam_ise/pcieddr3/PCIe.srcs/sources_1/bd/PCIe/ip/PCIe_mig_7series_0_0/PCIe_mig_7series_0_0/user_design/rtl/phy/mig_7series_v4_0_ddr_calib_top.v:82]
INFO: [Synth 8-638] synthesizing module 'mig_7series_v4_0_ddr_phy_wrlvl' [d:/exam_ise/pcieddr3/PCIe.srcs/sources_1/bd/PCIe/ip/PCIe_mig_7series_0_0/PCIe_mig_7series_0_0/user_design/rtl/phy/mig_7series_v4_0_ddr_phy_wrlvl.v:90]
INFO: [Synth 8-256] done synthesizing module 'mig_7series_v4_0_ddr_phy_wrlvl' (53#1) [d:/exam_ise/pcieddr3/PCIe.srcs/sources_1/bd/PCIe/ip/PCIe_mig_7series_0_0/PCIe_mig_7series_0_0/user_design/rtl/phy/mig_7series_v4_0_ddr_phy_wrlvl.v:90]
INFO: [Synth 8-638] synthesizing module 'mig_7series_v4_0_ddr_phy_ck_addr_cmd_delay' [d:/exam_ise/pcieddr3/PCIe.srcs/sources_1/bd/PCIe/ip/PCIe_mig_7series_0_0/PCIe_mig_7series_0_0/user_design/rtl/phy/mig_7series_v4_0_ddr_phy_ck_addr_cmd_delay.v:68]
INFO: [Synth 8-256] done synthesizing module 'mig_7series_v4_0_ddr_phy_ck_addr_cmd_delay' (54#1) [d:/exam_ise/pcieddr3/PCIe.srcs/sources_1/bd/PCIe/ip/PCIe_mig_7series_0_0/PCIe_mig_7series_0_0/user_design/rtl/phy/mig_7series_v4_0_ddr_phy_ck_addr_cmd_delay.v:68]
INFO: [Synth 8-638] synthesizing module 'mig_7series_v4_0_ddr_phy_dqs_found_cal_hr' [d:/exam_ise/pcieddr3/PCIe.srcs/sources_1/bd/PCIe/ip/PCIe_mig_7series_0_0/PCIe_mig_7series_0_0/user_design/rtl/phy/mig_7series_v4_0_ddr_phy_dqs_found_cal_hr.v:79]
INFO: [Synth 8-256] done synthesizing module 'mig_7series_v4_0_ddr_phy_dqs_found_cal_hr' (55#1) [d:/exam_ise/pcieddr3/PCIe.srcs/sources_1/bd/PCIe/ip/PCIe_mig_7series_0_0/PCIe_mig_7series_0_0/user_design/rtl/phy/mig_7series_v4_0_ddr_phy_dqs_found_cal_hr.v:79]
INFO: [Synth 8-638] synthesizing module 'mig_7series_v4_0_ddr_phy_rdlvl' [d:/exam_ise/pcieddr3/PCIe.srcs/sources_1/bd/PCIe/ip/PCIe_mig_7series_0_0/PCIe_mig_7series_0_0/user_design/rtl/phy/mig_7series_v4_0_ddr_phy_rdlvl.v:81]
INFO: [Synth 8-256] done synthesizing module 'mig_7series_v4_0_ddr_phy_rdlvl' (56#1) [d:/exam_ise/pcieddr3/PCIe.srcs/sources_1/bd/PCIe/ip/PCIe_mig_7series_0_0/PCIe_mig_7series_0_0/user_design/rtl/phy/mig_7series_v4_0_ddr_phy_rdlvl.v:81]
INFO: [Synth 8-638] synthesizing module 'mig_7series_v4_0_ddr_phy_prbs_rdlvl' [d:/exam_ise/pcieddr3/PCIe.srcs/sources_1/bd/PCIe/ip/PCIe_mig_7series_0_0/PCIe_mig_7series_0_0/user_design/rtl/phy/mig_7series_v4_0_ddr_phy_prbs_rdlvl.v:79]
INFO: [Synth 8-256] done synthesizing module 'mig_7series_v4_0_ddr_phy_prbs_rdlvl' (57#1) [d:/exam_ise/pcieddr3/PCIe.srcs/sources_1/bd/PCIe/ip/PCIe_mig_7series_0_0/PCIe_mig_7series_0_0/user_design/rtl/phy/mig_7series_v4_0_ddr_phy_prbs_rdlvl.v:79]
INFO: [Synth 8-638] synthesizing module 'mig_7series_v4_0_ddr_prbs_gen' [d:/exam_ise/pcieddr3/PCIe.srcs/sources_1/bd/PCIe/ip/PCIe_mig_7series_0_0/PCIe_mig_7series_0_0/user_design/rtl/phy/mig_7series_v4_0_ddr_prbs_gen.v:92]
INFO: [Synth 8-256] done synthesizing module 'mig_7series_v4_0_ddr_prbs_gen' (58#1) [d:/exam_ise/pcieddr3/PCIe.srcs/sources_1/bd/PCIe/ip/PCIe_mig_7series_0_0/PCIe_mig_7series_0_0/user_design/rtl/phy/mig_7series_v4_0_ddr_prbs_gen.v:92]
INFO: [Synth 8-638] synthesizing module 'mig_7series_v4_0_ddr_phy_init' [d:/exam_ise/pcieddr3/PCIe.srcs/sources_1/bd/PCIe/ip/PCIe_mig_7series_0_0/PCIe_mig_7series_0_0/user_design/rtl/phy/mig_7series_v4_0_ddr_phy_init.v:89]
INFO: [Synth 8-256] done synthesizing module 'mig_7series_v4_0_ddr_phy_init' (59#1) [d:/exam_ise/pcieddr3/PCIe.srcs/sources_1/bd/PCIe/ip/PCIe_mig_7series_0_0/PCIe_mig_7series_0_0/user_design/rtl/phy/mig_7series_v4_0_ddr_phy_init.v:89]
INFO: [Synth 8-638] synthesizing module 'mig_7series_v4_0_ddr_phy_wrcal' [d:/exam_ise/pcieddr3/PCIe.srcs/sources_1/bd/PCIe/ip/PCIe_mig_7series_0_0/PCIe_mig_7series_0_0/user_design/rtl/phy/mig_7series_v4_0_ddr_phy_wrcal.v:77]
INFO: [Synth 8-256] done synthesizing module 'mig_7series_v4_0_ddr_phy_wrcal' (60#1) [d:/exam_ise/pcieddr3/PCIe.srcs/sources_1/bd/PCIe/ip/PCIe_mig_7series_0_0/PCIe_mig_7series_0_0/user_design/rtl/phy/mig_7series_v4_0_ddr_phy_wrcal.v:77]
INFO: [Synth 8-638] synthesizing module 'mig_7series_v4_0_ddr_phy_tempmon' [d:/exam_ise/pcieddr3/PCIe.srcs/sources_1/bd/PCIe/ip/PCIe_mig_7series_0_0/PCIe_mig_7series_0_0/user_design/rtl/phy/mig_7series_v4_0_ddr_phy_tempmon.v:69]
INFO: [Synth 8-256] done synthesizing module 'mig_7series_v4_0_ddr_phy_tempmon' (61#1) [d:/exam_ise/pcieddr3/PCIe.srcs/sources_1/bd/PCIe/ip/PCIe_mig_7series_0_0/PCIe_mig_7series_0_0/user_design/rtl/phy/mig_7series_v4_0_ddr_phy_tempmon.v:69]
INFO: [Synth 8-256] done synthesizing module 'mig_7series_v4_0_ddr_calib_top' (62#1) [d:/exam_ise/pcieddr3/PCIe.srcs/sources_1/bd/PCIe/ip/PCIe_mig_7series_0_0/PCIe_mig_7series_0_0/user_design/rtl/phy/mig_7series_v4_0_ddr_calib_top.v:82]
INFO: [Synth 8-256] done synthesizing module 'mig_7series_v4_0_ddr_phy_top' (63#1) [d:/exam_ise/pcieddr3/PCIe.srcs/sources_1/bd/PCIe/ip/PCIe_mig_7series_0_0/PCIe_mig_7series_0_0/user_design/rtl/phy/mig_7series_v4_0_ddr_phy_top.v:70]
INFO: [Synth 8-256] done synthesizing module 'mig_7series_v4_0_mem_intfc' (64#1) [d:/exam_ise/pcieddr3/PCIe.srcs/sources_1/bd/PCIe/ip/PCIe_mig_7series_0_0/PCIe_mig_7series_0_0/user_design/rtl/ip_top/mig_7series_v4_0_mem_intfc.v:70]
INFO: [Synth 8-638] synthesizing module 'mig_7series_v4_0_ui_top' [d:/exam_ise/pcieddr3/PCIe.srcs/sources_1/bd/PCIe/ip/PCIe_mig_7series_0_0/PCIe_mig_7series_0_0/user_design/rtl/ui/mig_7series_v4_0_ui_top.v:71]
INFO: [Synth 8-638] synthesizing module 'mig_7series_v4_0_ui_cmd' [d:/exam_ise/pcieddr3/PCIe.srcs/sources_1/bd/PCIe/ip/PCIe_mig_7series_0_0/PCIe_mig_7series_0_0/user_design/rtl/ui/mig_7series_v4_0_ui_cmd.v:70]
INFO: [Synth 8-256] done synthesizing module 'mig_7series_v4_0_ui_cmd' (65#1) [d:/exam_ise/pcieddr3/PCIe.srcs/sources_1/bd/PCIe/ip/PCIe_mig_7series_0_0/PCIe_mig_7series_0_0/user_design/rtl/ui/mig_7series_v4_0_ui_cmd.v:70]
INFO: [Synth 8-638] synthesizing module 'mig_7series_v4_0_ui_wr_data' [d:/exam_ise/pcieddr3/PCIe.srcs/sources_1/bd/PCIe/ip/PCIe_mig_7series_0_0/PCIe_mig_7series_0_0/user_design/rtl/ui/mig_7series_v4_0_ui_wr_data.v:131]
INFO: [Synth 8-256] done synthesizing module 'mig_7series_v4_0_ui_wr_data' (66#1) [d:/exam_ise/pcieddr3/PCIe.srcs/sources_1/bd/PCIe/ip/PCIe_mig_7series_0_0/PCIe_mig_7series_0_0/user_design/rtl/ui/mig_7series_v4_0_ui_wr_data.v:131]
INFO: [Synth 8-638] synthesizing module 'mig_7series_v4_0_ui_rd_data' [d:/exam_ise/pcieddr3/PCIe.srcs/sources_1/bd/PCIe/ip/PCIe_mig_7series_0_0/PCIe_mig_7series_0_0/user_design/rtl/ui/mig_7series_v4_0_ui_rd_data.v:140]
INFO: [Synth 8-256] done synthesizing module 'mig_7series_v4_0_ui_rd_data' (67#1) [d:/exam_ise/pcieddr3/PCIe.srcs/sources_1/bd/PCIe/ip/PCIe_mig_7series_0_0/PCIe_mig_7series_0_0/user_design/rtl/ui/mig_7series_v4_0_ui_rd_data.v:140]
INFO: [Synth 8-256] done synthesizing module 'mig_7series_v4_0_ui_top' (68#1) [d:/exam_ise/pcieddr3/PCIe.srcs/sources_1/bd/PCIe/ip/PCIe_mig_7series_0_0/PCIe_mig_7series_0_0/user_design/rtl/ui/mig_7series_v4_0_ui_top.v:71]
INFO: [Synth 8-638] synthesizing module 'mig_7series_v4_0_axi_mc' [d:/exam_ise/pcieddr3/PCIe.srcs/sources_1/bd/PCIe/ip/PCIe_mig_7series_0_0/PCIe_mig_7series_0_0/user_design/rtl/axi/mig_7series_v4_0_axi_mc.v:90]
INFO: [Synth 8-638] synthesizing module 'mig_7series_v4_0_ddr_axi_register_slice' [d:/exam_ise/pcieddr3/PCIe.srcs/sources_1/bd/PCIe/ip/PCIe_mig_7series_0_0/PCIe_mig_7series_0_0/user_design/rtl/axi/mig_7series_v4_0_ddr_axi_register_slice.v:63]
INFO: [Synth 8-638] synthesizing module 'mig_7series_v4_0_ddr_axic_register_slice' [d:/exam_ise/pcieddr3/PCIe.srcs/sources_1/bd/PCIe/ip/PCIe_mig_7series_0_0/PCIe_mig_7series_0_0/user_design/rtl/axi/mig_7series_v4_0_ddr_axic_register_slice.v:61]
INFO: [Synth 8-256] done synthesizing module 'mig_7series_v4_0_ddr_axic_register_slice' (69#1) [d:/exam_ise/pcieddr3/PCIe.srcs/sources_1/bd/PCIe/ip/PCIe_mig_7series_0_0/PCIe_mig_7series_0_0/user_design/rtl/axi/mig_7series_v4_0_ddr_axic_register_slice.v:61]
INFO: [Synth 8-638] synthesizing module 'mig_7series_v4_0_ddr_axic_register_slice__parameterized0' [d:/exam_ise/pcieddr3/PCIe.srcs/sources_1/bd/PCIe/ip/PCIe_mig_7series_0_0/PCIe_mig_7series_0_0/user_design/rtl/axi/mig_7series_v4_0_ddr_axic_register_slice.v:61]
INFO: [Synth 8-256] done synthesizing module 'mig_7series_v4_0_ddr_axic_register_slice__parameterized0' (69#1) [d:/exam_ise/pcieddr3/PCIe.srcs/sources_1/bd/PCIe/ip/PCIe_mig_7series_0_0/PCIe_mig_7series_0_0/user_design/rtl/axi/mig_7series_v4_0_ddr_axic_register_slice.v:61]
INFO: [Synth 8-638] synthesizing module 'mig_7series_v4_0_ddr_axic_register_slice__parameterized1' [d:/exam_ise/pcieddr3/PCIe.srcs/sources_1/bd/PCIe/ip/PCIe_mig_7series_0_0/PCIe_mig_7series_0_0/user_design/rtl/axi/mig_7series_v4_0_ddr_axic_register_slice.v:61]
INFO: [Synth 8-256] done synthesizing module 'mig_7series_v4_0_ddr_axic_register_slice__parameterized1' (69#1) [d:/exam_ise/pcieddr3/PCIe.srcs/sources_1/bd/PCIe/ip/PCIe_mig_7series_0_0/PCIe_mig_7series_0_0/user_design/rtl/axi/mig_7series_v4_0_ddr_axic_register_slice.v:61]
INFO: [Synth 8-638] synthesizing module 'mig_7series_v4_0_ddr_axic_register_slice__parameterized2' [d:/exam_ise/pcieddr3/PCIe.srcs/sources_1/bd/PCIe/ip/PCIe_mig_7series_0_0/PCIe_mig_7series_0_0/user_design/rtl/axi/mig_7series_v4_0_ddr_axic_register_slice.v:61]
INFO: [Synth 8-256] done synthesizing module 'mig_7series_v4_0_ddr_axic_register_slice__parameterized2' (69#1) [d:/exam_ise/pcieddr3/PCIe.srcs/sources_1/bd/PCIe/ip/PCIe_mig_7series_0_0/PCIe_mig_7series_0_0/user_design/rtl/axi/mig_7series_v4_0_ddr_axic_register_slice.v:61]
INFO: [Synth 8-256] done synthesizing module 'mig_7series_v4_0_ddr_axi_register_slice' (70#1) [d:/exam_ise/pcieddr3/PCIe.srcs/sources_1/bd/PCIe/ip/PCIe_mig_7series_0_0/PCIe_mig_7series_0_0/user_design/rtl/axi/mig_7series_v4_0_ddr_axi_register_slice.v:63]
INFO: [Synth 8-638] synthesizing module 'mig_7series_v4_0_axi_mc_aw_channel' [d:/exam_ise/pcieddr3/PCIe.srcs/sources_1/bd/PCIe/ip/PCIe_mig_7series_0_0/PCIe_mig_7series_0_0/user_design/rtl/axi/mig_7series_v4_0_axi_mc_aw_channel.v:57]
INFO: [Synth 8-638] synthesizing module 'mig_7series_v4_0_axi_mc_cmd_translator' [d:/exam_ise/pcieddr3/PCIe.srcs/sources_1/bd/PCIe/ip/PCIe_mig_7series_0_0/PCIe_mig_7series_0_0/user_design/rtl/axi/mig_7series_v4_0_axi_mc_cmd_translator.v:62]
INFO: [Synth 8-638] synthesizing module 'mig_7series_v4_0_axi_mc_incr_cmd' [d:/exam_ise/pcieddr3/PCIe.srcs/sources_1/bd/PCIe/ip/PCIe_mig_7series_0_0/PCIe_mig_7series_0_0/user_design/rtl/axi/mig_7series_v4_0_axi_mc_incr_cmd.v:64]
INFO: [Synth 8-256] done synthesizing module 'mig_7series_v4_0_axi_mc_incr_cmd' (71#1) [d:/exam_ise/pcieddr3/PCIe.srcs/sources_1/bd/PCIe/ip/PCIe_mig_7series_0_0/PCIe_mig_7series_0_0/user_design/rtl/axi/mig_7series_v4_0_axi_mc_incr_cmd.v:64]
INFO: [Synth 8-638] synthesizing module 'mig_7series_v4_0_axi_mc_wrap_cmd' [d:/exam_ise/pcieddr3/PCIe.srcs/sources_1/bd/PCIe/ip/PCIe_mig_7series_0_0/PCIe_mig_7series_0_0/user_design/rtl/axi/mig_7series_v4_0_axi_mc_wrap_cmd.v:97]
INFO: [Synth 8-256] done synthesizing module 'mig_7series_v4_0_axi_mc_wrap_cmd' (72#1) [d:/exam_ise/pcieddr3/PCIe.srcs/sources_1/bd/PCIe/ip/PCIe_mig_7series_0_0/PCIe_mig_7series_0_0/user_design/rtl/axi/mig_7series_v4_0_axi_mc_wrap_cmd.v:97]
INFO: [Synth 8-256] done synthesizing module 'mig_7series_v4_0_axi_mc_cmd_translator' (73#1) [d:/exam_ise/pcieddr3/PCIe.srcs/sources_1/bd/PCIe/ip/PCIe_mig_7series_0_0/PCIe_mig_7series_0_0/user_design/rtl/axi/mig_7series_v4_0_axi_mc_cmd_translator.v:62]
INFO: [Synth 8-638] synthesizing module 'mig_7series_v4_0_axi_mc_wr_cmd_fsm' [d:/exam_ise/pcieddr3/PCIe.srcs/sources_1/bd/PCIe/ip/PCIe_mig_7series_0_0/PCIe_mig_7series_0_0/user_design/rtl/axi/mig_7series_v4_0_axi_mc_wr_cmd_fsm.v:76]
INFO: [Synth 8-256] done synthesizing module 'mig_7series_v4_0_axi_mc_wr_cmd_fsm' (74#1) [d:/exam_ise/pcieddr3/PCIe.srcs/sources_1/bd/PCIe/ip/PCIe_mig_7series_0_0/PCIe_mig_7series_0_0/user_design/rtl/axi/mig_7series_v4_0_axi_mc_wr_cmd_fsm.v:76]
INFO: [Synth 8-256] done synthesizing module 'mig_7series_v4_0_axi_mc_aw_channel' (75#1) [d:/exam_ise/pcieddr3/PCIe.srcs/sources_1/bd/PCIe/ip/PCIe_mig_7series_0_0/PCIe_mig_7series_0_0/user_design/rtl/axi/mig_7series_v4_0_axi_mc_aw_channel.v:57]
INFO: [Synth 8-638] synthesizing module 'mig_7series_v4_0_axi_mc_w_channel' [d:/exam_ise/pcieddr3/PCIe.srcs/sources_1/bd/PCIe/ip/PCIe_mig_7series_0_0/PCIe_mig_7series_0_0/user_design/rtl/axi/mig_7series_v4_0_axi_mc_w_channel.v:64]
INFO: [Synth 8-256] done synthesizing module 'mig_7series_v4_0_axi_mc_w_channel' (76#1) [d:/exam_ise/pcieddr3/PCIe.srcs/sources_1/bd/PCIe/ip/PCIe_mig_7series_0_0/PCIe_mig_7series_0_0/user_design/rtl/axi/mig_7series_v4_0_axi_mc_w_channel.v:64]
INFO: [Synth 8-638] synthesizing module 'mig_7series_v4_0_axi_mc_b_channel' [d:/exam_ise/pcieddr3/PCIe.srcs/sources_1/bd/PCIe/ip/PCIe_mig_7series_0_0/PCIe_mig_7series_0_0/user_design/rtl/axi/mig_7series_v4_0_axi_mc_b_channel.v:83]
INFO: [Synth 8-638] synthesizing module 'mig_7series_v4_0_axi_mc_fifo' [d:/exam_ise/pcieddr3/PCIe.srcs/sources_1/bd/PCIe/ip/PCIe_mig_7series_0_0/PCIe_mig_7series_0_0/user_design/rtl/axi/mig_7series_v4_0_axi_mc_fifo.v:70]
INFO: [Synth 8-256] done synthesizing module 'mig_7series_v4_0_axi_mc_fifo' (77#1) [d:/exam_ise/pcieddr3/PCIe.srcs/sources_1/bd/PCIe/ip/PCIe_mig_7series_0_0/PCIe_mig_7series_0_0/user_design/rtl/axi/mig_7series_v4_0_axi_mc_fifo.v:70]
INFO: [Synth 8-256] done synthesizing module 'mig_7series_v4_0_axi_mc_b_channel' (78#1) [d:/exam_ise/pcieddr3/PCIe.srcs/sources_1/bd/PCIe/ip/PCIe_mig_7series_0_0/PCIe_mig_7series_0_0/user_design/rtl/axi/mig_7series_v4_0_axi_mc_b_channel.v:83]
INFO: [Synth 8-638] synthesizing module 'mig_7series_v4_0_axi_mc_ar_channel' [d:/exam_ise/pcieddr3/PCIe.srcs/sources_1/bd/PCIe/ip/PCIe_mig_7series_0_0/PCIe_mig_7series_0_0/user_design/rtl/axi/mig_7series_v4_0_axi_mc_ar_channel.v:57]
INFO: [Synth 8-638] synthesizing module 'mig_7series_v4_0_axi_mc_cmd_translator__parameterized0' [d:/exam_ise/pcieddr3/PCIe.srcs/sources_1/bd/PCIe/ip/PCIe_mig_7series_0_0/PCIe_mig_7series_0_0/user_design/rtl/axi/mig_7series_v4_0_axi_mc_cmd_translator.v:62]
INFO: [Synth 8-638] synthesizing module 'mig_7series_v4_0_axi_mc_incr_cmd__parameterized0' [d:/exam_ise/pcieddr3/PCIe.srcs/sources_1/bd/PCIe/ip/PCIe_mig_7series_0_0/PCIe_mig_7series_0_0/user_design/rtl/axi/mig_7series_v4_0_axi_mc_incr_cmd.v:64]
INFO: [Synth 8-256] done synthesizing module 'mig_7series_v4_0_axi_mc_incr_cmd__parameterized0' (78#1) [d:/exam_ise/pcieddr3/PCIe.srcs/sources_1/bd/PCIe/ip/PCIe_mig_7series_0_0/PCIe_mig_7series_0_0/user_design/rtl/axi/mig_7series_v4_0_axi_mc_incr_cmd.v:64]
INFO: [Synth 8-638] synthesizing module 'mig_7series_v4_0_axi_mc_wrap_cmd__parameterized0' [d:/exam_ise/pcieddr3/PCIe.srcs/sources_1/bd/PCIe/ip/PCIe_mig_7series_0_0/PCIe_mig_7series_0_0/user_design/rtl/axi/mig_7series_v4_0_axi_mc_wrap_cmd.v:97]
INFO: [Synth 8-256] done synthesizing module 'mig_7series_v4_0_axi_mc_wrap_cmd__parameterized0' (78#1) [d:/exam_ise/pcieddr3/PCIe.srcs/sources_1/bd/PCIe/ip/PCIe_mig_7series_0_0/PCIe_mig_7series_0_0/user_design/rtl/axi/mig_7series_v4_0_axi_mc_wrap_cmd.v:97]
INFO: [Synth 8-256] done synthesizing module 'mig_7series_v4_0_axi_mc_cmd_translator__parameterized0' (78#1) [d:/exam_ise/pcieddr3/PCIe.srcs/sources_1/bd/PCIe/ip/PCIe_mig_7series_0_0/PCIe_mig_7series_0_0/user_design/rtl/axi/mig_7series_v4_0_axi_mc_cmd_translator.v:62]
INFO: [Synth 8-638] synthesizing module 'mig_7series_v4_0_axi_mc_cmd_fsm' [d:/exam_ise/pcieddr3/PCIe.srcs/sources_1/bd/PCIe/ip/PCIe_mig_7series_0_0/PCIe_mig_7series_0_0/user_design/rtl/axi/mig_7series_v4_0_axi_mc_cmd_fsm.v:72]
INFO: [Synth 8-256] done synthesizing module 'mig_7series_v4_0_axi_mc_cmd_fsm' (79#1) [d:/exam_ise/pcieddr3/PCIe.srcs/sources_1/bd/PCIe/ip/PCIe_mig_7series_0_0/PCIe_mig_7series_0_0/user_design/rtl/axi/mig_7series_v4_0_axi_mc_cmd_fsm.v:72]
INFO: [Synth 8-256] done synthesizing module 'mig_7series_v4_0_axi_mc_ar_channel' (80#1) [d:/exam_ise/pcieddr3/PCIe.srcs/sources_1/bd/PCIe/ip/PCIe_mig_7series_0_0/PCIe_mig_7series_0_0/user_design/rtl/axi/mig_7series_v4_0_axi_mc_ar_channel.v:57]
INFO: [Synth 8-638] synthesizing module 'mig_7series_v4_0_axi_mc_r_channel' [d:/exam_ise/pcieddr3/PCIe.srcs/sources_1/bd/PCIe/ip/PCIe_mig_7series_0_0/PCIe_mig_7series_0_0/user_design/rtl/axi/mig_7series_v4_0_axi_mc_r_channel.v:67]
INFO: [Synth 8-638] synthesizing module 'mig_7series_v4_0_axi_mc_fifo__parameterized0' [d:/exam_ise/pcieddr3/PCIe.srcs/sources_1/bd/PCIe/ip/PCIe_mig_7series_0_0/PCIe_mig_7series_0_0/user_design/rtl/axi/mig_7series_v4_0_axi_mc_fifo.v:70]
INFO: [Synth 8-256] done synthesizing module 'mig_7series_v4_0_axi_mc_fifo__parameterized0' (80#1) [d:/exam_ise/pcieddr3/PCIe.srcs/sources_1/bd/PCIe/ip/PCIe_mig_7series_0_0/PCIe_mig_7series_0_0/user_design/rtl/axi/mig_7series_v4_0_axi_mc_fifo.v:70]
INFO: [Synth 8-638] synthesizing module 'mig_7series_v4_0_axi_mc_fifo__parameterized1' [d:/exam_ise/pcieddr3/PCIe.srcs/sources_1/bd/PCIe/ip/PCIe_mig_7series_0_0/PCIe_mig_7series_0_0/user_design/rtl/axi/mig_7series_v4_0_axi_mc_fifo.v:70]
INFO: [Synth 8-256] done synthesizing module 'mig_7series_v4_0_axi_mc_fifo__parameterized1' (80#1) [d:/exam_ise/pcieddr3/PCIe.srcs/sources_1/bd/PCIe/ip/PCIe_mig_7series_0_0/PCIe_mig_7series_0_0/user_design/rtl/axi/mig_7series_v4_0_axi_mc_fifo.v:70]
INFO: [Synth 8-256] done synthesizing module 'mig_7series_v4_0_axi_mc_r_channel' (81#1) [d:/exam_ise/pcieddr3/PCIe.srcs/sources_1/bd/PCIe/ip/PCIe_mig_7series_0_0/PCIe_mig_7series_0_0/user_design/rtl/axi/mig_7series_v4_0_axi_mc_r_channel.v:67]
INFO: [Synth 8-638] synthesizing module 'mig_7series_v4_0_axi_mc_cmd_arbiter' [d:/exam_ise/pcieddr3/PCIe.srcs/sources_1/bd/PCIe/ip/PCIe_mig_7series_0_0/PCIe_mig_7series_0_0/user_design/rtl/axi/mig_7series_v4_0_axi_mc_cmd_arbiter.v:61]
INFO: [Synth 8-256] done synthesizing module 'mig_7series_v4_0_axi_mc_cmd_arbiter' (82#1) [d:/exam_ise/pcieddr3/PCIe.srcs/sources_1/bd/PCIe/ip/PCIe_mig_7series_0_0/PCIe_mig_7series_0_0/user_design/rtl/axi/mig_7series_v4_0_axi_mc_cmd_arbiter.v:61]
INFO: [Synth 8-256] done synthesizing module 'mig_7series_v4_0_axi_mc' (83#1) [d:/exam_ise/pcieddr3/PCIe.srcs/sources_1/bd/PCIe/ip/PCIe_mig_7series_0_0/PCIe_mig_7series_0_0/user_design/rtl/axi/mig_7series_v4_0_axi_mc.v:90]
INFO: [Synth 8-256] done synthesizing module 'mig_7series_v4_0_memc_ui_top_axi' (84#1) [d:/exam_ise/pcieddr3/PCIe.srcs/sources_1/bd/PCIe/ip/PCIe_mig_7series_0_0/PCIe_mig_7series_0_0/user_design/rtl/ip_top/mig_7series_v4_0_memc_ui_top_axi.v:72]
INFO: [Synth 8-256] done synthesizing module 'PCIe_mig_7series_0_0_mig' (85#1) [d:/exam_ise/pcieddr3/PCIe.srcs/sources_1/bd/PCIe/ip/PCIe_mig_7series_0_0/PCIe_mig_7series_0_0/user_design/rtl/PCIe_mig_7series_0_0_mig.v:75]
INFO: [Synth 8-256] done synthesizing module 'PCIe_mig_7series_0_0' (86#1) [d:/exam_ise/pcieddr3/PCIe.srcs/sources_1/bd/PCIe/ip/PCIe_mig_7series_0_0/PCIe_mig_7series_0_0/user_design/rtl/PCIe_mig_7series_0_0.v:70]
Finished RTL Elaboration : Time (s): cpu = 00:00:12 ; elapsed = 00:00:14 . Memory (MB): peak = 637.883 ; gain = 313.262
Finished RTL Optimization Phase 1 : Time (s): cpu = 00:00:14 ; elapsed = 00:00:17 . Memory (MB): peak = 637.883 ; gain = 313.262
INFO: [Device 21-403] Loading part xc7a100tfgg484-2
Constraint Validation Runtime : Time (s): cpu = 00:00:01 ; elapsed = 00:00:00.264 . Memory (MB): peak = 951.570 ; gain = 0.000
Finished Constraint Validation : Time (s): cpu = 00:00:31 ; elapsed = 00:00:34 . Memory (MB): peak = 951.570 ; gain = 626.949
Finished Loading Part and Timing Information : Time (s): cpu = 00:00:31 ; elapsed = 00:00:34 . Memory (MB): peak = 951.570 ; gain = 626.949
Finished applying 'set_property' XDC Constraints : Time (s): cpu = 00:00:31 ; elapsed = 00:00:34 . Memory (MB): peak = 951.570 ; gain = 626.949
Finished RTL Optimization Phase 2 : Time (s): cpu = 00:00:49 ; elapsed = 00:00:54 . Memory (MB): peak = 951.570 ; gain = 626.949
Finished Cross Boundary and Area Optimization : Time (s): cpu = 00:01:44 ; elapsed = 00:01:51 . Memory (MB): peak = 1023.934 ; gain = 699.313
---------------------------------------------------------------------------------
Start ROM, RAM, DSP and Shift Register Reporting
---------------------------------------------------------------------------------

ROM:
+------------------------------+------------+---------------+----------------+
|Module Name                   | RTL Object | Depth x Width | Implemented As | 
+------------------------------+------------+---------------+----------------+
|mig_7series_v4_0_ddr_prbs_gen | mem_out    | 256x18        | LUT            | 
|mig_7series_v4_0_ddr_prbs_gen | mem_out    | 256x18        | LUT            | 
+------------------------------+------------+---------------+----------------+


Distributed RAM: Preliminary Mapping  Report (see note below)
+--------------------------------------------------------------------------------------+---------------------------------------------------------------------------+-----------+----------------------+---------------+
|Module Name                                                                           | RTL Object                                                                | Inference | Size (Depth x Width) | Primitives    | 
+--------------------------------------------------------------------------------------+---------------------------------------------------------------------------+-----------+----------------------+---------------+
|PCIe_mig_7series_0_0                                                                  | of_pre_fifo_gen.u_ddr_of_pre_fifo/mem_reg                                 | Implied   | 16 x 80              | RAM32M x 14   | 
|PCIe_mig_7series_0_0                                                                  | ddr_byte_lane_B.ddr_byte_lane_B/of_pre_fifo_gen.u_ddr_of_pre_fifo/mem_reg | Implied   | 16 x 80              | RAM32M x 14   | 
|PCIe_mig_7series_0_0                                                                  | ddr_byte_lane_C.ddr_byte_lane_C/of_pre_fifo_gen.u_ddr_of_pre_fifo/mem_reg | Implied   | 16 x 80              | RAM32M x 14   | 
|u_ddr_mc_phyi_2/\ddr_phy_4lanes_0.u_ddr_phy_4lanes /\ddr_byte_lane_A.ddr_byte_lane_A  | dq_gen_40.if_post_fifo_gen.u_ddr_if_post_fifo/mem_reg                     | Implied   | 4 x 80               | RAM32M x 14   | 
|u_ddr_mc_phyi_2/\ddr_phy_4lanes_0.u_ddr_phy_4lanes /\ddr_byte_lane_A.ddr_byte_lane_A  | of_pre_fifo_gen.u_ddr_of_pre_fifo/mem_reg                                 | Implied   | 16 x 80              | RAM32M x 14   | 
|u_ddr_mc_phyi_2/\ddr_phy_4lanes_0.u_ddr_phy_4lanes /\ddr_byte_lane_B.ddr_byte_lane_B  | dq_gen_40.if_post_fifo_gen.u_ddr_if_post_fifo/mem_reg                     | Implied   | 4 x 80               | RAM32M x 14   | 
|u_ddr_mc_phyi_2/\ddr_phy_4lanes_0.u_ddr_phy_4lanes /\ddr_byte_lane_B.ddr_byte_lane_B  | of_pre_fifo_gen.u_ddr_of_pre_fifo/mem_reg                                 | Implied   | 16 x 80              | RAM32M x 14   | 
|u_ddr_mc_phyi_2/\ddr_phy_4lanes_0.u_ddr_phy_4lanes /\ddr_byte_lane_C.ddr_byte_lane_C  | dq_gen_40.if_post_fifo_gen.u_ddr_if_post_fifo/mem_reg                     | Implied   | 4 x 80               | RAM32M x 14   | 
|u_ddr_mc_phyi_2/\ddr_phy_4lanes_0.u_ddr_phy_4lanes /\ddr_byte_lane_C.ddr_byte_lane_C  | of_pre_fifo_gen.u_ddr_of_pre_fifo/mem_reg                                 | Implied   | 16 x 80              | RAM32M x 14   | 
|u_ddr_mc_phyi_2/\ddr_phy_4lanes_0.u_ddr_phy_4lanes /\ddr_byte_lane_D.ddr_byte_lane_D  | dq_gen_40.if_post_fifo_gen.u_ddr_if_post_fifo/mem_reg                     | Implied   | 4 x 80               | RAM32M x 14   | 
|u_ddr_mc_phyi_2/\ddr_phy_4lanes_0.u_ddr_phy_4lanes /\ddr_byte_lane_D.ddr_byte_lane_D  | of_pre_fifo_gen.u_ddr_of_pre_fifo/mem_reg                                 | Implied   | 16 x 80              | RAM32M x 14   | 
+--------------------------------------------------------------------------------------+---------------------------------------------------------------------------+-----------+----------------------+---------------+

Note: The table above is a preliminary report that shows the Distributed RAMs at the current stage of the synthesis flow. Some Distributed RAMs may be reimplemented as non Distributed RAM primitives later in the synthesis flow. Multiple instantiated RAMs are reported only once.
---------------------------------------------------------------------------------
Finished ROM, RAM, DSP and Shift Register Reporting
---------------------------------------------------------------------------------
Finished Applying XDC Timing Constraints : Time (s): cpu = 00:01:52 ; elapsed = 00:02:00 . Memory (MB): peak = 1085.836 ; gain = 761.215
Finished Timing Optimization : Time (s): cpu = 00:01:55 ; elapsed = 00:02:03 . Memory (MB): peak = 1097.859 ; gain = 773.238
Finished Technology Mapping : Time (s): cpu = 00:02:03 ; elapsed = 00:02:11 . Memory (MB): peak = 1130.926 ; gain = 806.305
Finished IO Insertion : Time (s): cpu = 00:02:04 ; elapsed = 00:02:12 . Memory (MB): peak = 1130.926 ; gain = 806.305
Finished Renaming Generated Instances : Time (s): cpu = 00:02:04 ; elapsed = 00:02:12 . Memory (MB): peak = 1130.926 ; gain = 806.305
Finished Rebuilding User Hierarchy : Time (s): cpu = 00:02:07 ; elapsed = 00:02:15 . Memory (MB): peak = 1130.926 ; gain = 806.305
Finished Renaming Generated Ports : Time (s): cpu = 00:02:07 ; elapsed = 00:02:15 . Memory (MB): peak = 1130.926 ; gain = 806.305
Finished Handling Custom Attributes : Time (s): cpu = 00:02:07 ; elapsed = 00:02:15 . Memory (MB): peak = 1130.926 ; gain = 806.305
Finished Renaming Generated Nets : Time (s): cpu = 00:02:07 ; elapsed = 00:02:15 . Memory (MB): peak = 1130.926 ; gain = 806.305

Report Cell Usage: 
+------+-------------------------------+------+
|      |Cell                           |Count |
+------+-------------------------------+------+
|1     |BUFG                           |     3|
|2     |BUFH                           |     1|
|3     |BUFIO                          |     2|
|4     |CARRY4                         |   129|
|5     |IDDR                           |     4|
|6     |IDELAYCTRL                     |     1|
|7     |IDELAYE2                       |    32|
|8     |IN_FIFO                        |     4|
|9     |ISERDESE2                      |    32|
|10    |LUT1                           |   523|
|11    |LUT2                           |   581|
|12    |LUT3                           |  2027|
|13    |LUT4                           |  1085|
|14    |LUT5                           |  1610|
|15    |LUT6                           |  1838|
|16    |MMCME2_ADV                     |     1|
|17    |MUXF7                          |    20|
|18    |ODDR                           |     9|
|19    |OSERDESE2                      |    24|
|20    |OSERDESE2_1                    |     4|
|21    |OSERDESE2_2                    |    36|
|22    |OUT_FIFO                       |     3|
|23    |OUT_FIFO_1                     |     4|
|24    |PHASER_IN_PHY                  |     4|
|25    |PHASER_OUT_PHY                 |     3|
|26    |PHASER_OUT_PHY_1               |     4|
|27    |PHASER_REF                     |     2|
|28    |PHY_CONTROL                    |     2|
|29    |PLLE2_ADV                      |     1|
|30    |RAM32M                         |   231|
|31    |SRL16E                         |    22|
|32    |SRLC32E                        |   262|
|33    |XADC                           |     1|
|34    |XORCY                          |     6|
|35    |FDCE                           |     3|
|36    |FDPE                           |    76|
|37    |FDRE                           |  5572|
|38    |FDSE                           |   291|
|39    |IOBUFDS_DIFF_OUT_INTERMDISABLE |     4|
|40    |IOBUF_INTERMDISABLE            |    32|
|41    |OBUF                           |    25|
|42    |OBUFDS                         |     1|
|43    |OBUFT                          |     4|
+------+-------------------------------+------+
Finished Writing Synthesis Report : Time (s): cpu = 00:02:07 ; elapsed = 00:02:15 . Memory (MB): peak = 1130.926 ; gain = 806.305
synth_design: Time (s): cpu = 00:02:14 ; elapsed = 00:02:22 . Memory (MB): peak = 1130.926 ; gain = 806.305
