MIG: 09:13:53 : Running customizer.xit
MIG: 09:13:53 : ################# RUNNING MIG INTERACTIVE ###################
MIG: 09:13:53 : Writing IN file for 'mig_7series_0'...compDirPath: d:/Xilinx/Vivado/2015.4/data/ip/xilinx/mig_7series_v2_4... instDirPath: c:/Users/Mei/AppData/Roaming/Xilinx/Vivado/.Xil/Vivado-8048-Mei-PC/coregen/mig_7series_0
MIG: 09:13:53 : synp_flow:  -- synthesis_mode: Other
MIG: 09:13:53 : outputDirectory: c:/Users/Mei/AppData/Roaming/Xilinx/Vivado/.Xil/Vivado-8048-Mei-PC/coregen/mig_7series_0/_tmp/
MIG: 09:13:53 : vivado_mode: xpg_pa
MIG: 09:13:53 :  locked false  
MIG: 09:13:53 : HDL Language: Verilog
MIG: 09:13:53 : compInfo: true
MIG: 09:13:53 : relative mig path: coregen/ip/xilinx/other/com/xilinx/ip/mig_7series_v2_4/bin/nt64/mig.exe
MIG: 09:13:53 : xilinx_path: D:/Xilinx/Vivado/2015.4/ids_lite/ISE
MIG: 09:13:53 : I am in catch area
MIG: 09:13:53 : Running D:/Xilinx/Vivado/2015.4/ids_lite/ISE/coregen/ip/xilinx/other/com/xilinx/ip/mig_7series_v2_4/bin/nt64/mig.exe -cg_exc_inp c:/Users/Mei/AppData/Roaming/Xilinx/Vivado/.Xil/Vivado-8048-Mei-PC/coregen/mig_7series_0/xil_txt.in -cg_exc_out c:/Users/Mei/AppData/Roaming/Xilinx/Vivado/.Xil/Vivado-8048-Mei-PC/coregen/mig_7series_0/xil_txt.out ... 
MIG: 09:21:01 : Prasad before: xmlPropertyPrj --  .prj
MIG: 09:21:01 : Prasad After: xmlPropertyPrj -- mig_a.prj
MIG: 09:21:01 : XML_INPUT_FILE: c:/Users/Mei/AppData/Roaming/Xilinx/Vivado/.Xil/Vivado-8048-Mei-PC/coregen/mig_7series_0/mig_a.prj
MIG: 09:21:01 : Component_Name: ddr3
MIG: 09:21:01 : Moving ddr3 ...
MIG: 09:21:01 : Moving ddr3.veo ...
MIG: 09:21:01 : Moving ddr3_xmdf.tcl ...
MIG: 09:21:01 : Sending back 0
MIG: 09:21:10 : xml_input_file: mig_a.prj
MIG: 09:21:10 : Absolute path of xml_input_file: y:/project/AX/AX7103/CD/02_demo/hdmi_loop_ddr3/hdmi_loop_ddr3.srcs/sources_1/ip/ddr3/mig_a.prj
MIG: 09:21:10 : xml_input_file: mig_a.prj
MIG: 09:21:10 : Absolute path of xml_input_file: y:/project/AX/AX7103/CD/02_demo/hdmi_loop_ddr3/hdmi_loop_ddr3.srcs/sources_1/ip/ddr3/mig_a.prj
MIG: 09:21:24 : Running synthesis.xit
MIG: 09:23:32 : Running customizer.xit
MIG: 09:23:32 : ################# RUNNING MIG INTERACTIVE ###################
MIG: 09:23:32 : Writing IN file for 'ddr3'...compDirPath: d:/Xilinx/Vivado/2015.4/data/ip/xilinx/mig_7series_v2_4... instDirPath: c:/Users/Mei/AppData/Roaming/Xilinx/Vivado/.Xil/Vivado-208-Mei-PC/coregen/ddr3
MIG: 09:23:32 : synp_flow:  -- synthesis_mode: Other
MIG: 09:23:32 : outputDirectory: c:/Users/Mei/AppData/Roaming/Xilinx/Vivado/.Xil/Vivado-208-Mei-PC/coregen/ddr3/_tmp/
MIG: 09:23:32 : vivado_mode: xpg_pa
MIG: 09:23:32 :  locked false  
MIG: 09:23:32 : HDL Language: Verilog
MIG: 09:23:32 : compInfo: false
MIG: 09:23:32 : relative mig path: coregen/ip/xilinx/other/com/xilinx/ip/mig_7series_v2_4/bin/nt64/mig.exe
MIG: 09:23:32 : xilinx_path: D:/Xilinx/Vivado/2015.4/ids_lite/ISE
MIG: 09:23:32 : I am in catch area
MIG: 09:23:32 : Running D:/Xilinx/Vivado/2015.4/ids_lite/ISE/coregen/ip/xilinx/other/com/xilinx/ip/mig_7series_v2_4/bin/nt64/mig.exe -cg_exc_inp c:/Users/Mei/AppData/Roaming/Xilinx/Vivado/.Xil/Vivado-208-Mei-PC/coregen/ddr3/xil_txt.in -cg_exc_out c:/Users/Mei/AppData/Roaming/Xilinx/Vivado/.Xil/Vivado-208-Mei-PC/coregen/ddr3/xil_txt.out ... 
MIG: 09:26:13 : Prasad before: xmlPropertyPrj -- .prj
MIG: 09:26:13 : Prasad After: xmlPropertyPrj -- mig_a.prj
MIG: 09:26:13 : XML_INPUT_FILE: c:/Users/Mei/AppData/Roaming/Xilinx/Vivado/.Xil/Vivado-208-Mei-PC/coregen/ddr3/mig_a.prj
MIG: 09:26:13 : Component_Name: ddr3
MIG: 09:26:13 : Moving ddr3 ...
MIG: 09:26:13 : Moving ddr3.veo ...
MIG: 09:26:13 : Moving ddr3_xmdf.tcl ...
MIG: 09:26:13 : Sending back 0
MIG: 09:26:14 : xml_input_file: mig_a.prj
MIG: 09:26:14 : Absolute path of xml_input_file: g:/AX7100/hdmi_loop_ddr3/hdmi_loop_ddr3.srcs/sources_1/ip/ddr3/mig_a.prj
MIG: 09:26:14 : xml_input_file: mig_a.prj
MIG: 09:26:14 : Absolute path of xml_input_file: g:/AX7100/hdmi_loop_ddr3/hdmi_loop_ddr3.srcs/sources_1/ip/ddr3/mig_a.prj
MIG: 09:26:14 : In updateAllModelParams
MIG: 09:26:14 : IGN:     <ModuleName>ddr3</ModuleName> <==>     <ModuleName>ddr3</ModuleName> 
MIG: 09:26:14 : IGN:         <InputClkFreq>200</InputClkFreq> <==>         <InputClkFreq>200</InputClkFreq> 
MIG: 09:26:14 : XGUI hdlLanguage: Verilog
MIG: 09:26:14 : xgui vivado_mode: xpg_pa
MIG: 09:26:14 : xgui hdlLanguage: Verilog -- hdlExt: v
MIG: 09:26:14 : Reading G:/AX7100/hdmi_loop_ddr3/hdmi_loop_ddr3.srcs/sources_1/ip/ddr3/ddr3/user_design/rtl/ddr3_mig.v ...
MIG: 09:26:15 : 1
MIG: 09:26:15 : Inside fn mem: DDR3
MIG: 09:26:15 : QDRII+ Inside fn ui: 100000000
MIG: 09:26:15 : cntrl:  memtype: DDR3
MIG: 09:26:15 : 800
MIG: 09:26:15 :  MMCM_VCO single ctrl param_name: MMCM_VCO --  possibleMaxVcoVal: 800 
MIG: 09:26:15 : 
MIG: 09:26:15 : 1
MIG: 09:26:15 : 100000000
MIG: 09:26:15 : 
MIG: 09:26:15 :  polarity_value: 1
MIG: 09:26:15 : 
MIG: 09:26:15 : 
MIG: 09:26:15 : cntrl:  memtype: DDR3
MIG: 09:26:15 : 
MIG: 09:26:15 :  Valid Param: DDR3_BANK_WIDTH ==> 3
MIG: 09:26:15 : 
MIG: 09:26:15 :  Valid Param: DDR3_CK_WIDTH ==> 1
MIG: 09:26:15 :  Invalid Param: DDR3_COL_WIDTH ==> 10
MIG: 09:26:15 : 
MIG: 09:26:15 :  Valid Param: DDR3_CS_WIDTH ==> 1
MIG: 09:26:15 : 
MIG: 09:26:15 :  Valid Param: DDR3_nCS_PER_RANK ==> 1
MIG: 09:26:15 : 
MIG: 09:26:15 :  Valid Param: DDR3_CKE_WIDTH ==> 1
MIG: 09:26:15 :  Invalid Param: DDR3_DATA_BUF_ADDR_WIDTH ==> 5
MIG: 09:26:15 :  Invalid Param: DDR3_DQ_CNT_WIDTH ==> 5
MIG: 09:26:15 :  Invalid Param: DDR3_DQ_PER_DM ==> 8
MIG: 09:26:15 : 4
MIG: 09:26:15 :  Valid Param: DDR3_DM_WIDTH ==> 4
MIG: 09:26:15 : 32
MIG: 09:26:15 :  Valid Param: DDR3_DQ_WIDTH ==> 32
MIG: 09:26:15 : 4
MIG: 09:26:15 :  Valid Param: DDR3_DQS_WIDTH ==> 4
MIG: 09:26:15 : 2
MIG: 09:26:15 :  Valid Param: DDR3_DQS_CNT_WIDTH ==> 2
MIG: 09:26:15 :  Invalid Param: DDR3_DRAM_WIDTH ==> 8
MIG: 09:26:15 : 
MIG: 09:26:15 :  Valid Param: ECC ==> OFF
MIG: 09:26:15 : 32
MIG: 09:26:15 :  Valid Param: DDR3_DATA_WIDTH ==> 32
MIG: 09:26:15 :  Invalid Param: ECC_TEST ==> "OFF"
MIG: 09:26:15 :  Invalid Param: DDR3_PAYLOAD_WIDTH ==> (ECC_TEST == "OFF") ? DATA_WIDTH : DQ_WIDTH
MIG: 09:26:15 :  Invalid Param: DDR3_MEM_ADDR_ORDER ==> "BANK_ROW_COLUMN"
MIG: 09:26:15 :  Invalid Param: DDR3_nBANK_MACHS ==> 4
MIG: 09:26:15 :  Invalid Param: DDR3_RANKS ==> 1
MIG: 09:26:15 : 
MIG: 09:26:15 :  Valid Param: DDR3_ODT_WIDTH ==> 1
MIG: 09:26:15 : 15
MIG: 09:26:15 :  Valid Param: DDR3_ROW_WIDTH ==> 15
MIG: 09:26:15 : 29
MIG: 09:26:15 :  Valid Param: DDR3_ADDR_WIDTH ==> 29
MIG: 09:26:15 : 
MIG: 09:26:15 :  Valid Param: DDR3_USE_CS_PORT ==> 1
MIG: 09:26:15 : 
MIG: 09:26:15 :  Valid Param: DDR3_USE_DM_PORT ==> 1
MIG: 09:26:15 : 
MIG: 09:26:15 :  Valid Param: DDR3_USE_ODT_PORT ==> 1
MIG: 09:26:15 :  Invalid Param: DDR3_IS_CLK_SHARED ==> "FALSE"
MIG: 09:26:15 :  Invalid Param: DDR3_PHY_CONTROL_MASTER_BANK ==> 1
MIG: 09:26:15 :  Invalid Param: DDR3_MEM_DENSITY ==> "4Gb"
MIG: 09:26:15 :  Invalid Param: DDR3_MEM_SPEEDGRADE ==> "125"
MIG: 09:26:15 :  Invalid Param: DDR3_MEM_DEVICE_WIDTH ==> 16
MIG: 09:26:15 :  Invalid Param: DDR3_AL ==> "0"
MIG: 09:26:15 :  Invalid Param: DDR3_nAL ==> 0
MIG: 09:26:15 :  Invalid Param: DDR3_BURST_MODE ==> "8"
MIG: 09:26:15 :  Invalid Param: DDR3_BURST_TYPE ==> "SEQ"
MIG: 09:26:15 :  Invalid Param: DDR3_CL ==> 6
MIG: 09:26:15 :  Invalid Param: DDR3_CWL ==> 5
MIG: 09:26:15 :  Invalid Param: DDR3_OUTPUT_DRV ==> "HIGH"
MIG: 09:26:15 :  Invalid Param: DDR3_RTT_NOM ==> "60"
MIG: 09:26:15 :  Invalid Param: DDR3_RTT_WR ==> "OFF"
MIG: 09:26:15 :  Invalid Param: DDR3_ADDR_CMD_MODE ==> "1T"
MIG: 09:26:15 : 
MIG: 09:26:15 :  Valid Param: DDR3_REG_CTRL ==> OFF
MIG: 09:26:15 :  Invalid Param: DDR3_CA_MIRROR ==> "OFF"
MIG: 09:26:15 :  Invalid Param: DDR3_VDD_OP_VOLT ==> "150"
MIG: 09:26:15 :  Invalid Param: DDR3_CLKIN_PERIOD ==> 5000
MIG: 09:26:15 :  Invalid Param: DDR3_CLKFBOUT_MULT ==> 4
MIG: 09:26:15 :  Invalid Param: DDR3_DIVCLK_DIVIDE ==> 1
MIG: 09:26:15 :  Invalid Param: DDR3_CLKOUT0_PHASE ==> 337.5
MIG: 09:26:15 :  Invalid Param: DDR3_CLKOUT0_DIVIDE ==> 2
MIG: 09:26:15 :  Invalid Param: DDR3_CLKOUT1_DIVIDE ==> 2
MIG: 09:26:15 :  Invalid Param: DDR3_CLKOUT2_DIVIDE ==> 32
MIG: 09:26:15 :  Invalid Param: DDR3_CLKOUT3_DIVIDE ==> 8
MIG: 09:26:15 :  Invalid Param: DDR3_MMCM_VCO ==> 800
MIG: 09:26:15 :  Invalid Param: DDR3_MMCM_MULT_F ==> 8
MIG: 09:26:15 :  Invalid Param: DDR3_MMCM_DIVCLK_DIVIDE ==> 1
MIG: 09:26:15 :  Invalid Param: DDR3_tCKE ==> 5000
MIG: 09:26:15 :  Invalid Param: DDR3_tFAW ==> 40000
MIG: 09:26:15 :  Invalid Param: DDR3_tPRDI ==> 1_000_000
MIG: 09:26:15 :  Invalid Param: DDR3_tRAS ==> 35000
MIG: 09:26:15 :  Invalid Param: DDR3_tRCD ==> 13750
MIG: 09:26:15 :  Invalid Param: DDR3_tREFI ==> 7800000
MIG: 09:26:15 :  Invalid Param: DDR3_tRFC ==> 260000
MIG: 09:26:15 :  Invalid Param: DDR3_tRP ==> 13750
MIG: 09:26:15 :  Invalid Param: DDR3_tRRD ==> 7500
MIG: 09:26:15 :  Invalid Param: DDR3_tRTP ==> 7500
MIG: 09:26:15 :  Invalid Param: DDR3_tWTR ==> 7500
MIG: 09:26:15 :  Invalid Param: DDR3_tZQI ==> 128_000_000
MIG: 09:26:15 :  Invalid Param: DDR3_tZQCS ==> 64
MIG: 09:26:15 :  Invalid Param: DDR3_SIM_BYPASS_INIT_CAL ==> "OFF"
MIG: 09:26:15 :  Invalid Param: DDR3_SIMULATION ==> "FALSE"
MIG: 09:26:15 :  Invalid Param: DDR3_BYTE_LANES_B0 ==> 4'b1111
MIG: 09:26:15 :  Invalid Param: DDR3_BYTE_LANES_B1 ==> 4'b1110
MIG: 09:26:15 :  Invalid Param: DDR3_BYTE_LANES_B2 ==> 4'b0000
MIG: 09:26:15 :  Invalid Param: DDR3_BYTE_LANES_B3 ==> 4'b0000
MIG: 09:26:15 :  Invalid Param: DDR3_BYTE_LANES_B4 ==> 4'b0000
MIG: 09:26:15 :  Invalid Param: DDR3_DATA_CTL_B0 ==> 4'b1111
MIG: 09:26:15 :  Invalid Param: DDR3_DATA_CTL_B1 ==> 4'b0000
MIG: 09:26:16 :  Invalid Param: DDR3_DATA_CTL_B2 ==> 4'b0000
MIG: 09:26:16 :  Invalid Param: DDR3_DATA_CTL_B3 ==> 4'b0000
MIG: 09:26:16 :  Invalid Param: DDR3_DATA_CTL_B4 ==> 4'b0000
MIG: 09:26:16 :  Invalid Param: DDR3_PHY_0_BITLANES ==> 48'h3FE_3FE_1FF_2FF
MIG: 09:26:16 :  Invalid Param: DDR3_PHY_1_BITLANES ==> 48'h3FF_FFF_0C0_000
MIG: 09:26:16 :  Invalid Param: DDR3_PHY_2_BITLANES ==> 48'h000_000_000_000
MIG: 09:26:16 :  Invalid Param: DDR3_CK_BYTE_MAP ==> 144'h00_00_00_00_00_00_00_00_00_00_00_00_00_00_00_00_00_13
MIG: 09:26:16 :  Invalid Param: DDR3_ADDR_MAP ==> 192'h000_130_138_134_135_132_137_136_139_133_131_128_124_125_126_122
MIG: 09:26:16 :  Invalid Param: DDR3_BANK_MAP ==> 36'h123_12B_12A
MIG: 09:26:16 :  Invalid Param: DDR3_CAS_MAP ==> 12'h120
MIG: 09:26:16 :  Invalid Param: DDR3_CKE_ODT_BYTE_MAP ==> 8'h00
MIG: 09:26:16 :  Invalid Param: DDR3_CKE_MAP ==> 96'h000_000_000_000_000_000_000_117
MIG: 09:26:16 :  Invalid Param: DDR3_ODT_MAP ==> 96'h000_000_000_000_000_000_000_116
MIG: 09:26:16 :  Invalid Param: DDR3_CS_MAP ==> 120'h000_000_000_000_000_000_000_000_000_127
MIG: 09:26:16 :  Invalid Param: DDR3_PARITY_MAP ==> 12'h000
MIG: 09:26:16 :  Invalid Param: DDR3_RAS_MAP ==> 12'h121
MIG: 09:26:16 :  Invalid Param: DDR3_WE_MAP ==> 12'h129
MIG: 09:26:16 :  Invalid Param: DDR3_DQS_BYTE_MAP ==> 144'h00_00_00_00_00_00_00_00_00_00_00_00_00_00_00_01_02_03
MIG: 09:26:16 :  Invalid Param: DDR3_DATA0_MAP ==> 96'h035_039_032_036_031_038_033_037
MIG: 09:26:16 :  Invalid Param: DDR3_DATA1_MAP ==> 96'h021_029_025_028_024_027_022_023
MIG: 09:26:16 :  Invalid Param: DDR3_DATA2_MAP ==> 96'h011_018_013_016_012_017_015_010
MIG: 09:26:16 :  Invalid Param: DDR3_DATA3_MAP ==> 96'h005_001_000_003_004_007_009_006
MIG: 09:26:16 :  Invalid Param: DDR3_DATA4_MAP ==> 96'h000_000_000_000_000_000_000_000
MIG: 09:26:16 :  Invalid Param: DDR3_DATA5_MAP ==> 96'h000_000_000_000_000_000_000_000
MIG: 09:26:16 :  Invalid Param: DDR3_DATA6_MAP ==> 96'h000_000_000_000_000_000_000_000
MIG: 09:26:16 :  Invalid Param: DDR3_DATA7_MAP ==> 96'h000_000_000_000_000_000_000_000
MIG: 09:26:16 :  Invalid Param: DDR3_DATA8_MAP ==> 96'h000_000_000_000_000_000_000_000
MIG: 09:26:16 :  Invalid Param: DDR3_DATA9_MAP ==> 96'h000_000_000_000_000_000_000_000
MIG: 09:26:16 :  Invalid Param: DDR3_DATA10_MAP ==> 96'h000_000_000_000_000_000_000_000
MIG: 09:26:16 :  Invalid Param: DDR3_DATA11_MAP ==> 96'h000_000_000_000_000_000_000_000
MIG: 09:26:16 :  Invalid Param: DDR3_DATA12_MAP ==> 96'h000_000_000_000_000_000_000_000
MIG: 09:26:16 :  Invalid Param: DDR3_DATA13_MAP ==> 96'h000_000_000_000_000_000_000_000
MIG: 09:26:16 :  Invalid Param: DDR3_DATA14_MAP ==> 96'h000_000_000_000_000_000_000_000
MIG: 09:26:16 :  Invalid Param: DDR3_DATA15_MAP ==> 96'h000_000_000_000_000_000_000_000
MIG: 09:26:16 :  Invalid Param: DDR3_DATA16_MAP ==> 96'h000_000_000_000_000_000_000_000
MIG: 09:26:16 :  Invalid Param: DDR3_DATA17_MAP ==> 96'h000_000_000_000_000_000_000_000
MIG: 09:26:16 :  Invalid Param: DDR3_MASK0_MAP ==> 108'h000_000_000_000_000_002_014_026_034
MIG: 09:26:16 :  Invalid Param: DDR3_MASK1_MAP ==> 108'h000_000_000_000_000_000_000_000_000
MIG: 09:26:16 :  Invalid Param: DDR3_SLOT_0_CONFIG ==> 8'b0000_0001
MIG: 09:26:16 :  Invalid Param: DDR3_SLOT_1_CONFIG ==> 8'b0000_0000
MIG: 09:26:16 :  Invalid Param: DDR3_IBUF_LPWR_MODE ==> "OFF"
MIG: 09:26:16 :  Invalid Param: DDR3_DATA_IO_IDLE_PWRDWN ==> "ON"
MIG: 09:26:16 :  Invalid Param: DDR3_BANK_TYPE ==> "HR_IO"
MIG: 09:26:16 :  Invalid Param: DDR3_DATA_IO_PRIM_TYPE ==> "HR_LP"
MIG: 09:26:16 :  Invalid Param: DDR3_CKE_ODT_AUX ==> "FALSE"
MIG: 09:26:16 :  Invalid Param: DDR3_USER_REFRESH ==> "OFF"
MIG: 09:26:16 :  Invalid Param: DDR3_WRLVL ==> "ON"
MIG: 09:26:16 :  Invalid Param: DDR3_ORDERING ==> "NORM"
MIG: 09:26:16 :  Invalid Param: DDR3_CALIB_ROW_ADD ==> 16'h0000
MIG: 09:26:16 :  Invalid Param: DDR3_CALIB_COL_ADD ==> 12'h000
MIG: 09:26:16 :  Invalid Param: DDR3_CALIB_BA_ADD ==> 3'h0
MIG: 09:26:16 :  Invalid Param: DDR3_TCQ ==> 100
MIG: 09:26:16 :  Invalid Param: DDR3_IDELAY_ADJ ==> "OFF"
MIG: 09:26:16 :  Invalid Param: DDR3_FINE_PER_BIT ==> "OFF"
MIG: 09:26:16 :  Invalid Param: DDR3_CENTER_COMP_MODE ==> "OFF"
MIG: 09:26:16 :  Invalid Param: DDR3_PI_VAL_ADJ ==> "OFF"
MIG: 09:26:16 :  Invalid Param: DDR3_IODELAY_GRP0 ==> "DDR3_IODELAY_MIG0"
MIG: 09:26:16 :  Invalid Param: DDR3_IODELAY_GRP1 ==> "DDR3_IODELAY_MIG1"
MIG: 09:26:16 :  Invalid Param: DDR3_SYSCLK_TYPE ==> "NO_BUFFER"
MIG: 09:26:16 :  Invalid Param: DDR3_REFCLK_TYPE ==> "USE_SYSTEM_CLOCK"
MIG: 09:26:16 :  Invalid Param: DDR3_SYS_RST_PORT ==> "FALSE"
MIG: 09:26:16 :  Invalid Param: DDR3_FPGA_SPEED_GRADE ==> 2
MIG: 09:26:16 :  Invalid Param: DDR3_CMD_PIPE_PLUS1 ==> "ON"
MIG: 09:26:16 :  Invalid Param: DDR3_DRAM_TYPE ==> "DDR3"
MIG: 09:26:16 :  Invalid Param: DDR3_CAL_WIDTH ==> "HALF"
MIG: 09:26:16 :  Invalid Param: DDR3_STARVE_LIMIT ==> 2
MIG: 09:26:16 :  Invalid Param: DDR3_REF_CLK_MMCM_IODELAY_CTRL ==> "FALSE"
MIG: 09:26:16 :  Invalid Param: DDR3_REFCLK_FREQ ==> 200.0
MIG: 09:26:16 :  Invalid Param: DDR3_DIFF_TERM_REFCLK ==> "TRUE"
MIG: 09:26:16 :  Invalid Param: DDR3_tCK ==> 2500
MIG: 09:26:16 : 4
MIG: 09:26:16 :  Valid Param: DDR3_nCK_PER_CLK ==> 4
MIG: 09:26:16 :  Invalid Param: DDR3_DIFF_TERM_SYSCLK ==> "TRUE"
MIG: 09:26:16 : 
MIG: 09:26:16 :  Valid Param: UI_EXTRA_CLOCKS ==> FALSE
MIG: 09:26:16 : 1
MIG: 09:26:16 :  Valid Param: C_S_AXI_ID_WIDTH ==> 1
MIG: 09:26:16 : 1073741824
MIG: 09:26:16 :  Valid Param: C_S_AXI_MEM_SIZE ==> 1073741824
MIG: 09:26:16 : 30
MIG: 09:26:16 :  Valid Param: C_S_AXI_ADDR_WIDTH ==> 30
MIG: 09:26:16 : 64
MIG: 09:26:16 :  Valid Param: C_S_AXI_DATA_WIDTH ==> 64
MIG: 09:26:16 :  Invalid Param: DDR3_C_MC_nCK_PER_CLK ==> 4
MIG: 09:26:16 :  Invalid Param: C_S_AXI_SUPPORTS_NARROW_BURST ==> 0
MIG: 09:26:16 :  Invalid Param: DDR3_C_RD_WR_ARB_ALGORITHM ==> "RD_PRI_REG"
MIG: 09:26:16 :  Invalid Param: C_S_AXI_REG_EN0 ==> 20'h00000
MIG: 09:26:16 :  Invalid Param: C_S_AXI_REG_EN1 ==> 20'h00000
MIG: 09:26:16 : 
MIG: 09:26:16 :  Valid Param: C_S_AXI_CTRL_ADDR_WIDTH ==> 32
MIG: 09:26:16 : 
MIG: 09:26:16 :  Valid Param: C_S_AXI_CTRL_DATA_WIDTH ==> 32
MIG: 09:26:16 :  Invalid Param: C_S_AXI_BASEADDR ==> 32'h0000_0000
MIG: 09:26:16 :  Invalid Param: C_ECC_ONOFF_RESET_VALUE ==> 1
MIG: 09:26:16 :  Invalid Param: C_ECC_CE_COUNTER_WIDTH ==> 8
MIG: 09:26:16 : 
MIG: 09:26:16 :  Valid Param: DDR3_DEBUG_PORT ==> OFF
MIG: 09:26:16 : 
MIG: 09:26:16 :  Invalid Param: DDR3_TEMP_MON_CONTROL ==> "INTERNAL"
MIG: 09:26:16 :  Invalid Param: DDR3_RST_ACT_LOW ==> 1
MIG: 09:26:16 : NOBUF
MIG: 09:26:16 : NONE
MIG: 09:26:16 : 
MIG: 09:26:16 : Same Interface
MIG: 09:26:16 : ################# RUNNING MIG BATCH ###################
MIG: 09:26:16 : Writing IN file for 'ddr3'...compDirPath: d:/Xilinx/Vivado/2015.4/data/ip/xilinx/mig_7series_v2_4... instDirPath: g:/AX7100/hdmi_loop_ddr3/hdmi_loop_ddr3.srcs/sources_1/ip/ddr3
MIG: 09:26:16 : synp_flow:  -- synthesis_mode: Other
MIG: 09:26:16 : outputDirectory: g:/AX7100/hdmi_loop_ddr3/hdmi_loop_ddr3.srcs/sources_1/ip/ddr3/_tmp/
MIG: 09:26:16 : vivado_mode: xpg_pa
MIG: 09:26:16 :  locked false  
MIG: 09:26:16 : HDL Language: Verilog
MIG: 09:26:16 : compInfo: false
MIG: 09:26:16 : Vivado Options xc7a100t fgg484 -2
MIG: 09:26:16 : 1: xc7a100t 2: fgg484 3: -2
MIG: 09:26:16 : relative mig path: coregen/ip/xilinx/other/com/xilinx/ip/mig_7series_v2_4/bin/nt64/mig.exe
MIG: 09:26:16 : xilinx_path: D:/Xilinx/Vivado/2015.4/ids_lite/ISE
MIG: 09:26:16 : I am in catch area
MIG: 09:26:16 : Running D:/Xilinx/Vivado/2015.4/ids_lite/ISE/coregen/ip/xilinx/other/com/xilinx/ip/mig_7series_v2_4/bin/nt64/mig.exe -cg_exc_inp g:/AX7100/hdmi_loop_ddr3/hdmi_loop_ddr3.srcs/sources_1/ip/ddr3/xil_txt.in -cg_exc_out g:/AX7100/hdmi_loop_ddr3/hdmi_loop_ddr3.srcs/sources_1/ip/ddr3/xil_txt.out ... 
MIG: 09:26:25 : XML_INPUT_FILE: g:/AX7100/hdmi_loop_ddr3/hdmi_loop_ddr3.srcs/sources_1/ip/ddr3/mig_a.prj
MIG: 09:26:25 : Component_Name: ddr3
MIG: 09:26:25 : Moving ddr3 ...
MIG: 09:26:25 : Moving ddr3.veo ...
MIG: 09:26:25 : Moving ddr3_xmdf.tcl ...
MIG: 09:26:31 : Running synthesis.xit
MIG: 09:26:31 : IGN:     <ModuleName>ddr3</ModuleName> <==>     <ModuleName>ddr3</ModuleName> 
MIG: 09:26:31 : IGN:         <InputClkFreq>200</InputClkFreq> <==>         <InputClkFreq>200</InputClkFreq> 
MIG: 09:26:31 : Running vlog_synth_rpr.xit
MIG: 09:26:31 : IGN:     <ModuleName>ddr3</ModuleName> <==>     <ModuleName>ddr3</ModuleName> 
MIG: 09:26:31 : IGN:         <InputClkFreq>200</InputClkFreq> <==>         <InputClkFreq>200</InputClkFreq> 
MIG: 09:26:31 : Running simulation.xit
MIG: 09:26:31 : IGN:     <ModuleName>ddr3</ModuleName> <==>     <ModuleName>ddr3</ModuleName> 
MIG: 09:26:31 : IGN:         <InputClkFreq>200</InputClkFreq> <==>         <InputClkFreq>200</InputClkFreq> 
MIG: 09:26:32 : Running vlog_sim_rpr.xit .. PRASAD DBG1
MIG: 09:26:32 : IGN:     <ModuleName>ddr3</ModuleName> <==>     <ModuleName>ddr3</ModuleName> 
MIG: 09:26:32 : IGN:         <InputClkFreq>200</InputClkFreq> <==>         <InputClkFreq>200</InputClkFreq> 
MIG: 09:26:32 : Running implementation.xit
MIG: 09:26:32 : IGN:     <ModuleName>ddr3</ModuleName> <==>     <ModuleName>ddr3</ModuleName> 
MIG: 09:26:32 : IGN:         <InputClkFreq>200</InputClkFreq> <==>         <InputClkFreq>200</InputClkFreq> 
MIG: 18:03:08 : xml_input_file: mig_a.prj
MIG: 18:03:08 : Absolute path of xml_input_file: g:/AX7100/hdmi_loop_ddr3/hdmi_loop_ddr3.srcs/sources_1/ip/ddr3/mig_a.prj
MIG: 18:03:08 : xml_input_file: mig_a.prj
MIG: 18:03:08 : Absolute path of xml_input_file: g:/AX7100/hdmi_loop_ddr3/hdmi_loop_ddr3.srcs/sources_1/ip/ddr3/mig_a.prj
MIG: 18:03:25 : Running customizer.xit
MIG: 18:03:25 : ################# RUNNING MIG INTERACTIVE ###################
MIG: 18:03:25 : Writing IN file for 'ddr3'...compDirPath: d:/Xilinx/Vivado/2015.4/data/ip/xilinx/mig_7series_v2_4... instDirPath: c:/Users/Mei/AppData/Roaming/Xilinx/Vivado/.Xil/Vivado-2604-Mei-PC/coregen/ddr3
MIG: 18:03:25 : synp_flow:  -- synthesis_mode: Other
MIG: 18:03:25 : outputDirectory: c:/Users/Mei/AppData/Roaming/Xilinx/Vivado/.Xil/Vivado-2604-Mei-PC/coregen/ddr3/_tmp/
MIG: 18:03:25 : vivado_mode: xpg_pa
MIG: 18:03:25 :  locked false  
MIG: 18:03:25 : HDL Language: Verilog
MIG: 18:03:25 : compInfo: false
MIG: 18:03:25 : Vivado Options xc7a100t fgg484 -2
MIG: 18:03:25 : 1: xc7a100t 2: fgg484 3: -2
MIG: 18:03:25 : relative mig path: coregen/ip/xilinx/other/com/xilinx/ip/mig_7series_v2_4/bin/nt64/mig.exe
MIG: 18:03:25 : xilinx_path: D:/Xilinx/Vivado/2015.4/ids_lite/ISE
MIG: 18:03:25 : I am in catch area
MIG: 18:03:25 : Running D:/Xilinx/Vivado/2015.4/ids_lite/ISE/coregen/ip/xilinx/other/com/xilinx/ip/mig_7series_v2_4/bin/nt64/mig.exe -cg_exc_inp c:/Users/Mei/AppData/Roaming/Xilinx/Vivado/.Xil/Vivado-2604-Mei-PC/coregen/ddr3/xil_txt.in -cg_exc_out c:/Users/Mei/AppData/Roaming/Xilinx/Vivado/.Xil/Vivado-2604-Mei-PC/coregen/ddr3/xil_txt.out ... 
MIG: 18:04:16 : Prasad before: xmlPropertyPrj -- mig_a.prj
MIG: 18:04:16 : Prasad After: xmlPropertyPrj -- mig_b.prj
MIG: 18:04:16 : XML_INPUT_FILE: c:/Users/Mei/AppData/Roaming/Xilinx/Vivado/.Xil/Vivado-2604-Mei-PC/coregen/ddr3/mig_b.prj
MIG: 18:04:16 : Component_Name: ddr3
MIG: 18:04:16 : Moving ddr3 ...
MIG: 18:04:16 : Moving ddr3.veo ...
MIG: 18:04:16 : Moving ddr3_xmdf.tcl ...
MIG: 18:04:16 : Sending back 0
MIG: 18:04:17 : xml_input_file: mig_b.prj
MIG: 18:04:17 : Absolute path of xml_input_file: g:/AX7100/hdmi_loop_ddr3/hdmi_loop_ddr3.srcs/sources_1/ip/ddr3/mig_b.prj
MIG: 18:04:17 : xml_input_file: mig_b.prj
MIG: 18:04:17 : Absolute path of xml_input_file: g:/AX7100/hdmi_loop_ddr3/hdmi_loop_ddr3.srcs/sources_1/ip/ddr3/mig_b.prj
MIG: 18:04:17 : In updateAllModelParams
MIG: 18:04:17 : IGN:     <ModuleName>ddr3</ModuleName> <==>     <ModuleName>ddr3</ModuleName> 
MIG: 18:04:17 : IGN:         <InputClkFreq>200</InputClkFreq> <==>         <InputClkFreq>200</InputClkFreq> 
MIG: 18:04:17 : XGUI hdlLanguage: Verilog
MIG: 18:04:17 : xgui vivado_mode: xpg_pa
MIG: 18:04:17 : xgui hdlLanguage: Verilog -- hdlExt: v
MIG: 18:04:17 : Reading G:/AX7100/hdmi_loop_ddr3/hdmi_loop_ddr3.srcs/sources_1/ip/ddr3/ddr3/user_design/rtl/ddr3_mig.v ...
MIG: 18:04:18 : 
MIG: 18:04:18 : Inside fn mem: DDR3
MIG: 18:04:18 : QDRII+ Inside fn ui: 100000000
MIG: 18:04:18 : cntrl:  memtype: DDR3
MIG: 18:04:18 : 
MIG: 18:04:18 :  MMCM_VCO single ctrl param_name: MMCM_VCO --  possibleMaxVcoVal: 800 
MIG: 18:04:18 : 
MIG: 18:04:18 : 
MIG: 18:04:18 : 
MIG: 18:04:18 : 
MIG: 18:04:18 :  polarity_value: 1
MIG: 18:04:18 : 
MIG: 18:04:18 : 
MIG: 18:04:18 : cntrl:  memtype: DDR3
MIG: 18:04:18 : 
MIG: 18:04:18 :  Valid Param: DDR3_BANK_WIDTH ==> 3
MIG: 18:04:18 : 
MIG: 18:04:18 :  Valid Param: DDR3_CK_WIDTH ==> 1
MIG: 18:04:18 :  Invalid Param: DDR3_COL_WIDTH ==> 10
MIG: 18:04:18 : 
MIG: 18:04:18 :  Valid Param: DDR3_CS_WIDTH ==> 1
MIG: 18:04:18 : 
MIG: 18:04:18 :  Valid Param: DDR3_nCS_PER_RANK ==> 1
MIG: 18:04:18 : 
MIG: 18:04:18 :  Valid Param: DDR3_CKE_WIDTH ==> 1
MIG: 18:04:18 :  Invalid Param: DDR3_DATA_BUF_ADDR_WIDTH ==> 5
MIG: 18:04:18 :  Invalid Param: DDR3_DQ_CNT_WIDTH ==> 5
MIG: 18:04:18 :  Invalid Param: DDR3_DQ_PER_DM ==> 8
MIG: 18:04:18 : 
MIG: 18:04:18 :  Valid Param: DDR3_DM_WIDTH ==> 4
MIG: 18:04:18 : 
MIG: 18:04:18 :  Valid Param: DDR3_DQ_WIDTH ==> 32
MIG: 18:04:18 : 
MIG: 18:04:18 :  Valid Param: DDR3_DQS_WIDTH ==> 4
MIG: 18:04:18 : 
MIG: 18:04:18 :  Valid Param: DDR3_DQS_CNT_WIDTH ==> 2
MIG: 18:04:18 :  Invalid Param: DDR3_DRAM_WIDTH ==> 8
MIG: 18:04:18 : 
MIG: 18:04:18 :  Valid Param: ECC ==> OFF
MIG: 18:04:18 : 
MIG: 18:04:18 :  Valid Param: DDR3_DATA_WIDTH ==> 32
MIG: 18:04:18 :  Invalid Param: ECC_TEST ==> "OFF"
MIG: 18:04:18 :  Invalid Param: DDR3_PAYLOAD_WIDTH ==> (ECC_TEST == "OFF") ? DATA_WIDTH : DQ_WIDTH
MIG: 18:04:18 :  Invalid Param: DDR3_MEM_ADDR_ORDER ==> "BANK_ROW_COLUMN"
MIG: 18:04:18 :  Invalid Param: DDR3_nBANK_MACHS ==> 4
MIG: 18:04:18 :  Invalid Param: DDR3_RANKS ==> 1
MIG: 18:04:18 : 
MIG: 18:04:18 :  Valid Param: DDR3_ODT_WIDTH ==> 1
MIG: 18:04:18 : 
MIG: 18:04:18 :  Valid Param: DDR3_ROW_WIDTH ==> 15
MIG: 18:04:18 : 
MIG: 18:04:18 :  Valid Param: DDR3_ADDR_WIDTH ==> 29
MIG: 18:04:18 : 
MIG: 18:04:18 :  Valid Param: DDR3_USE_CS_PORT ==> 1
MIG: 18:04:18 : 
MIG: 18:04:18 :  Valid Param: DDR3_USE_DM_PORT ==> 1
MIG: 18:04:18 : 
MIG: 18:04:18 :  Valid Param: DDR3_USE_ODT_PORT ==> 1
MIG: 18:04:18 :  Invalid Param: DDR3_IS_CLK_SHARED ==> "FALSE"
MIG: 18:04:18 :  Invalid Param: DDR3_PHY_CONTROL_MASTER_BANK ==> 1
MIG: 18:04:18 :  Invalid Param: DDR3_MEM_DENSITY ==> "4Gb"
MIG: 18:04:18 :  Invalid Param: DDR3_MEM_SPEEDGRADE ==> "125"
MIG: 18:04:18 :  Invalid Param: DDR3_MEM_DEVICE_WIDTH ==> 16
MIG: 18:04:18 :  Invalid Param: DDR3_AL ==> "0"
MIG: 18:04:18 :  Invalid Param: DDR3_nAL ==> 0
MIG: 18:04:18 :  Invalid Param: DDR3_BURST_MODE ==> "8"
MIG: 18:04:18 :  Invalid Param: DDR3_BURST_TYPE ==> "SEQ"
MIG: 18:04:18 :  Invalid Param: DDR3_CL ==> 6
MIG: 18:04:18 :  Invalid Param: DDR3_CWL ==> 5
MIG: 18:04:18 :  Invalid Param: DDR3_OUTPUT_DRV ==> "HIGH"
MIG: 18:04:18 :  Invalid Param: DDR3_RTT_NOM ==> "60"
MIG: 18:04:18 :  Invalid Param: DDR3_RTT_WR ==> "OFF"
MIG: 18:04:18 :  Invalid Param: DDR3_ADDR_CMD_MODE ==> "1T"
MIG: 18:04:18 : 
MIG: 18:04:18 :  Valid Param: DDR3_REG_CTRL ==> OFF
MIG: 18:04:18 :  Invalid Param: DDR3_CA_MIRROR ==> "OFF"
MIG: 18:04:18 :  Invalid Param: DDR3_VDD_OP_VOLT ==> "150"
MIG: 18:04:18 :  Invalid Param: DDR3_CLKIN_PERIOD ==> 5000
MIG: 18:04:18 :  Invalid Param: DDR3_CLKFBOUT_MULT ==> 4
MIG: 18:04:18 :  Invalid Param: DDR3_DIVCLK_DIVIDE ==> 1
MIG: 18:04:18 :  Invalid Param: DDR3_CLKOUT0_PHASE ==> 337.5
MIG: 18:04:18 :  Invalid Param: DDR3_CLKOUT0_DIVIDE ==> 2
MIG: 18:04:18 :  Invalid Param: DDR3_CLKOUT1_DIVIDE ==> 2
MIG: 18:04:18 :  Invalid Param: DDR3_CLKOUT2_DIVIDE ==> 32
MIG: 18:04:18 :  Invalid Param: DDR3_CLKOUT3_DIVIDE ==> 8
MIG: 18:04:18 :  Invalid Param: DDR3_MMCM_VCO ==> 800
MIG: 18:04:18 :  Invalid Param: DDR3_MMCM_MULT_F ==> 8
MIG: 18:04:18 :  Invalid Param: DDR3_MMCM_DIVCLK_DIVIDE ==> 1
MIG: 18:04:18 :  Invalid Param: DDR3_tCKE ==> 5000
MIG: 18:04:18 :  Invalid Param: DDR3_tFAW ==> 40000
MIG: 18:04:18 :  Invalid Param: DDR3_tPRDI ==> 1_000_000
MIG: 18:04:18 :  Invalid Param: DDR3_tRAS ==> 35000
MIG: 18:04:18 :  Invalid Param: DDR3_tRCD ==> 13750
MIG: 18:04:18 :  Invalid Param: DDR3_tREFI ==> 7800000
MIG: 18:04:18 :  Invalid Param: DDR3_tRFC ==> 260000
MIG: 18:04:18 :  Invalid Param: DDR3_tRP ==> 13750
MIG: 18:04:18 :  Invalid Param: DDR3_tRRD ==> 7500
MIG: 18:04:18 :  Invalid Param: DDR3_tRTP ==> 7500
MIG: 18:04:18 :  Invalid Param: DDR3_tWTR ==> 7500
MIG: 18:04:18 :  Invalid Param: DDR3_tZQI ==> 128_000_000
MIG: 18:04:18 :  Invalid Param: DDR3_tZQCS ==> 64
MIG: 18:04:18 :  Invalid Param: DDR3_SIM_BYPASS_INIT_CAL ==> "OFF"
MIG: 18:04:18 :  Invalid Param: DDR3_SIMULATION ==> "FALSE"
MIG: 18:04:18 :  Invalid Param: DDR3_BYTE_LANES_B0 ==> 4'b1111
MIG: 18:04:18 :  Invalid Param: DDR3_BYTE_LANES_B1 ==> 4'b1110
MIG: 18:04:18 :  Invalid Param: DDR3_BYTE_LANES_B2 ==> 4'b0000
MIG: 18:04:18 :  Invalid Param: DDR3_BYTE_LANES_B3 ==> 4'b0000
MIG: 18:04:18 :  Invalid Param: DDR3_BYTE_LANES_B4 ==> 4'b0000
MIG: 18:04:18 :  Invalid Param: DDR3_DATA_CTL_B0 ==> 4'b1111
MIG: 18:04:18 :  Invalid Param: DDR3_DATA_CTL_B1 ==> 4'b0000
MIG: 18:04:18 :  Invalid Param: DDR3_DATA_CTL_B2 ==> 4'b0000
MIG: 18:04:18 :  Invalid Param: DDR3_DATA_CTL_B3 ==> 4'b0000
MIG: 18:04:18 :  Invalid Param: DDR3_DATA_CTL_B4 ==> 4'b0000
MIG: 18:04:18 :  Invalid Param: DDR3_PHY_0_BITLANES ==> 48'h3FE_3FE_1FF_2FF
MIG: 18:04:18 :  Invalid Param: DDR3_PHY_1_BITLANES ==> 48'h3FF_FFF_0C0_000
MIG: 18:04:18 :  Invalid Param: DDR3_PHY_2_BITLANES ==> 48'h000_000_000_000
MIG: 18:04:18 :  Invalid Param: DDR3_CK_BYTE_MAP ==> 144'h00_00_00_00_00_00_00_00_00_00_00_00_00_00_00_00_00_13
MIG: 18:04:18 :  Invalid Param: DDR3_ADDR_MAP ==> 192'h000_130_138_134_135_132_137_136_139_133_131_128_124_125_126_122
MIG: 18:04:18 :  Invalid Param: DDR3_BANK_MAP ==> 36'h123_12B_12A
MIG: 18:04:18 :  Invalid Param: DDR3_CAS_MAP ==> 12'h120
MIG: 18:04:18 :  Invalid Param: DDR3_CKE_ODT_BYTE_MAP ==> 8'h00
MIG: 18:04:18 :  Invalid Param: DDR3_CKE_MAP ==> 96'h000_000_000_000_000_000_000_117
MIG: 18:04:18 :  Invalid Param: DDR3_ODT_MAP ==> 96'h000_000_000_000_000_000_000_116
MIG: 18:04:18 :  Invalid Param: DDR3_CS_MAP ==> 120'h000_000_000_000_000_000_000_000_000_127
MIG: 18:04:18 :  Invalid Param: DDR3_PARITY_MAP ==> 12'h000
MIG: 18:04:18 :  Invalid Param: DDR3_RAS_MAP ==> 12'h121
MIG: 18:04:18 :  Invalid Param: DDR3_WE_MAP ==> 12'h129
MIG: 18:04:18 :  Invalid Param: DDR3_DQS_BYTE_MAP ==> 144'h00_00_00_00_00_00_00_00_00_00_00_00_00_00_00_01_02_03
MIG: 18:04:18 :  Invalid Param: DDR3_DATA0_MAP ==> 96'h035_039_032_036_031_038_033_037
MIG: 18:04:18 :  Invalid Param: DDR3_DATA1_MAP ==> 96'h021_029_025_028_024_027_022_023
MIG: 18:04:18 :  Invalid Param: DDR3_DATA2_MAP ==> 96'h011_018_013_016_012_017_015_010
MIG: 18:04:18 :  Invalid Param: DDR3_DATA3_MAP ==> 96'h005_001_000_003_004_007_009_006
MIG: 18:04:18 :  Invalid Param: DDR3_DATA4_MAP ==> 96'h000_000_000_000_000_000_000_000
MIG: 18:04:18 :  Invalid Param: DDR3_DATA5_MAP ==> 96'h000_000_000_000_000_000_000_000
MIG: 18:04:18 :  Invalid Param: DDR3_DATA6_MAP ==> 96'h000_000_000_000_000_000_000_000
MIG: 18:04:18 :  Invalid Param: DDR3_DATA7_MAP ==> 96'h000_000_000_000_000_000_000_000
MIG: 18:04:18 :  Invalid Param: DDR3_DATA8_MAP ==> 96'h000_000_000_000_000_000_000_000
MIG: 18:04:18 :  Invalid Param: DDR3_DATA9_MAP ==> 96'h000_000_000_000_000_000_000_000
MIG: 18:04:18 :  Invalid Param: DDR3_DATA10_MAP ==> 96'h000_000_000_000_000_000_000_000
MIG: 18:04:18 :  Invalid Param: DDR3_DATA11_MAP ==> 96'h000_000_000_000_000_000_000_000
MIG: 18:04:18 :  Invalid Param: DDR3_DATA12_MAP ==> 96'h000_000_000_000_000_000_000_000
MIG: 18:04:18 :  Invalid Param: DDR3_DATA13_MAP ==> 96'h000_000_000_000_000_000_000_000
MIG: 18:04:18 :  Invalid Param: DDR3_DATA14_MAP ==> 96'h000_000_000_000_000_000_000_000
MIG: 18:04:18 :  Invalid Param: DDR3_DATA15_MAP ==> 96'h000_000_000_000_000_000_000_000
MIG: 18:04:18 :  Invalid Param: DDR3_DATA16_MAP ==> 96'h000_000_000_000_000_000_000_000
MIG: 18:04:18 :  Invalid Param: DDR3_DATA17_MAP ==> 96'h000_000_000_000_000_000_000_000
MIG: 18:04:18 :  Invalid Param: DDR3_MASK0_MAP ==> 108'h000_000_000_000_000_002_014_026_034
MIG: 18:04:18 :  Invalid Param: DDR3_MASK1_MAP ==> 108'h000_000_000_000_000_000_000_000_000
MIG: 18:04:18 :  Invalid Param: DDR3_SLOT_0_CONFIG ==> 8'b0000_0001
MIG: 18:04:18 :  Invalid Param: DDR3_SLOT_1_CONFIG ==> 8'b0000_0000
MIG: 18:04:18 :  Invalid Param: DDR3_IBUF_LPWR_MODE ==> "OFF"
MIG: 18:04:18 :  Invalid Param: DDR3_DATA_IO_IDLE_PWRDWN ==> "ON"
MIG: 18:04:18 :  Invalid Param: DDR3_BANK_TYPE ==> "HR_IO"
MIG: 18:04:18 :  Invalid Param: DDR3_DATA_IO_PRIM_TYPE ==> "HR_LP"
MIG: 18:04:18 :  Invalid Param: DDR3_CKE_ODT_AUX ==> "FALSE"
MIG: 18:04:18 :  Invalid Param: DDR3_USER_REFRESH ==> "OFF"
MIG: 18:04:18 :  Invalid Param: DDR3_WRLVL ==> "ON"
MIG: 18:04:18 :  Invalid Param: DDR3_ORDERING ==> "NORM"
MIG: 18:04:18 :  Invalid Param: DDR3_CALIB_ROW_ADD ==> 16'h0000
MIG: 18:04:18 :  Invalid Param: DDR3_CALIB_COL_ADD ==> 12'h000
MIG: 18:04:18 :  Invalid Param: DDR3_CALIB_BA_ADD ==> 3'h0
MIG: 18:04:18 :  Invalid Param: DDR3_TCQ ==> 100
MIG: 18:04:18 :  Invalid Param: DDR3_IDELAY_ADJ ==> "OFF"
MIG: 18:04:18 :  Invalid Param: DDR3_FINE_PER_BIT ==> "OFF"
MIG: 18:04:18 :  Invalid Param: DDR3_CENTER_COMP_MODE ==> "OFF"
MIG: 18:04:18 :  Invalid Param: DDR3_PI_VAL_ADJ ==> "OFF"
MIG: 18:04:18 :  Invalid Param: DDR3_IODELAY_GRP0 ==> "DDR3_IODELAY_MIG0"
MIG: 18:04:18 :  Invalid Param: DDR3_IODELAY_GRP1 ==> "DDR3_IODELAY_MIG1"
MIG: 18:04:18 :  Invalid Param: DDR3_SYSCLK_TYPE ==> "NO_BUFFER"
MIG: 18:04:18 :  Invalid Param: DDR3_REFCLK_TYPE ==> "USE_SYSTEM_CLOCK"
MIG: 18:04:18 :  Invalid Param: DDR3_SYS_RST_PORT ==> "FALSE"
MIG: 18:04:18 :  Invalid Param: DDR3_FPGA_SPEED_GRADE ==> 2
MIG: 18:04:18 :  Invalid Param: DDR3_CMD_PIPE_PLUS1 ==> "ON"
MIG: 18:04:18 :  Invalid Param: DDR3_DRAM_TYPE ==> "DDR3"
MIG: 18:04:18 :  Invalid Param: DDR3_CAL_WIDTH ==> "HALF"
MIG: 18:04:18 :  Invalid Param: DDR3_STARVE_LIMIT ==> 2
MIG: 18:04:18 :  Invalid Param: DDR3_REF_CLK_MMCM_IODELAY_CTRL ==> "FALSE"
MIG: 18:04:18 :  Invalid Param: DDR3_REFCLK_FREQ ==> 200.0
MIG: 18:04:18 :  Invalid Param: DDR3_DIFF_TERM_REFCLK ==> "TRUE"
MIG: 18:04:18 :  Invalid Param: DDR3_tCK ==> 2500
MIG: 18:04:18 : 
MIG: 18:04:18 :  Valid Param: DDR3_nCK_PER_CLK ==> 4
MIG: 18:04:18 :  Invalid Param: DDR3_DIFF_TERM_SYSCLK ==> "TRUE"
MIG: 18:04:18 : 
MIG: 18:04:18 :  Valid Param: UI_EXTRA_CLOCKS ==> FALSE
MIG: 18:04:18 : 
MIG: 18:04:18 :  Valid Param: C_S_AXI_ID_WIDTH ==> 1
MIG: 18:04:18 : 
MIG: 18:04:18 :  Valid Param: C_S_AXI_MEM_SIZE ==> 1073741824
MIG: 18:04:18 : 
MIG: 18:04:18 :  Valid Param: C_S_AXI_ADDR_WIDTH ==> 30
MIG: 18:04:18 : 256
MIG: 18:04:18 :  Valid Param: C_S_AXI_DATA_WIDTH ==> 256
MIG: 18:04:18 :  Invalid Param: DDR3_C_MC_nCK_PER_CLK ==> 4
MIG: 18:04:18 :  Invalid Param: C_S_AXI_SUPPORTS_NARROW_BURST ==> 0
MIG: 18:04:18 :  Invalid Param: DDR3_C_RD_WR_ARB_ALGORITHM ==> "RD_PRI_REG"
MIG: 18:04:18 :  Invalid Param: C_S_AXI_REG_EN0 ==> 20'h00000
MIG: 18:04:18 :  Invalid Param: C_S_AXI_REG_EN1 ==> 20'h00000
MIG: 18:04:18 : 
MIG: 18:04:18 :  Valid Param: C_S_AXI_CTRL_ADDR_WIDTH ==> 32
MIG: 18:04:18 : 
MIG: 18:04:18 :  Valid Param: C_S_AXI_CTRL_DATA_WIDTH ==> 32
MIG: 18:04:18 :  Invalid Param: C_S_AXI_BASEADDR ==> 32'h0000_0000
MIG: 18:04:18 :  Invalid Param: C_ECC_ONOFF_RESET_VALUE ==> 1
MIG: 18:04:18 :  Invalid Param: C_ECC_CE_COUNTER_WIDTH ==> 8
MIG: 18:04:18 : 
MIG: 18:04:18 :  Valid Param: DDR3_DEBUG_PORT ==> OFF
MIG: 18:04:18 : 
MIG: 18:04:18 :  Invalid Param: DDR3_TEMP_MON_CONTROL ==> "INTERNAL"
MIG: 18:04:18 :  Invalid Param: DDR3_RST_ACT_LOW ==> 1
MIG: 18:04:18 : 
MIG: 18:04:18 : 
MIG: 18:04:18 : 
MIG: 18:04:18 : Same Interface
MIG: 18:04:19 : ################# RUNNING MIG BATCH ###################
MIG: 18:04:19 : Writing IN file for 'ddr3'...compDirPath: d:/Xilinx/Vivado/2015.4/data/ip/xilinx/mig_7series_v2_4... instDirPath: g:/AX7100/hdmi_loop_ddr3/hdmi_loop_ddr3.srcs/sources_1/ip/ddr3
MIG: 18:04:19 : synp_flow:  -- synthesis_mode: Other
MIG: 18:04:19 : outputDirectory: g:/AX7100/hdmi_loop_ddr3/hdmi_loop_ddr3.srcs/sources_1/ip/ddr3/_tmp/
MIG: 18:04:19 : vivado_mode: xpg_pa
MIG: 18:04:19 :  locked false  
MIG: 18:04:19 : HDL Language: Verilog
MIG: 18:04:19 : compInfo: false
MIG: 18:04:19 : Vivado Options xc7a100t fgg484 -2
MIG: 18:04:19 : 1: xc7a100t 2: fgg484 3: -2
MIG: 18:04:19 : relative mig path: coregen/ip/xilinx/other/com/xilinx/ip/mig_7series_v2_4/bin/nt64/mig.exe
MIG: 18:04:19 : xilinx_path: D:/Xilinx/Vivado/2015.4/ids_lite/ISE
MIG: 18:04:19 : I am in catch area
MIG: 18:04:19 : Running D:/Xilinx/Vivado/2015.4/ids_lite/ISE/coregen/ip/xilinx/other/com/xilinx/ip/mig_7series_v2_4/bin/nt64/mig.exe -cg_exc_inp g:/AX7100/hdmi_loop_ddr3/hdmi_loop_ddr3.srcs/sources_1/ip/ddr3/xil_txt.in -cg_exc_out g:/AX7100/hdmi_loop_ddr3/hdmi_loop_ddr3.srcs/sources_1/ip/ddr3/xil_txt.out ... 
MIG: 18:04:27 : XML_INPUT_FILE: g:/AX7100/hdmi_loop_ddr3/hdmi_loop_ddr3.srcs/sources_1/ip/ddr3/mig_b.prj
MIG: 18:04:27 : Component_Name: ddr3
MIG: 18:04:27 : Moving ddr3 ...
MIG: 18:04:27 : Moving ddr3.veo ...
MIG: 18:04:27 : Moving ddr3_xmdf.tcl ...
MIG: 18:04:30 : Running synthesis.xit
MIG: 18:04:30 : ################# RUNNING MIG BATCH ###################
MIG: 18:04:30 : Writing IN file for 'ddr3'...compDirPath: d:/Xilinx/Vivado/2015.4/data/ip/xilinx/mig_7series_v2_4... instDirPath: g:/AX7100/hdmi_loop_ddr3/hdmi_loop_ddr3.srcs/sources_1/ip/ddr3
MIG: 18:04:30 : synp_flow:  -- synthesis_mode: Other
MIG: 18:04:30 : outputDirectory: g:/AX7100/hdmi_loop_ddr3/hdmi_loop_ddr3.srcs/sources_1/ip/ddr3/_tmp/
MIG: 18:04:30 : vivado_mode: xpg_pa
MIG: 18:04:30 :  locked false  
MIG: 18:04:30 : HDL Language: Verilog
MIG: 18:04:30 : compInfo: false
MIG: 18:04:30 : Vivado Options xc7a100t fgg484 -2
MIG: 18:04:30 : 1: xc7a100t 2: fgg484 3: -2
MIG: 18:04:30 : relative mig path: coregen/ip/xilinx/other/com/xilinx/ip/mig_7series_v2_4/bin/nt64/mig.exe
MIG: 18:04:30 : xilinx_path: D:/Xilinx/Vivado/2015.4/ids_lite/ISE
MIG: 18:04:30 : I am in catch area
MIG: 18:04:30 : Running D:/Xilinx/Vivado/2015.4/ids_lite/ISE/coregen/ip/xilinx/other/com/xilinx/ip/mig_7series_v2_4/bin/nt64/mig.exe -cg_exc_inp g:/AX7100/hdmi_loop_ddr3/hdmi_loop_ddr3.srcs/sources_1/ip/ddr3/xil_txt.in -cg_exc_out g:/AX7100/hdmi_loop_ddr3/hdmi_loop_ddr3.srcs/sources_1/ip/ddr3/xil_txt.out ... 
MIG: 18:04:38 : XML_INPUT_FILE: g:/AX7100/hdmi_loop_ddr3/hdmi_loop_ddr3.srcs/sources_1/ip/ddr3/mig_b.prj
MIG: 18:04:38 : Component_Name: ddr3
MIG: 18:04:38 : Moving ddr3 ...
MIG: 18:04:38 : Moving ddr3.veo ...
MIG: 18:04:38 : Moving ddr3_xmdf.tcl ...
MIG: 18:04:38 : Running vlog_synth_rpr.xit
MIG: 18:04:38 : IGN:     <ModuleName>ddr3</ModuleName> <==>     <ModuleName>ddr3</ModuleName> 
MIG: 18:04:38 : IGN:         <InputClkFreq>200</InputClkFreq> <==>         <InputClkFreq>200</InputClkFreq> 
MIG: 18:04:38 : Running simulation.xit
MIG: 18:04:38 : ################# RUNNING MIG BATCH ###################
MIG: 18:04:38 : Writing IN file for 'ddr3'...compDirPath: d:/Xilinx/Vivado/2015.4/data/ip/xilinx/mig_7series_v2_4... instDirPath: g:/AX7100/hdmi_loop_ddr3/hdmi_loop_ddr3.srcs/sources_1/ip/ddr3
MIG: 18:04:38 : synp_flow:  -- synthesis_mode: Other
MIG: 18:04:38 : outputDirectory: g:/AX7100/hdmi_loop_ddr3/hdmi_loop_ddr3.srcs/sources_1/ip/ddr3/_tmp/
MIG: 18:04:38 : vivado_mode: xpg_pa
MIG: 18:04:38 :  locked false  
MIG: 18:04:38 : HDL Language: Verilog
MIG: 18:04:38 : compInfo: false
MIG: 18:04:38 : Vivado Options xc7a100t fgg484 -2
MIG: 18:04:38 : 1: xc7a100t 2: fgg484 3: -2
MIG: 18:04:38 : relative mig path: coregen/ip/xilinx/other/com/xilinx/ip/mig_7series_v2_4/bin/nt64/mig.exe
MIG: 18:04:38 : xilinx_path: D:/Xilinx/Vivado/2015.4/ids_lite/ISE
MIG: 18:04:38 : I am in catch area
MIG: 18:04:38 : Running D:/Xilinx/Vivado/2015.4/ids_lite/ISE/coregen/ip/xilinx/other/com/xilinx/ip/mig_7series_v2_4/bin/nt64/mig.exe -cg_exc_inp g:/AX7100/hdmi_loop_ddr3/hdmi_loop_ddr3.srcs/sources_1/ip/ddr3/xil_txt.in -cg_exc_out g:/AX7100/hdmi_loop_ddr3/hdmi_loop_ddr3.srcs/sources_1/ip/ddr3/xil_txt.out ... 
MIG: 18:04:46 : XML_INPUT_FILE: g:/AX7100/hdmi_loop_ddr3/hdmi_loop_ddr3.srcs/sources_1/ip/ddr3/mig_b.prj
MIG: 18:04:46 : Component_Name: ddr3
MIG: 18:04:46 : Moving ddr3 ...
MIG: 18:04:46 : Moving ddr3.veo ...
MIG: 18:04:46 : Moving ddr3_xmdf.tcl ...
MIG: 18:04:46 : Running vlog_sim_rpr.xit .. PRASAD DBG1
MIG: 18:04:47 : IGN:     <ModuleName>ddr3</ModuleName> <==>     <ModuleName>ddr3</ModuleName> 
MIG: 18:04:47 : IGN:         <InputClkFreq>200</InputClkFreq> <==>         <InputClkFreq>200</InputClkFreq> 
MIG: 18:04:47 : Running implementation.xit
MIG: 18:04:47 : IGN:     <ModuleName>ddr3</ModuleName> <==>     <ModuleName>ddr3</ModuleName> 
MIG: 18:04:47 : IGN:         <InputClkFreq>200</InputClkFreq> <==>         <InputClkFreq>200</InputClkFreq> 
MIG: 18:22:44 : Running customizer.xit
MIG: 18:22:44 : ################# RUNNING MIG INTERACTIVE ###################
MIG: 18:22:44 : Writing IN file for 'ddr3'...compDirPath: d:/Xilinx/Vivado/2015.4/data/ip/xilinx/mig_7series_v2_4... instDirPath: c:/Users/Mei/AppData/Roaming/Xilinx/Vivado/.Xil/Vivado-2604-Mei-PC/coregen/ddr3
MIG: 18:22:44 : synp_flow:  -- synthesis_mode: Other
MIG: 18:22:44 : outputDirectory: c:/Users/Mei/AppData/Roaming/Xilinx/Vivado/.Xil/Vivado-2604-Mei-PC/coregen/ddr3/_tmp/
MIG: 18:22:44 : vivado_mode: xpg_pa
MIG: 18:22:44 :  locked false  
MIG: 18:22:44 : HDL Language: Verilog
MIG: 18:22:44 : compInfo: false
MIG: 18:22:44 : Vivado Options xc7a100t fgg484 -2
MIG: 18:22:44 : 1: xc7a100t 2: fgg484 3: -2
MIG: 18:22:44 : relative mig path: coregen/ip/xilinx/other/com/xilinx/ip/mig_7series_v2_4/bin/nt64/mig.exe
MIG: 18:22:44 : xilinx_path: D:/Xilinx/Vivado/2015.4/ids_lite/ISE
MIG: 18:22:44 : I am in catch area
MIG: 18:22:44 : Running D:/Xilinx/Vivado/2015.4/ids_lite/ISE/coregen/ip/xilinx/other/com/xilinx/ip/mig_7series_v2_4/bin/nt64/mig.exe -cg_exc_inp c:/Users/Mei/AppData/Roaming/Xilinx/Vivado/.Xil/Vivado-2604-Mei-PC/coregen/ddr3/xil_txt.in -cg_exc_out c:/Users/Mei/AppData/Roaming/Xilinx/Vivado/.Xil/Vivado-2604-Mei-PC/coregen/ddr3/xil_txt.out ... 
MIG: 18:23:28 : Prasad before: xmlPropertyPrj -- mig_b.prj
MIG: 18:23:28 : Prasad After: xmlPropertyPrj -- mig_a.prj
MIG: 18:23:28 : XML_INPUT_FILE: c:/Users/Mei/AppData/Roaming/Xilinx/Vivado/.Xil/Vivado-2604-Mei-PC/coregen/ddr3/mig_a.prj
MIG: 18:23:28 : Component_Name: ddr3
MIG: 18:23:28 : Moving ddr3 ...
MIG: 18:23:28 : Moving ddr3.veo ...
MIG: 18:23:28 : Moving ddr3_xmdf.tcl ...
MIG: 18:23:28 : Sending back 0
MIG: 18:23:28 : xml_input_file: mig_a.prj
MIG: 18:23:28 : Absolute path of xml_input_file: g:/AX7100/hdmi_loop_ddr3/hdmi_loop_ddr3.srcs/sources_1/ip/ddr3/mig_a.prj
MIG: 18:23:28 : xml_input_file: mig_a.prj
MIG: 18:23:28 : Absolute path of xml_input_file: g:/AX7100/hdmi_loop_ddr3/hdmi_loop_ddr3.srcs/sources_1/ip/ddr3/mig_a.prj
MIG: 18:23:28 : In updateAllModelParams
MIG: 18:23:28 : IGN:     <ModuleName>ddr3</ModuleName> <==>     <ModuleName>ddr3</ModuleName> 
MIG: 18:23:28 : IGN:         <InputClkFreq>200</InputClkFreq> <==>         <InputClkFreq>200</InputClkFreq> 
MIG: 18:23:28 : XGUI hdlLanguage: Verilog
MIG: 18:23:28 : xgui vivado_mode: xpg_pa
MIG: 18:23:28 : xgui hdlLanguage: Verilog -- hdlExt: v
MIG: 18:23:28 : Reading G:/AX7100/hdmi_loop_ddr3/hdmi_loop_ddr3.srcs/sources_1/ip/ddr3/ddr3/user_design/rtl/ddr3_mig.v ...
MIG: 18:23:29 : 
MIG: 18:23:29 : Inside fn mem: DDR3
MIG: 18:23:29 : QDRII+ Inside fn ui: 100000000
MIG: 18:23:29 : cntrl:  memtype: DDR3
MIG: 18:23:29 : 
MIG: 18:23:29 :  MMCM_VCO single ctrl param_name: MMCM_VCO --  possibleMaxVcoVal: 800 
MIG: 18:23:29 : 
MIG: 18:23:29 : 
MIG: 18:23:29 : 
MIG: 18:23:29 : 
MIG: 18:23:29 :  polarity_value: 1
MIG: 18:23:29 : 
MIG: 18:23:29 : 
MIG: 18:23:29 : cntrl:  memtype: DDR3
MIG: 18:23:29 : 
MIG: 18:23:29 :  Valid Param: DDR3_BANK_WIDTH ==> 3
MIG: 18:23:29 : 
MIG: 18:23:29 :  Valid Param: DDR3_CK_WIDTH ==> 1
MIG: 18:23:29 :  Invalid Param: DDR3_COL_WIDTH ==> 10
MIG: 18:23:29 : 
MIG: 18:23:29 :  Valid Param: DDR3_CS_WIDTH ==> 1
MIG: 18:23:29 : 
MIG: 18:23:29 :  Valid Param: DDR3_nCS_PER_RANK ==> 1
MIG: 18:23:29 : 
MIG: 18:23:29 :  Valid Param: DDR3_CKE_WIDTH ==> 1
MIG: 18:23:29 :  Invalid Param: DDR3_DATA_BUF_ADDR_WIDTH ==> 5
MIG: 18:23:29 :  Invalid Param: DDR3_DQ_CNT_WIDTH ==> 5
MIG: 18:23:29 :  Invalid Param: DDR3_DQ_PER_DM ==> 8
MIG: 18:23:29 : 
MIG: 18:23:29 :  Valid Param: DDR3_DM_WIDTH ==> 4
MIG: 18:23:29 : 
MIG: 18:23:29 :  Valid Param: DDR3_DQ_WIDTH ==> 32
MIG: 18:23:29 : 
MIG: 18:23:29 :  Valid Param: DDR3_DQS_WIDTH ==> 4
MIG: 18:23:29 : 
MIG: 18:23:29 :  Valid Param: DDR3_DQS_CNT_WIDTH ==> 2
MIG: 18:23:29 :  Invalid Param: DDR3_DRAM_WIDTH ==> 8
MIG: 18:23:29 : 
MIG: 18:23:29 :  Valid Param: ECC ==> OFF
MIG: 18:23:29 : 
MIG: 18:23:29 :  Valid Param: DDR3_DATA_WIDTH ==> 32
MIG: 18:23:29 :  Invalid Param: ECC_TEST ==> "OFF"
MIG: 18:23:29 :  Invalid Param: DDR3_PAYLOAD_WIDTH ==> (ECC_TEST == "OFF") ? DATA_WIDTH : DQ_WIDTH
MIG: 18:23:29 :  Invalid Param: DDR3_MEM_ADDR_ORDER ==> "BANK_ROW_COLUMN"
MIG: 18:23:29 :  Invalid Param: DDR3_nBANK_MACHS ==> 4
MIG: 18:23:29 :  Invalid Param: DDR3_RANKS ==> 1
MIG: 18:23:29 : 
MIG: 18:23:29 :  Valid Param: DDR3_ODT_WIDTH ==> 1
MIG: 18:23:29 : 
MIG: 18:23:29 :  Valid Param: DDR3_ROW_WIDTH ==> 15
MIG: 18:23:29 : 
MIG: 18:23:29 :  Valid Param: DDR3_ADDR_WIDTH ==> 29
MIG: 18:23:29 : 
MIG: 18:23:29 :  Valid Param: DDR3_USE_CS_PORT ==> 1
MIG: 18:23:29 : 
MIG: 18:23:29 :  Valid Param: DDR3_USE_DM_PORT ==> 1
MIG: 18:23:29 : 
MIG: 18:23:29 :  Valid Param: DDR3_USE_ODT_PORT ==> 1
MIG: 18:23:29 :  Invalid Param: DDR3_IS_CLK_SHARED ==> "FALSE"
MIG: 18:23:29 :  Invalid Param: DDR3_PHY_CONTROL_MASTER_BANK ==> 1
MIG: 18:23:29 :  Invalid Param: DDR3_MEM_DENSITY ==> "4Gb"
MIG: 18:23:29 :  Invalid Param: DDR3_MEM_SPEEDGRADE ==> "125"
MIG: 18:23:29 :  Invalid Param: DDR3_MEM_DEVICE_WIDTH ==> 16
MIG: 18:23:29 :  Invalid Param: DDR3_AL ==> "0"
MIG: 18:23:29 :  Invalid Param: DDR3_nAL ==> 0
MIG: 18:23:29 :  Invalid Param: DDR3_BURST_MODE ==> "8"
MIG: 18:23:29 :  Invalid Param: DDR3_BURST_TYPE ==> "SEQ"
MIG: 18:23:29 :  Invalid Param: DDR3_CL ==> 6
MIG: 18:23:29 :  Invalid Param: DDR3_CWL ==> 5
MIG: 18:23:29 :  Invalid Param: DDR3_OUTPUT_DRV ==> "HIGH"
MIG: 18:23:29 :  Invalid Param: DDR3_RTT_NOM ==> "60"
MIG: 18:23:29 :  Invalid Param: DDR3_RTT_WR ==> "OFF"
MIG: 18:23:29 :  Invalid Param: DDR3_ADDR_CMD_MODE ==> "1T"
MIG: 18:23:29 : 
MIG: 18:23:29 :  Valid Param: DDR3_REG_CTRL ==> OFF
MIG: 18:23:29 :  Invalid Param: DDR3_CA_MIRROR ==> "OFF"
MIG: 18:23:29 :  Invalid Param: DDR3_VDD_OP_VOLT ==> "150"
MIG: 18:23:29 :  Invalid Param: DDR3_CLKIN_PERIOD ==> 5000
MIG: 18:23:29 :  Invalid Param: DDR3_CLKFBOUT_MULT ==> 4
MIG: 18:23:29 :  Invalid Param: DDR3_DIVCLK_DIVIDE ==> 1
MIG: 18:23:29 :  Invalid Param: DDR3_CLKOUT0_PHASE ==> 337.5
MIG: 18:23:29 :  Invalid Param: DDR3_CLKOUT0_DIVIDE ==> 2
MIG: 18:23:29 :  Invalid Param: DDR3_CLKOUT1_DIVIDE ==> 2
MIG: 18:23:29 :  Invalid Param: DDR3_CLKOUT2_DIVIDE ==> 32
MIG: 18:23:29 :  Invalid Param: DDR3_CLKOUT3_DIVIDE ==> 8
MIG: 18:23:29 :  Invalid Param: DDR3_MMCM_VCO ==> 800
MIG: 18:23:29 :  Invalid Param: DDR3_MMCM_MULT_F ==> 8
MIG: 18:23:29 :  Invalid Param: DDR3_MMCM_DIVCLK_DIVIDE ==> 1
MIG: 18:23:29 :  Invalid Param: DDR3_tCKE ==> 5000
MIG: 18:23:29 :  Invalid Param: DDR3_tFAW ==> 40000
MIG: 18:23:29 :  Invalid Param: DDR3_tPRDI ==> 1_000_000
MIG: 18:23:29 :  Invalid Param: DDR3_tRAS ==> 35000
MIG: 18:23:29 :  Invalid Param: DDR3_tRCD ==> 13750
MIG: 18:23:29 :  Invalid Param: DDR3_tREFI ==> 7800000
MIG: 18:23:29 :  Invalid Param: DDR3_tRFC ==> 260000
MIG: 18:23:29 :  Invalid Param: DDR3_tRP ==> 13750
MIG: 18:23:29 :  Invalid Param: DDR3_tRRD ==> 7500
MIG: 18:23:29 :  Invalid Param: DDR3_tRTP ==> 7500
MIG: 18:23:29 :  Invalid Param: DDR3_tWTR ==> 7500
MIG: 18:23:29 :  Invalid Param: DDR3_tZQI ==> 128_000_000
MIG: 18:23:29 :  Invalid Param: DDR3_tZQCS ==> 64
MIG: 18:23:29 :  Invalid Param: DDR3_SIM_BYPASS_INIT_CAL ==> "OFF"
MIG: 18:23:29 :  Invalid Param: DDR3_SIMULATION ==> "FALSE"
MIG: 18:23:29 :  Invalid Param: DDR3_BYTE_LANES_B0 ==> 4'b1111
MIG: 18:23:29 :  Invalid Param: DDR3_BYTE_LANES_B1 ==> 4'b1110
MIG: 18:23:29 :  Invalid Param: DDR3_BYTE_LANES_B2 ==> 4'b0000
MIG: 18:23:29 :  Invalid Param: DDR3_BYTE_LANES_B3 ==> 4'b0000
MIG: 18:23:29 :  Invalid Param: DDR3_BYTE_LANES_B4 ==> 4'b0000
MIG: 18:23:29 :  Invalid Param: DDR3_DATA_CTL_B0 ==> 4'b1111
MIG: 18:23:29 :  Invalid Param: DDR3_DATA_CTL_B1 ==> 4'b0000
MIG: 18:23:29 :  Invalid Param: DDR3_DATA_CTL_B2 ==> 4'b0000
MIG: 18:23:29 :  Invalid Param: DDR3_DATA_CTL_B3 ==> 4'b0000
MIG: 18:23:29 :  Invalid Param: DDR3_DATA_CTL_B4 ==> 4'b0000
MIG: 18:23:29 :  Invalid Param: DDR3_PHY_0_BITLANES ==> 48'h3FE_3FE_1FF_2FF
MIG: 18:23:29 :  Invalid Param: DDR3_PHY_1_BITLANES ==> 48'h3FF_FFF_0C0_000
MIG: 18:23:29 :  Invalid Param: DDR3_PHY_2_BITLANES ==> 48'h000_000_000_000
MIG: 18:23:29 :  Invalid Param: DDR3_CK_BYTE_MAP ==> 144'h00_00_00_00_00_00_00_00_00_00_00_00_00_00_00_00_00_13
MIG: 18:23:29 :  Invalid Param: DDR3_ADDR_MAP ==> 192'h000_130_138_134_135_132_137_136_139_133_131_128_124_125_126_122
MIG: 18:23:29 :  Invalid Param: DDR3_BANK_MAP ==> 36'h123_12B_12A
MIG: 18:23:29 :  Invalid Param: DDR3_CAS_MAP ==> 12'h120
MIG: 18:23:29 :  Invalid Param: DDR3_CKE_ODT_BYTE_MAP ==> 8'h00
MIG: 18:23:29 :  Invalid Param: DDR3_CKE_MAP ==> 96'h000_000_000_000_000_000_000_117
MIG: 18:23:29 :  Invalid Param: DDR3_ODT_MAP ==> 96'h000_000_000_000_000_000_000_116
MIG: 18:23:29 :  Invalid Param: DDR3_CS_MAP ==> 120'h000_000_000_000_000_000_000_000_000_127
MIG: 18:23:29 :  Invalid Param: DDR3_PARITY_MAP ==> 12'h000
MIG: 18:23:29 :  Invalid Param: DDR3_RAS_MAP ==> 12'h121
MIG: 18:23:29 :  Invalid Param: DDR3_WE_MAP ==> 12'h129
MIG: 18:23:29 :  Invalid Param: DDR3_DQS_BYTE_MAP ==> 144'h00_00_00_00_00_00_00_00_00_00_00_00_00_00_00_01_02_03
MIG: 18:23:29 :  Invalid Param: DDR3_DATA0_MAP ==> 96'h035_039_032_036_031_038_033_037
MIG: 18:23:29 :  Invalid Param: DDR3_DATA1_MAP ==> 96'h021_029_025_028_024_027_022_023
MIG: 18:23:29 :  Invalid Param: DDR3_DATA2_MAP ==> 96'h011_018_013_016_012_017_015_010
MIG: 18:23:29 :  Invalid Param: DDR3_DATA3_MAP ==> 96'h005_001_000_003_004_007_009_006
MIG: 18:23:29 :  Invalid Param: DDR3_DATA4_MAP ==> 96'h000_000_000_000_000_000_000_000
MIG: 18:23:29 :  Invalid Param: DDR3_DATA5_MAP ==> 96'h000_000_000_000_000_000_000_000
MIG: 18:23:29 :  Invalid Param: DDR3_DATA6_MAP ==> 96'h000_000_000_000_000_000_000_000
MIG: 18:23:29 :  Invalid Param: DDR3_DATA7_MAP ==> 96'h000_000_000_000_000_000_000_000
MIG: 18:23:29 :  Invalid Param: DDR3_DATA8_MAP ==> 96'h000_000_000_000_000_000_000_000
MIG: 18:23:29 :  Invalid Param: DDR3_DATA9_MAP ==> 96'h000_000_000_000_000_000_000_000
MIG: 18:23:29 :  Invalid Param: DDR3_DATA10_MAP ==> 96'h000_000_000_000_000_000_000_000
MIG: 18:23:29 :  Invalid Param: DDR3_DATA11_MAP ==> 96'h000_000_000_000_000_000_000_000
MIG: 18:23:29 :  Invalid Param: DDR3_DATA12_MAP ==> 96'h000_000_000_000_000_000_000_000
MIG: 18:23:29 :  Invalid Param: DDR3_DATA13_MAP ==> 96'h000_000_000_000_000_000_000_000
MIG: 18:23:29 :  Invalid Param: DDR3_DATA14_MAP ==> 96'h000_000_000_000_000_000_000_000
MIG: 18:23:29 :  Invalid Param: DDR3_DATA15_MAP ==> 96'h000_000_000_000_000_000_000_000
MIG: 18:23:29 :  Invalid Param: DDR3_DATA16_MAP ==> 96'h000_000_000_000_000_000_000_000
MIG: 18:23:29 :  Invalid Param: DDR3_DATA17_MAP ==> 96'h000_000_000_000_000_000_000_000
MIG: 18:23:29 :  Invalid Param: DDR3_MASK0_MAP ==> 108'h000_000_000_000_000_002_014_026_034
MIG: 18:23:29 :  Invalid Param: DDR3_MASK1_MAP ==> 108'h000_000_000_000_000_000_000_000_000
MIG: 18:23:29 :  Invalid Param: DDR3_SLOT_0_CONFIG ==> 8'b0000_0001
MIG: 18:23:29 :  Invalid Param: DDR3_SLOT_1_CONFIG ==> 8'b0000_0000
MIG: 18:23:29 :  Invalid Param: DDR3_IBUF_LPWR_MODE ==> "OFF"
MIG: 18:23:29 :  Invalid Param: DDR3_DATA_IO_IDLE_PWRDWN ==> "ON"
MIG: 18:23:29 :  Invalid Param: DDR3_BANK_TYPE ==> "HR_IO"
MIG: 18:23:29 :  Invalid Param: DDR3_DATA_IO_PRIM_TYPE ==> "HR_LP"
MIG: 18:23:29 :  Invalid Param: DDR3_CKE_ODT_AUX ==> "FALSE"
MIG: 18:23:29 :  Invalid Param: DDR3_USER_REFRESH ==> "OFF"
MIG: 18:23:29 :  Invalid Param: DDR3_WRLVL ==> "ON"
MIG: 18:23:29 :  Invalid Param: DDR3_ORDERING ==> "NORM"
MIG: 18:23:29 :  Invalid Param: DDR3_CALIB_ROW_ADD ==> 16'h0000
MIG: 18:23:29 :  Invalid Param: DDR3_CALIB_COL_ADD ==> 12'h000
MIG: 18:23:29 :  Invalid Param: DDR3_CALIB_BA_ADD ==> 3'h0
MIG: 18:23:29 :  Invalid Param: DDR3_TCQ ==> 100
MIG: 18:23:29 :  Invalid Param: DDR3_IDELAY_ADJ ==> "OFF"
MIG: 18:23:30 :  Invalid Param: DDR3_FINE_PER_BIT ==> "OFF"
MIG: 18:23:30 :  Invalid Param: DDR3_CENTER_COMP_MODE ==> "OFF"
MIG: 18:23:30 :  Invalid Param: DDR3_PI_VAL_ADJ ==> "OFF"
MIG: 18:23:30 :  Invalid Param: DDR3_IODELAY_GRP0 ==> "DDR3_IODELAY_MIG0"
MIG: 18:23:30 :  Invalid Param: DDR3_IODELAY_GRP1 ==> "DDR3_IODELAY_MIG1"
MIG: 18:23:30 :  Invalid Param: DDR3_SYSCLK_TYPE ==> "NO_BUFFER"
MIG: 18:23:30 :  Invalid Param: DDR3_REFCLK_TYPE ==> "USE_SYSTEM_CLOCK"
MIG: 18:23:30 :  Invalid Param: DDR3_SYS_RST_PORT ==> "FALSE"
MIG: 18:23:30 :  Invalid Param: DDR3_FPGA_SPEED_GRADE ==> 2
MIG: 18:23:30 :  Invalid Param: DDR3_CMD_PIPE_PLUS1 ==> "ON"
MIG: 18:23:30 :  Invalid Param: DDR3_DRAM_TYPE ==> "DDR3"
MIG: 18:23:30 :  Invalid Param: DDR3_CAL_WIDTH ==> "HALF"
MIG: 18:23:30 :  Invalid Param: DDR3_STARVE_LIMIT ==> 2
MIG: 18:23:30 :  Invalid Param: DDR3_REF_CLK_MMCM_IODELAY_CTRL ==> "FALSE"
MIG: 18:23:30 :  Invalid Param: DDR3_REFCLK_FREQ ==> 200.0
MIG: 18:23:30 :  Invalid Param: DDR3_DIFF_TERM_REFCLK ==> "TRUE"
MIG: 18:23:30 :  Invalid Param: DDR3_tCK ==> 2500
MIG: 18:23:30 : 
MIG: 18:23:30 :  Valid Param: DDR3_nCK_PER_CLK ==> 4
MIG: 18:23:30 :  Invalid Param: DDR3_DIFF_TERM_SYSCLK ==> "TRUE"
MIG: 18:23:30 : 
MIG: 18:23:30 :  Valid Param: UI_EXTRA_CLOCKS ==> FALSE
MIG: 18:23:30 : 4
MIG: 18:23:30 :  Valid Param: C_S_AXI_ID_WIDTH ==> 4
MIG: 18:23:30 : 
MIG: 18:23:30 :  Valid Param: C_S_AXI_MEM_SIZE ==> 1073741824
MIG: 18:23:30 : 
MIG: 18:23:30 :  Valid Param: C_S_AXI_ADDR_WIDTH ==> 30
MIG: 18:23:30 : 
MIG: 18:23:30 :  Valid Param: C_S_AXI_DATA_WIDTH ==> 256
MIG: 18:23:30 :  Invalid Param: DDR3_C_MC_nCK_PER_CLK ==> 4
MIG: 18:23:30 :  Invalid Param: C_S_AXI_SUPPORTS_NARROW_BURST ==> 0
MIG: 18:23:30 :  Invalid Param: DDR3_C_RD_WR_ARB_ALGORITHM ==> "RD_PRI_REG"
MIG: 18:23:30 :  Invalid Param: C_S_AXI_REG_EN0 ==> 20'h00000
MIG: 18:23:30 :  Invalid Param: C_S_AXI_REG_EN1 ==> 20'h00000
MIG: 18:23:30 : 
MIG: 18:23:30 :  Valid Param: C_S_AXI_CTRL_ADDR_WIDTH ==> 32
MIG: 18:23:30 : 
MIG: 18:23:30 :  Valid Param: C_S_AXI_CTRL_DATA_WIDTH ==> 32
MIG: 18:23:30 :  Invalid Param: C_S_AXI_BASEADDR ==> 32'h0000_0000
MIG: 18:23:30 :  Invalid Param: C_ECC_ONOFF_RESET_VALUE ==> 1
MIG: 18:23:30 :  Invalid Param: C_ECC_CE_COUNTER_WIDTH ==> 8
MIG: 18:23:30 : 
MIG: 18:23:30 :  Valid Param: DDR3_DEBUG_PORT ==> OFF
MIG: 18:23:30 : 
MIG: 18:23:30 :  Invalid Param: DDR3_TEMP_MON_CONTROL ==> "INTERNAL"
MIG: 18:23:30 :  Invalid Param: DDR3_RST_ACT_LOW ==> 1
MIG: 18:23:30 : 
MIG: 18:23:30 : 
MIG: 18:23:30 : 
MIG: 18:23:30 : Same Interface
MIG: 18:23:30 : ################# RUNNING MIG BATCH ###################
MIG: 18:23:30 : Writing IN file for 'ddr3'...compDirPath: d:/Xilinx/Vivado/2015.4/data/ip/xilinx/mig_7series_v2_4... instDirPath: g:/AX7100/hdmi_loop_ddr3/hdmi_loop_ddr3.srcs/sources_1/ip/ddr3
MIG: 18:23:30 : synp_flow:  -- synthesis_mode: Other
MIG: 18:23:30 : outputDirectory: g:/AX7100/hdmi_loop_ddr3/hdmi_loop_ddr3.srcs/sources_1/ip/ddr3/_tmp/
MIG: 18:23:30 : vivado_mode: xpg_pa
MIG: 18:23:30 :  locked false  
MIG: 18:23:30 : HDL Language: Verilog
MIG: 18:23:30 : compInfo: false
MIG: 18:23:30 : Vivado Options xc7a100t fgg484 -2
MIG: 18:23:30 : 1: xc7a100t 2: fgg484 3: -2
MIG: 18:23:30 : relative mig path: coregen/ip/xilinx/other/com/xilinx/ip/mig_7series_v2_4/bin/nt64/mig.exe
MIG: 18:23:30 : xilinx_path: D:/Xilinx/Vivado/2015.4/ids_lite/ISE
MIG: 18:23:30 : I am in catch area
MIG: 18:23:30 : Running D:/Xilinx/Vivado/2015.4/ids_lite/ISE/coregen/ip/xilinx/other/com/xilinx/ip/mig_7series_v2_4/bin/nt64/mig.exe -cg_exc_inp g:/AX7100/hdmi_loop_ddr3/hdmi_loop_ddr3.srcs/sources_1/ip/ddr3/xil_txt.in -cg_exc_out g:/AX7100/hdmi_loop_ddr3/hdmi_loop_ddr3.srcs/sources_1/ip/ddr3/xil_txt.out ... 
MIG: 18:23:38 : XML_INPUT_FILE: g:/AX7100/hdmi_loop_ddr3/hdmi_loop_ddr3.srcs/sources_1/ip/ddr3/mig_a.prj
MIG: 18:23:38 : Component_Name: ddr3
MIG: 18:23:38 : Moving ddr3 ...
MIG: 18:23:38 : Moving ddr3.veo ...
MIG: 18:23:38 : Moving ddr3_xmdf.tcl ...
MIG: 18:23:43 : Running synthesis.xit
MIG: 18:23:43 : ################# RUNNING MIG BATCH ###################
MIG: 18:23:43 : Writing IN file for 'ddr3'...compDirPath: d:/Xilinx/Vivado/2015.4/data/ip/xilinx/mig_7series_v2_4... instDirPath: g:/AX7100/hdmi_loop_ddr3/hdmi_loop_ddr3.srcs/sources_1/ip/ddr3
MIG: 18:23:43 : synp_flow:  -- synthesis_mode: Other
MIG: 18:23:43 : outputDirectory: g:/AX7100/hdmi_loop_ddr3/hdmi_loop_ddr3.srcs/sources_1/ip/ddr3/_tmp/
MIG: 18:23:43 : vivado_mode: xpg_pa
MIG: 18:23:43 :  locked false  
MIG: 18:23:43 : HDL Language: Verilog
MIG: 18:23:43 : compInfo: false
MIG: 18:23:43 : Vivado Options xc7a100t fgg484 -2
MIG: 18:23:43 : 1: xc7a100t 2: fgg484 3: -2
MIG: 18:23:43 : relative mig path: coregen/ip/xilinx/other/com/xilinx/ip/mig_7series_v2_4/bin/nt64/mig.exe
MIG: 18:23:43 : xilinx_path: D:/Xilinx/Vivado/2015.4/ids_lite/ISE
MIG: 18:23:43 : I am in catch area
MIG: 18:23:43 : Running D:/Xilinx/Vivado/2015.4/ids_lite/ISE/coregen/ip/xilinx/other/com/xilinx/ip/mig_7series_v2_4/bin/nt64/mig.exe -cg_exc_inp g:/AX7100/hdmi_loop_ddr3/hdmi_loop_ddr3.srcs/sources_1/ip/ddr3/xil_txt.in -cg_exc_out g:/AX7100/hdmi_loop_ddr3/hdmi_loop_ddr3.srcs/sources_1/ip/ddr3/xil_txt.out ... 
MIG: 18:23:51 : XML_INPUT_FILE: g:/AX7100/hdmi_loop_ddr3/hdmi_loop_ddr3.srcs/sources_1/ip/ddr3/mig_a.prj
MIG: 18:23:51 : Component_Name: ddr3
MIG: 18:23:51 : Moving ddr3 ...
MIG: 18:23:52 : Moving ddr3.veo ...
MIG: 18:23:52 : Moving ddr3_xmdf.tcl ...
MIG: 18:23:52 : Running vlog_synth_rpr.xit
MIG: 18:23:52 : IGN:     <ModuleName>ddr3</ModuleName> <==>     <ModuleName>ddr3</ModuleName> 
MIG: 18:23:52 : IGN:         <InputClkFreq>200</InputClkFreq> <==>         <InputClkFreq>200</InputClkFreq> 
MIG: 18:23:52 : Running simulation.xit
MIG: 18:23:52 : ################# RUNNING MIG BATCH ###################
MIG: 18:23:52 : Writing IN file for 'ddr3'...compDirPath: d:/Xilinx/Vivado/2015.4/data/ip/xilinx/mig_7series_v2_4... instDirPath: g:/AX7100/hdmi_loop_ddr3/hdmi_loop_ddr3.srcs/sources_1/ip/ddr3
MIG: 18:23:52 : synp_flow:  -- synthesis_mode: Other
MIG: 18:23:52 : outputDirectory: g:/AX7100/hdmi_loop_ddr3/hdmi_loop_ddr3.srcs/sources_1/ip/ddr3/_tmp/
MIG: 18:23:52 : vivado_mode: xpg_pa
MIG: 18:23:52 :  locked false  
MIG: 18:23:52 : HDL Language: Verilog
MIG: 18:23:52 : compInfo: false
MIG: 18:23:52 : Vivado Options xc7a100t fgg484 -2
MIG: 18:23:52 : 1: xc7a100t 2: fgg484 3: -2
MIG: 18:23:52 : relative mig path: coregen/ip/xilinx/other/com/xilinx/ip/mig_7series_v2_4/bin/nt64/mig.exe
MIG: 18:23:52 : xilinx_path: D:/Xilinx/Vivado/2015.4/ids_lite/ISE
MIG: 18:23:52 : I am in catch area
MIG: 18:23:52 : Running D:/Xilinx/Vivado/2015.4/ids_lite/ISE/coregen/ip/xilinx/other/com/xilinx/ip/mig_7series_v2_4/bin/nt64/mig.exe -cg_exc_inp g:/AX7100/hdmi_loop_ddr3/hdmi_loop_ddr3.srcs/sources_1/ip/ddr3/xil_txt.in -cg_exc_out g:/AX7100/hdmi_loop_ddr3/hdmi_loop_ddr3.srcs/sources_1/ip/ddr3/xil_txt.out ... 
MIG: 18:24:00 : XML_INPUT_FILE: g:/AX7100/hdmi_loop_ddr3/hdmi_loop_ddr3.srcs/sources_1/ip/ddr3/mig_a.prj
MIG: 18:24:00 : Component_Name: ddr3
MIG: 18:24:00 : Moving ddr3 ...
MIG: 18:24:00 : Moving ddr3.veo ...
MIG: 18:24:00 : Moving ddr3_xmdf.tcl ...
MIG: 18:24:00 : Running vlog_sim_rpr.xit .. PRASAD DBG1
MIG: 18:24:00 : IGN:     <ModuleName>ddr3</ModuleName> <==>     <ModuleName>ddr3</ModuleName> 
MIG: 18:24:00 : IGN:         <InputClkFreq>200</InputClkFreq> <==>         <InputClkFreq>200</InputClkFreq> 
MIG: 18:24:00 : Running implementation.xit
MIG: 18:24:00 : IGN:     <ModuleName>ddr3</ModuleName> <==>     <ModuleName>ddr3</ModuleName> 
MIG: 18:24:00 : IGN:         <InputClkFreq>200</InputClkFreq> <==>         <InputClkFreq>200</InputClkFreq> 
MIG: 20:02:35 : xml_input_file: mig_a.prj
MIG: 20:02:35 : Absolute path of xml_input_file: d:/demo_AX7103/hdmi_loop_ddr3/hdmi_loop_ddr3.srcs/sources_1/ip/ddr3/mig_a.prj
MIG: 20:02:35 : xml_input_file: mig_a.prj
MIG: 20:02:35 : Absolute path of xml_input_file: d:/demo_AX7103/hdmi_loop_ddr3/hdmi_loop_ddr3.srcs/sources_1/ip/ddr3/mig_a.prj
MIG: 20:02:35 : In updateAllModelParams
MIG: 20:02:35 : ################# RUNNING MIG BATCH ###################
MIG: 20:02:35 : Writing IN file for 'ddr3'...compDirPath: c:/Xilinx/Vivado/2017.2/data/ip/xilinx/mig_7series_v4_0... instDirPath: d:/demo_AX7103/hdmi_loop_ddr3/hdmi_loop_ddr3.srcs/sources_1/ip/ddr3
MIG: 20:02:35 : synp_flow:  -- synthesis_mode: Other
MIG: 20:02:35 : outputDirectory: d:/demo_AX7103/hdmi_loop_ddr3/hdmi_loop_ddr3.srcs/sources_1/ip/ddr3/_tmp/
MIG: 20:02:35 : vivado_mode: xpg_pa
MIG: 20:02:35 :  locked false  
MIG: 20:02:35 : HDL Language: Verilog
MIG: 20:02:35 : compInfo: true
MIG: 20:02:35 : Vivado Options xc7a100t fgg484 -2
MIG: 20:02:35 : 1: xc7a100t 2: fgg484 3: -2
MIG: 20:02:35 : relative mig path: coregen/ip/xilinx/other/com/xilinx/ip/mig_7series_v4_0/bin/nt64/mig.exe
MIG: 20:02:35 : xilinx_path: C:/Xilinx/Vivado/2017.2/ids_lite/ISE
MIG: 20:02:35 : I am in catch area
MIG: 20:02:35 : Running C:/Xilinx/Vivado/2017.2/ids_lite/ISE/coregen/ip/xilinx/other/com/xilinx/ip/mig_7series_v4_0/bin/nt64/mig.exe -cg_exc_inp d:/demo_AX7103/hdmi_loop_ddr3/hdmi_loop_ddr3.srcs/sources_1/ip/ddr3/xil_txt.in -cg_exc_out d:/demo_AX7103/hdmi_loop_ddr3/hdmi_loop_ddr3.srcs/sources_1/ip/ddr3/xil_txt.out ... 
MIG: 20:02:44 : XML_INPUT_FILE: d:/demo_AX7103/hdmi_loop_ddr3/hdmi_loop_ddr3.srcs/sources_1/ip/ddr3/mig_a.prj
MIG: 20:02:44 : Component_Name: ddr3
MIG: 20:02:44 : Moving ddr3 ...
MIG: 20:02:44 : Moving ddr3.veo ...
MIG: 20:02:44 : Moving ddr3_xmdf.tcl ...
MIG: 20:02:44 : XGUI hdlLanguage: Verilog
MIG: 20:02:44 : xgui vivado_mode: xpg_pa
MIG: 20:02:44 : xgui hdlLanguage: Verilog -- hdlExt: v
MIG: 20:02:44 : Reading D:/demo_AX7103/hdmi_loop_ddr3/hdmi_loop_ddr3.srcs/sources_1/ip/ddr3/ddr3/user_design/rtl/ddr3_mig.v ...
MIG: 20:02:45 : 1
MIG: 20:02:45 : Inside fn mem: DDR3
MIG: 20:02:45 : detect_uiclk: 100000000
MIG: 20:02:45 : cntrl:  memtype: DDR3
MIG: 20:02:45 : 800
MIG: 20:02:45 :  MMCM_VCO single ctrl param_name: MMCM_VCO --  possibleMaxVcoVal: 800 
MIG: 20:02:45 : 
MIG: 20:02:45 : 1
MIG: 20:02:45 : 100000000
MIG: 20:02:45 : 
MIG: 20:02:45 :  polarity_value: 1
MIG: 20:02:45 : 
MIG: 20:02:45 : 
MIG: 20:02:45 : cntrl:  memtype: DDR3
MIG: 20:02:45 : 
MIG: 20:02:45 :  Valid Param: DDR3_BANK_WIDTH ==> 3
MIG: 20:02:45 : 
MIG: 20:02:45 :  Valid Param: DDR3_CK_WIDTH ==> 1
MIG: 20:02:45 :  Invalid Param: DDR3_COL_WIDTH ==> 10
MIG: 20:02:45 : 
MIG: 20:02:45 :  Valid Param: DDR3_CS_WIDTH ==> 1
MIG: 20:02:45 : 
MIG: 20:02:45 :  Valid Param: DDR3_nCS_PER_RANK ==> 1
MIG: 20:02:45 : 
MIG: 20:02:45 :  Valid Param: DDR3_CKE_WIDTH ==> 1
MIG: 20:02:45 :  Invalid Param: DDR3_DATA_BUF_ADDR_WIDTH ==> 5
MIG: 20:02:45 :  Invalid Param: DDR3_DQ_CNT_WIDTH ==> 5
MIG: 20:02:45 :  Invalid Param: DDR3_DQ_PER_DM ==> 8
MIG: 20:02:45 : 4
MIG: 20:02:45 :  Valid Param: DDR3_DM_WIDTH ==> 4
MIG: 20:02:45 : 32
MIG: 20:02:45 :  Valid Param: DDR3_DQ_WIDTH ==> 32
MIG: 20:02:45 : 4
MIG: 20:02:45 :  Valid Param: DDR3_DQS_WIDTH ==> 4
MIG: 20:02:45 : 2
MIG: 20:02:45 :  Valid Param: DDR3_DQS_CNT_WIDTH ==> 2
MIG: 20:02:45 :  Invalid Param: DDR3_DRAM_WIDTH ==> 8
MIG: 20:02:45 : 
MIG: 20:02:45 :  Valid Param: ECC ==> OFF
MIG: 20:02:45 : 32
MIG: 20:02:45 :  Valid Param: DDR3_DATA_WIDTH ==> 32
MIG: 20:02:45 :  Invalid Param: ECC_TEST ==> "OFF"
MIG: 20:02:45 :  Invalid Param: DDR3_PAYLOAD_WIDTH ==> (ECC_TEST == "OFF") ? DATA_WIDTH : DQ_WIDTH
MIG: 20:02:45 :  Invalid Param: DDR3_MEM_ADDR_ORDER ==> "BANK_ROW_COLUMN"
MIG: 20:02:45 :  Invalid Param: DDR3_nBANK_MACHS ==> 4
MIG: 20:02:45 :  Invalid Param: DDR3_RANKS ==> 1
MIG: 20:02:45 : 
MIG: 20:02:45 :  Valid Param: DDR3_ODT_WIDTH ==> 1
MIG: 20:02:45 : 15
MIG: 20:02:45 :  Valid Param: DDR3_ROW_WIDTH ==> 15
MIG: 20:02:45 : 29
MIG: 20:02:45 :  Valid Param: DDR3_ADDR_WIDTH ==> 29
MIG: 20:02:45 : 
MIG: 20:02:45 :  Valid Param: DDR3_USE_CS_PORT ==> 1
MIG: 20:02:45 : 
MIG: 20:02:45 :  Valid Param: DDR3_USE_DM_PORT ==> 1
MIG: 20:02:45 : 
MIG: 20:02:45 :  Valid Param: DDR3_USE_ODT_PORT ==> 1
MIG: 20:02:45 :  Invalid Param: DDR3_IS_CLK_SHARED ==> "FALSE"
MIG: 20:02:45 :  Invalid Param: DDR3_PHY_CONTROL_MASTER_BANK ==> 1
MIG: 20:02:45 :  Invalid Param: DDR3_MEM_DENSITY ==> "4Gb"
MIG: 20:02:45 :  Invalid Param: DDR3_MEM_SPEEDGRADE ==> "125"
MIG: 20:02:45 :  Invalid Param: DDR3_MEM_DEVICE_WIDTH ==> 16
MIG: 20:02:45 :  Invalid Param: DDR3_AL ==> "0"
MIG: 20:02:45 :  Invalid Param: DDR3_nAL ==> 0
MIG: 20:02:45 :  Invalid Param: DDR3_BURST_MODE ==> "8"
MIG: 20:02:45 :  Invalid Param: DDR3_BURST_TYPE ==> "SEQ"
MIG: 20:02:45 :  Invalid Param: DDR3_CL ==> 6
MIG: 20:02:45 :  Invalid Param: DDR3_CWL ==> 5
MIG: 20:02:45 :  Invalid Param: DDR3_OUTPUT_DRV ==> "HIGH"
MIG: 20:02:45 :  Invalid Param: DDR3_RTT_NOM ==> "60"
MIG: 20:02:45 :  Invalid Param: DDR3_RTT_WR ==> "OFF"
MIG: 20:02:45 :  Invalid Param: DDR3_ADDR_CMD_MODE ==> "1T"
MIG: 20:02:45 : 
MIG: 20:02:45 :  Valid Param: DDR3_REG_CTRL ==> OFF
MIG: 20:02:45 :  Invalid Param: DDR3_CA_MIRROR ==> "OFF"
MIG: 20:02:45 :  Invalid Param: DDR3_VDD_OP_VOLT ==> "150"
MIG: 20:02:45 :  Invalid Param: DDR3_CLKIN_PERIOD ==> 5000
MIG: 20:02:45 :  Invalid Param: DDR3_CLKFBOUT_MULT ==> 4
MIG: 20:02:45 :  Invalid Param: DDR3_DIVCLK_DIVIDE ==> 1
MIG: 20:02:45 :  Invalid Param: DDR3_CLKOUT0_PHASE ==> 0.0
MIG: 20:02:45 :  Invalid Param: DDR3_CLKOUT0_DIVIDE ==> 1
MIG: 20:02:45 :  Invalid Param: DDR3_CLKOUT1_DIVIDE ==> 2
MIG: 20:02:45 :  Invalid Param: DDR3_CLKOUT2_DIVIDE ==> 32
MIG: 20:02:45 :  Invalid Param: DDR3_CLKOUT3_DIVIDE ==> 8
MIG: 20:02:45 :  Invalid Param: DDR3_MMCM_VCO ==> 800
MIG: 20:02:45 :  Invalid Param: DDR3_MMCM_MULT_F ==> 8
MIG: 20:02:45 :  Invalid Param: DDR3_MMCM_DIVCLK_DIVIDE ==> 1
MIG: 20:02:45 :  Invalid Param: DDR3_tCKE ==> 5000
MIG: 20:02:45 :  Invalid Param: DDR3_tFAW ==> 40000
MIG: 20:02:45 :  Invalid Param: DDR3_tPRDI ==> 1_000_000
MIG: 20:02:45 :  Invalid Param: DDR3_tRAS ==> 35000
MIG: 20:02:45 :  Invalid Param: DDR3_tRCD ==> 13750
MIG: 20:02:45 :  Invalid Param: DDR3_tREFI ==> 7800000
MIG: 20:02:45 :  Invalid Param: DDR3_tRFC ==> 260000
MIG: 20:02:45 :  Invalid Param: DDR3_tRP ==> 13750
MIG: 20:02:45 :  Invalid Param: DDR3_tRRD ==> 7500
MIG: 20:02:45 :  Invalid Param: DDR3_tRTP ==> 7500
MIG: 20:02:45 :  Invalid Param: DDR3_tWTR ==> 7500
MIG: 20:02:45 :  Invalid Param: DDR3_tZQI ==> 128_000_000
MIG: 20:02:45 :  Invalid Param: DDR3_tZQCS ==> 64
MIG: 20:02:45 :  Invalid Param: DDR3_SIM_BYPASS_INIT_CAL ==> "OFF"
MIG: 20:02:45 :  Invalid Param: DDR3_SIMULATION ==> "FALSE"
MIG: 20:02:45 :  Invalid Param: DDR3_BYTE_LANES_B0 ==> 4'b1111
MIG: 20:02:45 :  Invalid Param: DDR3_BYTE_LANES_B1 ==> 4'b1110
MIG: 20:02:45 :  Invalid Param: DDR3_BYTE_LANES_B2 ==> 4'b0000
MIG: 20:02:45 :  Invalid Param: DDR3_BYTE_LANES_B3 ==> 4'b0000
MIG: 20:02:45 :  Invalid Param: DDR3_BYTE_LANES_B4 ==> 4'b0000
MIG: 20:02:45 :  Invalid Param: DDR3_DATA_CTL_B0 ==> 4'b1111
MIG: 20:02:45 :  Invalid Param: DDR3_DATA_CTL_B1 ==> 4'b0000
MIG: 20:02:45 :  Invalid Param: DDR3_DATA_CTL_B2 ==> 4'b0000
MIG: 20:02:45 :  Invalid Param: DDR3_DATA_CTL_B3 ==> 4'b0000
MIG: 20:02:45 :  Invalid Param: DDR3_DATA_CTL_B4 ==> 4'b0000
MIG: 20:02:45 :  Invalid Param: DDR3_PHY_0_BITLANES ==> 48'h3FE_3FE_1FF_2FF
MIG: 20:02:45 :  Invalid Param: DDR3_PHY_1_BITLANES ==> 48'h3FF_FFF_0C0_000
MIG: 20:02:45 :  Invalid Param: DDR3_PHY_2_BITLANES ==> 48'h000_000_000_000
MIG: 20:02:45 :  Invalid Param: DDR3_CK_BYTE_MAP ==> 144'h00_00_00_00_00_00_00_00_00_00_00_00_00_00_00_00_00_13
MIG: 20:02:45 :  Invalid Param: DDR3_ADDR_MAP ==> 192'h000_130_138_134_135_132_137_136_139_133_131_128_124_125_126_122
MIG: 20:02:45 :  Invalid Param: DDR3_BANK_MAP ==> 36'h123_12B_12A
MIG: 20:02:45 :  Invalid Param: DDR3_CAS_MAP ==> 12'h120
MIG: 20:02:45 :  Invalid Param: DDR3_CKE_ODT_BYTE_MAP ==> 8'h00
MIG: 20:02:45 :  Invalid Param: DDR3_CKE_MAP ==> 96'h000_000_000_000_000_000_000_117
MIG: 20:02:45 :  Invalid Param: DDR3_ODT_MAP ==> 96'h000_000_000_000_000_000_000_116
MIG: 20:02:45 :  Invalid Param: DDR3_CS_MAP ==> 120'h000_000_000_000_000_000_000_000_000_127
MIG: 20:02:45 :  Invalid Param: DDR3_PARITY_MAP ==> 12'h000
MIG: 20:02:45 :  Invalid Param: DDR3_RAS_MAP ==> 12'h121
MIG: 20:02:45 :  Invalid Param: DDR3_WE_MAP ==> 12'h129
MIG: 20:02:45 :  Invalid Param: DDR3_DQS_BYTE_MAP ==> 144'h00_00_00_00_00_00_00_00_00_00_00_00_00_00_00_01_02_03
MIG: 20:02:45 :  Invalid Param: DDR3_DATA0_MAP ==> 96'h035_039_032_036_031_038_033_037
MIG: 20:02:45 :  Invalid Param: DDR3_DATA1_MAP ==> 96'h021_029_025_028_024_027_022_023
MIG: 20:02:45 :  Invalid Param: DDR3_DATA2_MAP ==> 96'h011_018_013_016_012_017_015_010
MIG: 20:02:45 :  Invalid Param: DDR3_DATA3_MAP ==> 96'h005_001_000_003_004_007_009_006
MIG: 20:02:45 :  Invalid Param: DDR3_DATA4_MAP ==> 96'h000_000_000_000_000_000_000_000
MIG: 20:02:45 :  Invalid Param: DDR3_DATA5_MAP ==> 96'h000_000_000_000_000_000_000_000
MIG: 20:02:45 :  Invalid Param: DDR3_DATA6_MAP ==> 96'h000_000_000_000_000_000_000_000
MIG: 20:02:45 :  Invalid Param: DDR3_DATA7_MAP ==> 96'h000_000_000_000_000_000_000_000
MIG: 20:02:45 :  Invalid Param: DDR3_DATA8_MAP ==> 96'h000_000_000_000_000_000_000_000
MIG: 20:02:45 :  Invalid Param: DDR3_DATA9_MAP ==> 96'h000_000_000_000_000_000_000_000
MIG: 20:02:45 :  Invalid Param: DDR3_DATA10_MAP ==> 96'h000_000_000_000_000_000_000_000
MIG: 20:02:45 :  Invalid Param: DDR3_DATA11_MAP ==> 96'h000_000_000_000_000_000_000_000
MIG: 20:02:45 :  Invalid Param: DDR3_DATA12_MAP ==> 96'h000_000_000_000_000_000_000_000
MIG: 20:02:45 :  Invalid Param: DDR3_DATA13_MAP ==> 96'h000_000_000_000_000_000_000_000
MIG: 20:02:45 :  Invalid Param: DDR3_DATA14_MAP ==> 96'h000_000_000_000_000_000_000_000
MIG: 20:02:45 :  Invalid Param: DDR3_DATA15_MAP ==> 96'h000_000_000_000_000_000_000_000
MIG: 20:02:45 :  Invalid Param: DDR3_DATA16_MAP ==> 96'h000_000_000_000_000_000_000_000
MIG: 20:02:45 :  Invalid Param: DDR3_DATA17_MAP ==> 96'h000_000_000_000_000_000_000_000
MIG: 20:02:45 :  Invalid Param: DDR3_MASK0_MAP ==> 108'h000_000_000_000_000_002_014_026_034
MIG: 20:02:45 :  Invalid Param: DDR3_MASK1_MAP ==> 108'h000_000_000_000_000_000_000_000_000
MIG: 20:02:45 :  Invalid Param: DDR3_SLOT_0_CONFIG ==> 8'b0000_0001
MIG: 20:02:45 :  Invalid Param: DDR3_SLOT_1_CONFIG ==> 8'b0000_0000
MIG: 20:02:45 :  Invalid Param: DDR3_IBUF_LPWR_MODE ==> "OFF"
MIG: 20:02:45 :  Invalid Param: DDR3_DATA_IO_IDLE_PWRDWN ==> "ON"
MIG: 20:02:45 :  Invalid Param: DDR3_BANK_TYPE ==> "HR_IO"
MIG: 20:02:45 :  Invalid Param: DDR3_DATA_IO_PRIM_TYPE ==> "HR_LP"
MIG: 20:02:45 :  Invalid Param: DDR3_CKE_ODT_AUX ==> "FALSE"
MIG: 20:02:45 :  Invalid Param: DDR3_USER_REFRESH ==> "OFF"
MIG: 20:02:45 :  Invalid Param: DDR3_WRLVL ==> "ON"
MIG: 20:02:45 :  Invalid Param: DDR3_ORDERING ==> "NORM"
MIG: 20:02:45 :  Invalid Param: DDR3_CALIB_ROW_ADD ==> 16'h0000
MIG: 20:02:45 :  Invalid Param: DDR3_CALIB_COL_ADD ==> 12'h000
MIG: 20:02:45 :  Invalid Param: DDR3_CALIB_BA_ADD ==> 3'h0
MIG: 20:02:45 :  Invalid Param: DDR3_TCQ ==> 100
MIG: 20:02:45 :  Invalid Param: DDR3_IDELAY_ADJ ==> "OFF"
MIG: 20:02:45 :  Invalid Param: DDR3_FINE_PER_BIT ==> "OFF"
MIG: 20:02:45 :  Invalid Param: DDR3_CENTER_COMP_MODE ==> "OFF"
MIG: 20:02:45 :  Invalid Param: DDR3_PI_VAL_ADJ ==> "OFF"
MIG: 20:02:45 :  Invalid Param: DDR3_IODELAY_GRP0 ==> "DDR3_IODELAY_MIG0"
MIG: 20:02:45 :  Invalid Param: DDR3_IODELAY_GRP1 ==> "DDR3_IODELAY_MIG1"
MIG: 20:02:45 :  Invalid Param: DDR3_SYSCLK_TYPE ==> "NO_BUFFER"
MIG: 20:02:45 :  Invalid Param: DDR3_REFCLK_TYPE ==> "USE_SYSTEM_CLOCK"
MIG: 20:02:45 :  Invalid Param: DDR3_SYS_RST_PORT ==> "FALSE"
MIG: 20:02:45 :  Invalid Param: DDR3_FPGA_SPEED_GRADE ==> 2
MIG: 20:02:45 :  Invalid Param: DDR3_CMD_PIPE_PLUS1 ==> "ON"
MIG: 20:02:45 :  Invalid Param: DDR3_DRAM_TYPE ==> "DDR3"
MIG: 20:02:45 :  Invalid Param: DDR3_CAL_WIDTH ==> "HALF"
MIG: 20:02:45 :  Invalid Param: DDR3_STARVE_LIMIT ==> 2
MIG: 20:02:45 :  Invalid Param: DDR3_REF_CLK_MMCM_IODELAY_CTRL ==> "FALSE"
MIG: 20:02:45 :  Invalid Param: DDR3_REFCLK_FREQ ==> 200.0
MIG: 20:02:45 :  Invalid Param: DDR3_DIFF_TERM_REFCLK ==> "TRUE"
MIG: 20:02:45 :  Invalid Param: DDR3_tCK ==> 2500
MIG: 20:02:45 : 4
MIG: 20:02:45 :  Valid Param: DDR3_nCK_PER_CLK ==> 4
MIG: 20:02:45 :  Invalid Param: DDR3_DIFF_TERM_SYSCLK ==> "TRUE"
MIG: 20:02:45 : 
MIG: 20:02:45 :  Valid Param: UI_EXTRA_CLOCKS ==> FALSE
MIG: 20:02:45 : 
MIG: 20:02:45 :  Valid Param: C_S_AXI_ID_WIDTH ==> 4
MIG: 20:02:45 : 1073741824
MIG: 20:02:45 :  Valid Param: C_S_AXI_MEM_SIZE ==> 1073741824
MIG: 20:02:45 : 30
MIG: 20:02:45 :  Valid Param: C_S_AXI_ADDR_WIDTH ==> 30
MIG: 20:02:45 : 256
MIG: 20:02:45 :  Valid Param: C_S_AXI_DATA_WIDTH ==> 256
MIG: 20:02:45 :  Invalid Param: DDR3_C_MC_nCK_PER_CLK ==> 4
MIG: 20:02:45 :  Invalid Param: C_S_AXI_SUPPORTS_NARROW_BURST ==> 0
MIG: 20:02:45 :  Invalid Param: DDR3_C_RD_WR_ARB_ALGORITHM ==> "RD_PRI_REG"
MIG: 20:02:45 :  Invalid Param: C_S_AXI_REG_EN0 ==> 20'h00000
MIG: 20:02:45 :  Invalid Param: C_S_AXI_REG_EN1 ==> 20'h00000
MIG: 20:02:45 : 
MIG: 20:02:45 :  Valid Param: C_S_AXI_CTRL_ADDR_WIDTH ==> 32
MIG: 20:02:45 : 
MIG: 20:02:45 :  Valid Param: C_S_AXI_CTRL_DATA_WIDTH ==> 32
MIG: 20:02:45 :  Invalid Param: C_S_AXI_BASEADDR ==> 32'h0000_0000
MIG: 20:02:45 :  Invalid Param: C_ECC_ONOFF_RESET_VALUE ==> 1
MIG: 20:02:45 :  Invalid Param: C_ECC_CE_COUNTER_WIDTH ==> 8
MIG: 20:02:45 : 
MIG: 20:02:45 :  Valid Param: DDR3_DEBUG_PORT ==> OFF
MIG: 20:02:45 : 
MIG: 20:02:45 :  Invalid Param: DDR3_TEMP_MON_CONTROL ==> "INTERNAL"
MIG: 20:02:45 :  Invalid Param: DDR3_FPGA_VOLT_TYPE ==> "N"
MIG: 20:02:45 :  Invalid Param: DDR3_RST_ACT_LOW ==> 1
MIG: 20:02:45 : NOBUF
MIG: 20:02:45 : NONE
MIG: 20:02:45 : 
MIG: 20:02:45 : Same Interface
MIG: 20:02:46 : xml_input_file: mig_a.prj
MIG: 20:02:46 : Absolute path of xml_input_file: d:/demo_AX7103/hdmi_loop_ddr3/hdmi_loop_ddr3.srcs/sources_1/ip/ddr3/mig_a.prj
MIG: 20:02:46 : In updateAllModelParams
MIG: 20:02:46 : IGN:     <ModuleName>ddr3</ModuleName> <==>     <ModuleName>ddr3</ModuleName> 
MIG: 20:02:46 : ERR:     <Version>2.4</Version> <==>     <Version>4.0</Version> 
MIG: 20:02:46 : ################# RUNNING MIG BATCH ###################
MIG: 20:02:46 : Writing IN file for 'ddr3'...compDirPath: c:/Xilinx/Vivado/2017.2/data/ip/xilinx/mig_7series_v4_0... instDirPath: d:/demo_AX7103/hdmi_loop_ddr3/hdmi_loop_ddr3.srcs/sources_1/ip/ddr3
MIG: 20:02:46 : synp_flow:  -- synthesis_mode: Other
MIG: 20:02:46 : outputDirectory: d:/demo_AX7103/hdmi_loop_ddr3/hdmi_loop_ddr3.srcs/sources_1/ip/ddr3/_tmp/
MIG: 20:02:46 : vivado_mode: xpg_pa
MIG: 20:02:46 :  locked false  
MIG: 20:02:46 : HDL Language: Verilog
MIG: 20:02:46 : compInfo: true
MIG: 20:02:46 : Vivado Options xc7a100t fgg484 -2
MIG: 20:02:46 : 1: xc7a100t 2: fgg484 3: -2
MIG: 20:02:46 : relative mig path: coregen/ip/xilinx/other/com/xilinx/ip/mig_7series_v4_0/bin/nt64/mig.exe
MIG: 20:02:46 : xilinx_path: C:/Xilinx/Vivado/2017.2/ids_lite/ISE
MIG: 20:02:46 : I am in catch area
MIG: 20:02:46 : Running C:/Xilinx/Vivado/2017.2/ids_lite/ISE/coregen/ip/xilinx/other/com/xilinx/ip/mig_7series_v4_0/bin/nt64/mig.exe -cg_exc_inp d:/demo_AX7103/hdmi_loop_ddr3/hdmi_loop_ddr3.srcs/sources_1/ip/ddr3/xil_txt.in -cg_exc_out d:/demo_AX7103/hdmi_loop_ddr3/hdmi_loop_ddr3.srcs/sources_1/ip/ddr3/xil_txt.out ... 
MIG: 20:02:53 : XML_INPUT_FILE: d:/demo_AX7103/hdmi_loop_ddr3/hdmi_loop_ddr3.srcs/sources_1/ip/ddr3/mig_a.prj
MIG: 20:02:53 : Component_Name: ddr3
MIG: 20:02:53 : Moving ddr3 ...
MIG: 20:02:53 : Moving ddr3.veo ...
MIG: 20:02:53 : Moving ddr3_xmdf.tcl ...
MIG: 20:02:53 : XGUI hdlLanguage: Verilog
MIG: 20:02:53 : xgui vivado_mode: xpg_pa
MIG: 20:02:53 : xgui hdlLanguage: Verilog -- hdlExt: v
MIG: 20:02:53 : Reading D:/demo_AX7103/hdmi_loop_ddr3/hdmi_loop_ddr3.srcs/sources_1/ip/ddr3/ddr3/user_design/rtl/ddr3_mig.v ...
MIG: 20:02:54 : 
MIG: 20:02:54 : Inside fn mem: DDR3
MIG: 20:02:54 : detect_uiclk: 100000000
MIG: 20:02:54 : cntrl:  memtype: DDR3
MIG: 20:02:54 : 
MIG: 20:02:54 :  MMCM_VCO single ctrl param_name: MMCM_VCO --  possibleMaxVcoVal: 800 
MIG: 20:02:54 : 
MIG: 20:02:54 : 
MIG: 20:02:54 : 
MIG: 20:02:54 : 
MIG: 20:02:54 :  polarity_value: 1
MIG: 20:02:54 : 
MIG: 20:02:54 : 
MIG: 20:02:54 : cntrl:  memtype: DDR3
MIG: 20:02:54 : 
MIG: 20:02:54 :  Valid Param: DDR3_BANK_WIDTH ==> 3
MIG: 20:02:54 : 
MIG: 20:02:54 :  Valid Param: DDR3_CK_WIDTH ==> 1
MIG: 20:02:54 :  Invalid Param: DDR3_COL_WIDTH ==> 10
MIG: 20:02:54 : 
MIG: 20:02:54 :  Valid Param: DDR3_CS_WIDTH ==> 1
MIG: 20:02:54 : 
MIG: 20:02:54 :  Valid Param: DDR3_nCS_PER_RANK ==> 1
MIG: 20:02:54 : 
MIG: 20:02:54 :  Valid Param: DDR3_CKE_WIDTH ==> 1
MIG: 20:02:54 :  Invalid Param: DDR3_DATA_BUF_ADDR_WIDTH ==> 5
MIG: 20:02:54 :  Invalid Param: DDR3_DQ_CNT_WIDTH ==> 5
MIG: 20:02:54 :  Invalid Param: DDR3_DQ_PER_DM ==> 8
MIG: 20:02:54 : 
MIG: 20:02:54 :  Valid Param: DDR3_DM_WIDTH ==> 4
MIG: 20:02:54 : 
MIG: 20:02:54 :  Valid Param: DDR3_DQ_WIDTH ==> 32
MIG: 20:02:54 : 
MIG: 20:02:54 :  Valid Param: DDR3_DQS_WIDTH ==> 4
MIG: 20:02:54 : 
MIG: 20:02:54 :  Valid Param: DDR3_DQS_CNT_WIDTH ==> 2
MIG: 20:02:54 :  Invalid Param: DDR3_DRAM_WIDTH ==> 8
MIG: 20:02:54 : 
MIG: 20:02:54 :  Valid Param: ECC ==> OFF
MIG: 20:02:54 : 
MIG: 20:02:54 :  Valid Param: DDR3_DATA_WIDTH ==> 32
MIG: 20:02:54 :  Invalid Param: ECC_TEST ==> "OFF"
MIG: 20:02:54 :  Invalid Param: DDR3_PAYLOAD_WIDTH ==> (ECC_TEST == "OFF") ? DATA_WIDTH : DQ_WIDTH
MIG: 20:02:54 :  Invalid Param: DDR3_MEM_ADDR_ORDER ==> "BANK_ROW_COLUMN"
MIG: 20:02:54 :  Invalid Param: DDR3_nBANK_MACHS ==> 4
MIG: 20:02:54 :  Invalid Param: DDR3_RANKS ==> 1
MIG: 20:02:54 : 
MIG: 20:02:54 :  Valid Param: DDR3_ODT_WIDTH ==> 1
MIG: 20:02:54 : 
MIG: 20:02:54 :  Valid Param: DDR3_ROW_WIDTH ==> 15
MIG: 20:02:54 : 
MIG: 20:02:54 :  Valid Param: DDR3_ADDR_WIDTH ==> 29
MIG: 20:02:54 : 
MIG: 20:02:54 :  Valid Param: DDR3_USE_CS_PORT ==> 1
MIG: 20:02:54 : 
MIG: 20:02:54 :  Valid Param: DDR3_USE_DM_PORT ==> 1
MIG: 20:02:54 : 
MIG: 20:02:54 :  Valid Param: DDR3_USE_ODT_PORT ==> 1
MIG: 20:02:54 :  Invalid Param: DDR3_IS_CLK_SHARED ==> "FALSE"
MIG: 20:02:54 :  Invalid Param: DDR3_PHY_CONTROL_MASTER_BANK ==> 1
MIG: 20:02:54 :  Invalid Param: DDR3_MEM_DENSITY ==> "4Gb"
MIG: 20:02:54 :  Invalid Param: DDR3_MEM_SPEEDGRADE ==> "125"
MIG: 20:02:54 :  Invalid Param: DDR3_MEM_DEVICE_WIDTH ==> 16
MIG: 20:02:54 :  Invalid Param: DDR3_AL ==> "0"
MIG: 20:02:54 :  Invalid Param: DDR3_nAL ==> 0
MIG: 20:02:54 :  Invalid Param: DDR3_BURST_MODE ==> "8"
MIG: 20:02:54 :  Invalid Param: DDR3_BURST_TYPE ==> "SEQ"
MIG: 20:02:54 :  Invalid Param: DDR3_CL ==> 6
MIG: 20:02:54 :  Invalid Param: DDR3_CWL ==> 5
MIG: 20:02:54 :  Invalid Param: DDR3_OUTPUT_DRV ==> "HIGH"
MIG: 20:02:54 :  Invalid Param: DDR3_RTT_NOM ==> "60"
MIG: 20:02:54 :  Invalid Param: DDR3_RTT_WR ==> "OFF"
MIG: 20:02:54 :  Invalid Param: DDR3_ADDR_CMD_MODE ==> "1T"
MIG: 20:02:54 : 
MIG: 20:02:54 :  Valid Param: DDR3_REG_CTRL ==> OFF
MIG: 20:02:54 :  Invalid Param: DDR3_CA_MIRROR ==> "OFF"
MIG: 20:02:54 :  Invalid Param: DDR3_VDD_OP_VOLT ==> "150"
MIG: 20:02:54 :  Invalid Param: DDR3_CLKIN_PERIOD ==> 5000
MIG: 20:02:54 :  Invalid Param: DDR3_CLKFBOUT_MULT ==> 4
MIG: 20:02:54 :  Invalid Param: DDR3_DIVCLK_DIVIDE ==> 1
MIG: 20:02:54 :  Invalid Param: DDR3_CLKOUT0_PHASE ==> 0.0
MIG: 20:02:54 :  Invalid Param: DDR3_CLKOUT0_DIVIDE ==> 1
MIG: 20:02:54 :  Invalid Param: DDR3_CLKOUT1_DIVIDE ==> 2
MIG: 20:02:54 :  Invalid Param: DDR3_CLKOUT2_DIVIDE ==> 32
MIG: 20:02:54 :  Invalid Param: DDR3_CLKOUT3_DIVIDE ==> 8
MIG: 20:02:54 :  Invalid Param: DDR3_MMCM_VCO ==> 800
MIG: 20:02:54 :  Invalid Param: DDR3_MMCM_MULT_F ==> 8
MIG: 20:02:54 :  Invalid Param: DDR3_MMCM_DIVCLK_DIVIDE ==> 1
MIG: 20:02:54 :  Invalid Param: DDR3_tCKE ==> 5000
MIG: 20:02:54 :  Invalid Param: DDR3_tFAW ==> 40000
MIG: 20:02:54 :  Invalid Param: DDR3_tPRDI ==> 1_000_000
MIG: 20:02:54 :  Invalid Param: DDR3_tRAS ==> 35000
MIG: 20:02:54 :  Invalid Param: DDR3_tRCD ==> 13750
MIG: 20:02:54 :  Invalid Param: DDR3_tREFI ==> 7800000
MIG: 20:02:54 :  Invalid Param: DDR3_tRFC ==> 260000
MIG: 20:02:54 :  Invalid Param: DDR3_tRP ==> 13750
MIG: 20:02:54 :  Invalid Param: DDR3_tRRD ==> 7500
MIG: 20:02:54 :  Invalid Param: DDR3_tRTP ==> 7500
MIG: 20:02:54 :  Invalid Param: DDR3_tWTR ==> 7500
MIG: 20:02:54 :  Invalid Param: DDR3_tZQI ==> 128_000_000
MIG: 20:02:54 :  Invalid Param: DDR3_tZQCS ==> 64
MIG: 20:02:54 :  Invalid Param: DDR3_SIM_BYPASS_INIT_CAL ==> "OFF"
MIG: 20:02:54 :  Invalid Param: DDR3_SIMULATION ==> "FALSE"
MIG: 20:02:54 :  Invalid Param: DDR3_BYTE_LANES_B0 ==> 4'b1111
MIG: 20:02:54 :  Invalid Param: DDR3_BYTE_LANES_B1 ==> 4'b1110
MIG: 20:02:54 :  Invalid Param: DDR3_BYTE_LANES_B2 ==> 4'b0000
MIG: 20:02:54 :  Invalid Param: DDR3_BYTE_LANES_B3 ==> 4'b0000
MIG: 20:02:54 :  Invalid Param: DDR3_BYTE_LANES_B4 ==> 4'b0000
MIG: 20:02:54 :  Invalid Param: DDR3_DATA_CTL_B0 ==> 4'b1111
MIG: 20:02:54 :  Invalid Param: DDR3_DATA_CTL_B1 ==> 4'b0000
MIG: 20:02:54 :  Invalid Param: DDR3_DATA_CTL_B2 ==> 4'b0000
MIG: 20:02:54 :  Invalid Param: DDR3_DATA_CTL_B3 ==> 4'b0000
MIG: 20:02:54 :  Invalid Param: DDR3_DATA_CTL_B4 ==> 4'b0000
MIG: 20:02:54 :  Invalid Param: DDR3_PHY_0_BITLANES ==> 48'h3FE_3FE_1FF_2FF
MIG: 20:02:54 :  Invalid Param: DDR3_PHY_1_BITLANES ==> 48'h3FF_FFF_0C0_000
MIG: 20:02:54 :  Invalid Param: DDR3_PHY_2_BITLANES ==> 48'h000_000_000_000
MIG: 20:02:54 :  Invalid Param: DDR3_CK_BYTE_MAP ==> 144'h00_00_00_00_00_00_00_00_00_00_00_00_00_00_00_00_00_13
MIG: 20:02:54 :  Invalid Param: DDR3_ADDR_MAP ==> 192'h000_130_138_134_135_132_137_136_139_133_131_128_124_125_126_122
MIG: 20:02:54 :  Invalid Param: DDR3_BANK_MAP ==> 36'h123_12B_12A
MIG: 20:02:54 :  Invalid Param: DDR3_CAS_MAP ==> 12'h120
MIG: 20:02:54 :  Invalid Param: DDR3_CKE_ODT_BYTE_MAP ==> 8'h00
MIG: 20:02:54 :  Invalid Param: DDR3_CKE_MAP ==> 96'h000_000_000_000_000_000_000_117
MIG: 20:02:54 :  Invalid Param: DDR3_ODT_MAP ==> 96'h000_000_000_000_000_000_000_116
MIG: 20:02:54 :  Invalid Param: DDR3_CS_MAP ==> 120'h000_000_000_000_000_000_000_000_000_127
MIG: 20:02:54 :  Invalid Param: DDR3_PARITY_MAP ==> 12'h000
MIG: 20:02:54 :  Invalid Param: DDR3_RAS_MAP ==> 12'h121
MIG: 20:02:54 :  Invalid Param: DDR3_WE_MAP ==> 12'h129
MIG: 20:02:54 :  Invalid Param: DDR3_DQS_BYTE_MAP ==> 144'h00_00_00_00_00_00_00_00_00_00_00_00_00_00_00_01_02_03
MIG: 20:02:54 :  Invalid Param: DDR3_DATA0_MAP ==> 96'h035_039_032_036_031_038_033_037
MIG: 20:02:54 :  Invalid Param: DDR3_DATA1_MAP ==> 96'h021_029_025_028_024_027_022_023
MIG: 20:02:54 :  Invalid Param: DDR3_DATA2_MAP ==> 96'h011_018_013_016_012_017_015_010
MIG: 20:02:54 :  Invalid Param: DDR3_DATA3_MAP ==> 96'h005_001_000_003_004_007_009_006
MIG: 20:02:54 :  Invalid Param: DDR3_DATA4_MAP ==> 96'h000_000_000_000_000_000_000_000
MIG: 20:02:54 :  Invalid Param: DDR3_DATA5_MAP ==> 96'h000_000_000_000_000_000_000_000
MIG: 20:02:54 :  Invalid Param: DDR3_DATA6_MAP ==> 96'h000_000_000_000_000_000_000_000
MIG: 20:02:54 :  Invalid Param: DDR3_DATA7_MAP ==> 96'h000_000_000_000_000_000_000_000
MIG: 20:02:54 :  Invalid Param: DDR3_DATA8_MAP ==> 96'h000_000_000_000_000_000_000_000
MIG: 20:02:54 :  Invalid Param: DDR3_DATA9_MAP ==> 96'h000_000_000_000_000_000_000_000
MIG: 20:02:54 :  Invalid Param: DDR3_DATA10_MAP ==> 96'h000_000_000_000_000_000_000_000
MIG: 20:02:54 :  Invalid Param: DDR3_DATA11_MAP ==> 96'h000_000_000_000_000_000_000_000
MIG: 20:02:54 :  Invalid Param: DDR3_DATA12_MAP ==> 96'h000_000_000_000_000_000_000_000
MIG: 20:02:54 :  Invalid Param: DDR3_DATA13_MAP ==> 96'h000_000_000_000_000_000_000_000
MIG: 20:02:54 :  Invalid Param: DDR3_DATA14_MAP ==> 96'h000_000_000_000_000_000_000_000
MIG: 20:02:54 :  Invalid Param: DDR3_DATA15_MAP ==> 96'h000_000_000_000_000_000_000_000
MIG: 20:02:54 :  Invalid Param: DDR3_DATA16_MAP ==> 96'h000_000_000_000_000_000_000_000
MIG: 20:02:54 :  Invalid Param: DDR3_DATA17_MAP ==> 96'h000_000_000_000_000_000_000_000
MIG: 20:02:54 :  Invalid Param: DDR3_MASK0_MAP ==> 108'h000_000_000_000_000_002_014_026_034
MIG: 20:02:54 :  Invalid Param: DDR3_MASK1_MAP ==> 108'h000_000_000_000_000_000_000_000_000
MIG: 20:02:54 :  Invalid Param: DDR3_SLOT_0_CONFIG ==> 8'b0000_0001
MIG: 20:02:54 :  Invalid Param: DDR3_SLOT_1_CONFIG ==> 8'b0000_0000
MIG: 20:02:54 :  Invalid Param: DDR3_IBUF_LPWR_MODE ==> "OFF"
MIG: 20:02:54 :  Invalid Param: DDR3_DATA_IO_IDLE_PWRDWN ==> "ON"
MIG: 20:02:54 :  Invalid Param: DDR3_BANK_TYPE ==> "HR_IO"
MIG: 20:02:54 :  Invalid Param: DDR3_DATA_IO_PRIM_TYPE ==> "HR_LP"
MIG: 20:02:54 :  Invalid Param: DDR3_CKE_ODT_AUX ==> "FALSE"
MIG: 20:02:54 :  Invalid Param: DDR3_USER_REFRESH ==> "OFF"
MIG: 20:02:54 :  Invalid Param: DDR3_WRLVL ==> "ON"
MIG: 20:02:54 :  Invalid Param: DDR3_ORDERING ==> "NORM"
MIG: 20:02:54 :  Invalid Param: DDR3_CALIB_ROW_ADD ==> 16'h0000
MIG: 20:02:54 :  Invalid Param: DDR3_CALIB_COL_ADD ==> 12'h000
MIG: 20:02:54 :  Invalid Param: DDR3_CALIB_BA_ADD ==> 3'h0
MIG: 20:02:54 :  Invalid Param: DDR3_TCQ ==> 100
MIG: 20:02:54 :  Invalid Param: DDR3_IDELAY_ADJ ==> "OFF"
MIG: 20:02:54 :  Invalid Param: DDR3_FINE_PER_BIT ==> "OFF"
MIG: 20:02:54 :  Invalid Param: DDR3_CENTER_COMP_MODE ==> "OFF"
MIG: 20:02:54 :  Invalid Param: DDR3_PI_VAL_ADJ ==> "OFF"
MIG: 20:02:54 :  Invalid Param: DDR3_IODELAY_GRP0 ==> "DDR3_IODELAY_MIG0"
MIG: 20:02:54 :  Invalid Param: DDR3_IODELAY_GRP1 ==> "DDR3_IODELAY_MIG1"
MIG: 20:02:54 :  Invalid Param: DDR3_SYSCLK_TYPE ==> "NO_BUFFER"
MIG: 20:02:54 :  Invalid Param: DDR3_REFCLK_TYPE ==> "USE_SYSTEM_CLOCK"
MIG: 20:02:54 :  Invalid Param: DDR3_SYS_RST_PORT ==> "FALSE"
MIG: 20:02:54 :  Invalid Param: DDR3_FPGA_SPEED_GRADE ==> 2
MIG: 20:02:54 :  Invalid Param: DDR3_CMD_PIPE_PLUS1 ==> "ON"
MIG: 20:02:54 :  Invalid Param: DDR3_DRAM_TYPE ==> "DDR3"
MIG: 20:02:54 :  Invalid Param: DDR3_CAL_WIDTH ==> "HALF"
MIG: 20:02:54 :  Invalid Param: DDR3_STARVE_LIMIT ==> 2
MIG: 20:02:54 :  Invalid Param: DDR3_REF_CLK_MMCM_IODELAY_CTRL ==> "FALSE"
MIG: 20:02:54 :  Invalid Param: DDR3_REFCLK_FREQ ==> 200.0
MIG: 20:02:54 :  Invalid Param: DDR3_DIFF_TERM_REFCLK ==> "TRUE"
MIG: 20:02:54 :  Invalid Param: DDR3_tCK ==> 2500
MIG: 20:02:54 : 
MIG: 20:02:54 :  Valid Param: DDR3_nCK_PER_CLK ==> 4
MIG: 20:02:54 :  Invalid Param: DDR3_DIFF_TERM_SYSCLK ==> "TRUE"
MIG: 20:02:54 : 
MIG: 20:02:54 :  Valid Param: UI_EXTRA_CLOCKS ==> FALSE
MIG: 20:02:54 : 
MIG: 20:02:54 :  Valid Param: C_S_AXI_ID_WIDTH ==> 4
MIG: 20:02:54 : 
MIG: 20:02:54 :  Valid Param: C_S_AXI_MEM_SIZE ==> 1073741824
MIG: 20:02:54 : 
MIG: 20:02:54 :  Valid Param: C_S_AXI_ADDR_WIDTH ==> 30
MIG: 20:02:54 : 
MIG: 20:02:54 :  Valid Param: C_S_AXI_DATA_WIDTH ==> 256
MIG: 20:02:54 :  Invalid Param: DDR3_C_MC_nCK_PER_CLK ==> 4
MIG: 20:02:54 :  Invalid Param: C_S_AXI_SUPPORTS_NARROW_BURST ==> 0
MIG: 20:02:54 :  Invalid Param: DDR3_C_RD_WR_ARB_ALGORITHM ==> "RD_PRI_REG"
MIG: 20:02:54 :  Invalid Param: C_S_AXI_REG_EN0 ==> 20'h00000
MIG: 20:02:54 :  Invalid Param: C_S_AXI_REG_EN1 ==> 20'h00000
MIG: 20:02:54 : 
MIG: 20:02:54 :  Valid Param: C_S_AXI_CTRL_ADDR_WIDTH ==> 32
MIG: 20:02:54 : 
MIG: 20:02:54 :  Valid Param: C_S_AXI_CTRL_DATA_WIDTH ==> 32
MIG: 20:02:54 :  Invalid Param: C_S_AXI_BASEADDR ==> 32'h0000_0000
MIG: 20:02:54 :  Invalid Param: C_ECC_ONOFF_RESET_VALUE ==> 1
MIG: 20:02:54 :  Invalid Param: C_ECC_CE_COUNTER_WIDTH ==> 8
MIG: 20:02:54 : 
MIG: 20:02:54 :  Valid Param: DDR3_DEBUG_PORT ==> OFF
MIG: 20:02:54 : 
MIG: 20:02:54 :  Invalid Param: DDR3_TEMP_MON_CONTROL ==> "INTERNAL"
MIG: 20:02:54 :  Invalid Param: DDR3_FPGA_VOLT_TYPE ==> "N"
MIG: 20:02:54 :  Invalid Param: DDR3_RST_ACT_LOW ==> 1
MIG: 20:02:54 : 
MIG: 20:02:54 : 
MIG: 20:02:54 : 
MIG: 20:02:54 : Same Interface
MIG: 20:03:05 : Running synthesis.xit
MIG: 20:03:05 : IGN:     <ModuleName>ddr3</ModuleName> <==>     <ModuleName>ddr3</ModuleName> 
MIG: 20:03:05 : ERR:     <Version>2.4</Version> <==>     <Version>4.0</Version> 
MIG: 20:03:05 : ################# RUNNING MIG BATCH ###################
MIG: 20:03:05 : Writing IN file for 'ddr3'...compDirPath: c:/Xilinx/Vivado/2017.2/data/ip/xilinx/mig_7series_v4_0... instDirPath: d:/demo_AX7103/hdmi_loop_ddr3/hdmi_loop_ddr3.srcs/sources_1/ip/ddr3
MIG: 20:03:05 : synp_flow:  -- synthesis_mode: Other
MIG: 20:03:05 : outputDirectory: d:/demo_AX7103/hdmi_loop_ddr3/hdmi_loop_ddr3.srcs/sources_1/ip/ddr3/_tmp/
MIG: 20:03:05 : vivado_mode: xpg_pa
MIG: 20:03:05 :  locked false  
MIG: 20:03:05 : HDL Language: Verilog
MIG: 20:03:05 : compInfo: false
MIG: 20:03:05 : Vivado Options xc7a100t fgg484 -2
MIG: 20:03:05 : 1: xc7a100t 2: fgg484 3: -2
MIG: 20:03:05 : relative mig path: coregen/ip/xilinx/other/com/xilinx/ip/mig_7series_v4_0/bin/nt64/mig.exe
MIG: 20:03:05 : xilinx_path: C:/Xilinx/Vivado/2017.2/ids_lite/ISE
MIG: 20:03:05 : I am in catch area
MIG: 20:03:05 : Running C:/Xilinx/Vivado/2017.2/ids_lite/ISE/coregen/ip/xilinx/other/com/xilinx/ip/mig_7series_v4_0/bin/nt64/mig.exe -cg_exc_inp d:/demo_AX7103/hdmi_loop_ddr3/hdmi_loop_ddr3.srcs/sources_1/ip/ddr3/xil_txt.in -cg_exc_out d:/demo_AX7103/hdmi_loop_ddr3/hdmi_loop_ddr3.srcs/sources_1/ip/ddr3/xil_txt.out ... 
MIG: 20:03:13 : XML_INPUT_FILE: d:/demo_AX7103/hdmi_loop_ddr3/hdmi_loop_ddr3.srcs/sources_1/ip/ddr3/mig_a.prj
MIG: 20:03:13 : Component_Name: ddr3
MIG: 20:03:13 : Moving ddr3 ...
MIG: 20:03:13 : Moving ddr3.veo ...
MIG: 20:03:13 : Moving ddr3_xmdf.tcl ...
MIG: 20:03:13 : Running vlog_synth_rpr.xit
MIG: 20:03:13 : IGN:     <ModuleName>ddr3</ModuleName> <==>     <ModuleName>ddr3</ModuleName> 
MIG: 20:03:13 : ERR:     <Version>2.4</Version> <==>     <Version>4.0</Version> 
MIG: 20:03:13 : ################# RUNNING MIG BATCH ###################
MIG: 20:03:13 : Writing IN file for 'ddr3'...compDirPath: c:/Xilinx/Vivado/2017.2/data/ip/xilinx/mig_7series_v4_0... instDirPath: d:/demo_AX7103/hdmi_loop_ddr3/hdmi_loop_ddr3.srcs/sources_1/ip/ddr3
MIG: 20:03:13 : synp_flow:  -- synthesis_mode: Other
MIG: 20:03:13 : outputDirectory: d:/demo_AX7103/hdmi_loop_ddr3/hdmi_loop_ddr3.srcs/sources_1/ip/ddr3/_tmp/
MIG: 20:03:13 : vivado_mode: xpg_pa
MIG: 20:03:13 :  locked false  
MIG: 20:03:13 : HDL Language: Verilog
MIG: 20:03:13 : compInfo: false
MIG: 20:03:13 : Vivado Options xc7a100t fgg484 -2
MIG: 20:03:13 : 1: xc7a100t 2: fgg484 3: -2
MIG: 20:03:13 : relative mig path: coregen/ip/xilinx/other/com/xilinx/ip/mig_7series_v4_0/bin/nt64/mig.exe
MIG: 20:03:13 : xilinx_path: C:/Xilinx/Vivado/2017.2/ids_lite/ISE
MIG: 20:03:13 : I am in catch area
MIG: 20:03:13 : Running C:/Xilinx/Vivado/2017.2/ids_lite/ISE/coregen/ip/xilinx/other/com/xilinx/ip/mig_7series_v4_0/bin/nt64/mig.exe -cg_exc_inp d:/demo_AX7103/hdmi_loop_ddr3/hdmi_loop_ddr3.srcs/sources_1/ip/ddr3/xil_txt.in -cg_exc_out d:/demo_AX7103/hdmi_loop_ddr3/hdmi_loop_ddr3.srcs/sources_1/ip/ddr3/xil_txt.out ... 
MIG: 20:03:20 : XML_INPUT_FILE: d:/demo_AX7103/hdmi_loop_ddr3/hdmi_loop_ddr3.srcs/sources_1/ip/ddr3/mig_a.prj
MIG: 20:03:20 : Component_Name: ddr3
MIG: 20:03:20 : Moving ddr3 ...
MIG: 20:03:20 : Moving ddr3.veo ...
MIG: 20:03:20 : Moving ddr3_xmdf.tcl ...
MIG: 20:03:20 : Running simulation.xit
MIG: 20:03:20 : IGN:     <ModuleName>ddr3</ModuleName> <==>     <ModuleName>ddr3</ModuleName> 
MIG: 20:03:20 : ERR:     <Version>2.4</Version> <==>     <Version>4.0</Version> 
MIG: 20:03:20 : ################# RUNNING MIG BATCH ###################
MIG: 20:03:20 : Writing IN file for 'ddr3'...compDirPath: c:/Xilinx/Vivado/2017.2/data/ip/xilinx/mig_7series_v4_0... instDirPath: d:/demo_AX7103/hdmi_loop_ddr3/hdmi_loop_ddr3.srcs/sources_1/ip/ddr3
MIG: 20:03:20 : synp_flow:  -- synthesis_mode: Other
MIG: 20:03:20 : outputDirectory: d:/demo_AX7103/hdmi_loop_ddr3/hdmi_loop_ddr3.srcs/sources_1/ip/ddr3/_tmp/
MIG: 20:03:20 : vivado_mode: xpg_pa
MIG: 20:03:20 :  locked false  
MIG: 20:03:20 : HDL Language: Verilog
MIG: 20:03:20 : compInfo: false
MIG: 20:03:20 : Vivado Options xc7a100t fgg484 -2
MIG: 20:03:20 : 1: xc7a100t 2: fgg484 3: -2
MIG: 20:03:20 : relative mig path: coregen/ip/xilinx/other/com/xilinx/ip/mig_7series_v4_0/bin/nt64/mig.exe
MIG: 20:03:20 : xilinx_path: C:/Xilinx/Vivado/2017.2/ids_lite/ISE
MIG: 20:03:20 : I am in catch area
MIG: 20:03:20 : Running C:/Xilinx/Vivado/2017.2/ids_lite/ISE/coregen/ip/xilinx/other/com/xilinx/ip/mig_7series_v4_0/bin/nt64/mig.exe -cg_exc_inp d:/demo_AX7103/hdmi_loop_ddr3/hdmi_loop_ddr3.srcs/sources_1/ip/ddr3/xil_txt.in -cg_exc_out d:/demo_AX7103/hdmi_loop_ddr3/hdmi_loop_ddr3.srcs/sources_1/ip/ddr3/xil_txt.out ... 
MIG: 20:03:27 : XML_INPUT_FILE: d:/demo_AX7103/hdmi_loop_ddr3/hdmi_loop_ddr3.srcs/sources_1/ip/ddr3/mig_a.prj
MIG: 20:03:27 : Component_Name: ddr3
MIG: 20:03:27 : Moving ddr3 ...
MIG: 20:03:27 : Moving ddr3.veo ...
MIG: 20:03:27 : Moving ddr3_xmdf.tcl ...
MIG: 20:03:28 : Running vlog_sim_rpr.xit .. PRASAD DBG1
MIG: 20:03:28 : IGN:     <ModuleName>ddr3</ModuleName> <==>     <ModuleName>ddr3</ModuleName> 
MIG: 20:03:28 : ERR:     <Version>2.4</Version> <==>     <Version>4.0</Version> 
MIG: 20:03:28 : ################# RUNNING MIG BATCH ###################
MIG: 20:03:28 : Writing IN file for 'ddr3'...compDirPath: c:/Xilinx/Vivado/2017.2/data/ip/xilinx/mig_7series_v4_0... instDirPath: d:/demo_AX7103/hdmi_loop_ddr3/hdmi_loop_ddr3.srcs/sources_1/ip/ddr3
MIG: 20:03:28 : synp_flow:  -- synthesis_mode: Other
MIG: 20:03:28 : outputDirectory: d:/demo_AX7103/hdmi_loop_ddr3/hdmi_loop_ddr3.srcs/sources_1/ip/ddr3/_tmp/
MIG: 20:03:28 : vivado_mode: xpg_pa
MIG: 20:03:28 :  locked false  
MIG: 20:03:28 : HDL Language: Verilog
MIG: 20:03:28 : compInfo: false
MIG: 20:03:28 : Vivado Options xc7a100t fgg484 -2
MIG: 20:03:28 : 1: xc7a100t 2: fgg484 3: -2
MIG: 20:03:28 : relative mig path: coregen/ip/xilinx/other/com/xilinx/ip/mig_7series_v4_0/bin/nt64/mig.exe
MIG: 20:03:28 : xilinx_path: C:/Xilinx/Vivado/2017.2/ids_lite/ISE
MIG: 20:03:28 : I am in catch area
MIG: 20:03:28 : Running C:/Xilinx/Vivado/2017.2/ids_lite/ISE/coregen/ip/xilinx/other/com/xilinx/ip/mig_7series_v4_0/bin/nt64/mig.exe -cg_exc_inp d:/demo_AX7103/hdmi_loop_ddr3/hdmi_loop_ddr3.srcs/sources_1/ip/ddr3/xil_txt.in -cg_exc_out d:/demo_AX7103/hdmi_loop_ddr3/hdmi_loop_ddr3.srcs/sources_1/ip/ddr3/xil_txt.out ... 
MIG: 20:03:35 : XML_INPUT_FILE: d:/demo_AX7103/hdmi_loop_ddr3/hdmi_loop_ddr3.srcs/sources_1/ip/ddr3/mig_a.prj
MIG: 20:03:35 : Component_Name: ddr3
MIG: 20:03:35 : Moving ddr3 ...
MIG: 20:03:35 : Moving ddr3.veo ...
MIG: 20:03:35 : Moving ddr3_xmdf.tcl ...
MIG: 20:03:35 : Running implementation.xit
MIG: 20:03:35 : IGN:     <ModuleName>ddr3</ModuleName> <==>     <ModuleName>ddr3</ModuleName> 
MIG: 20:03:35 : ERR:     <Version>2.4</Version> <==>     <Version>4.0</Version> 
MIG: 20:03:35 : ################# RUNNING MIG BATCH ###################
MIG: 20:03:35 : Writing IN file for 'ddr3'...compDirPath: c:/Xilinx/Vivado/2017.2/data/ip/xilinx/mig_7series_v4_0... instDirPath: d:/demo_AX7103/hdmi_loop_ddr3/hdmi_loop_ddr3.srcs/sources_1/ip/ddr3
MIG: 20:03:35 : synp_flow:  -- synthesis_mode: Other
MIG: 20:03:35 : outputDirectory: d:/demo_AX7103/hdmi_loop_ddr3/hdmi_loop_ddr3.srcs/sources_1/ip/ddr3/_tmp/
MIG: 20:03:35 : vivado_mode: xpg_pa
MIG: 20:03:35 :  locked false  
MIG: 20:03:35 : HDL Language: Verilog
MIG: 20:03:35 : compInfo: false
MIG: 20:03:35 : Vivado Options xc7a100t fgg484 -2
MIG: 20:03:35 : 1: xc7a100t 2: fgg484 3: -2
MIG: 20:03:35 : relative mig path: coregen/ip/xilinx/other/com/xilinx/ip/mig_7series_v4_0/bin/nt64/mig.exe
MIG: 20:03:35 : xilinx_path: C:/Xilinx/Vivado/2017.2/ids_lite/ISE
MIG: 20:03:35 : I am in catch area
MIG: 20:03:35 : Running C:/Xilinx/Vivado/2017.2/ids_lite/ISE/coregen/ip/xilinx/other/com/xilinx/ip/mig_7series_v4_0/bin/nt64/mig.exe -cg_exc_inp d:/demo_AX7103/hdmi_loop_ddr3/hdmi_loop_ddr3.srcs/sources_1/ip/ddr3/xil_txt.in -cg_exc_out d:/demo_AX7103/hdmi_loop_ddr3/hdmi_loop_ddr3.srcs/sources_1/ip/ddr3/xil_txt.out ... 
MIG: 20:03:42 : XML_INPUT_FILE: d:/demo_AX7103/hdmi_loop_ddr3/hdmi_loop_ddr3.srcs/sources_1/ip/ddr3/mig_a.prj
MIG: 20:03:42 : Component_Name: ddr3
MIG: 20:03:42 : Moving ddr3 ...
MIG: 20:03:42 : Moving ddr3.veo ...
MIG: 20:03:42 : Moving ddr3_xmdf.tcl ...
