
*** Running vivado
    with args -log PCIe_auto_us_0.vds -m64 -product Vivado -mode batch -messageDb vivado.pb -notrace -source PCIe_auto_us_0.tcl


****** Vivado v2017.2 (64-bit)
  **** SW Build 1909853 on Thu Jun 15 18:39:09 MDT 2017
  **** IP Build 1909766 on Thu Jun 15 19:58:00 MDT 2017
    ** Copyright 1986-2017 Xilinx, Inc. All Rights Reserved.

source PCIe_auto_us_0.tcl -notrace
Starting RTL Elaboration : Time (s): cpu = 00:00:05 ; elapsed = 00:00:05 . Memory (MB): peak = 373.957 ; gain = 86.578
INFO: [Synth 8-638] synthesizing module 'PCIe_auto_us_0' [d:/exam_ise/pcie/PCIe.srcs/sources_1/bd/PCIe/ip/PCIe_auto_us_0/synth/PCIe_auto_us_0.v:58]
INFO: [Synth 8-638] synthesizing module 'axi_dwidth_converter_v2_1_13_top' [d:/exam_ise/pcie/PCIe.srcs/sources_1/bd/PCIe/ipshared/3bde/hdl/axi_dwidth_converter_v2_1_vlsyn_rfs.v:14450]
INFO: [Synth 8-638] synthesizing module 'axi_dwidth_converter_v2_1_13_axi_upsizer' [d:/exam_ise/pcie/PCIe.srcs/sources_1/bd/PCIe/ipshared/3bde/hdl/axi_dwidth_converter_v2_1_vlsyn_rfs.v:7038]
INFO: [Synth 8-638] synthesizing module 'axi_dwidth_converter_v2_1_13_w_upsizer' [d:/exam_ise/pcie/PCIe.srcs/sources_1/bd/PCIe/ipshared/3bde/hdl/axi_dwidth_converter_v2_1_vlsyn_rfs.v:5563]
INFO: [Synth 8-256] done synthesizing module 'axi_dwidth_converter_v2_1_13_w_upsizer' (1#1) [d:/exam_ise/pcie/PCIe.srcs/sources_1/bd/PCIe/ipshared/3bde/hdl/axi_dwidth_converter_v2_1_vlsyn_rfs.v:5563]
INFO: [Synth 8-638] synthesizing module 'axi_dwidth_converter_v2_1_13_a_upsizer' [d:/exam_ise/pcie/PCIe.srcs/sources_1/bd/PCIe/ipshared/3bde/hdl/axi_dwidth_converter_v2_1_vlsyn_rfs.v:3603]
INFO: [Synth 8-638] synthesizing module 'generic_baseblocks_v2_1_0_command_fifo' [d:/exam_ise/pcie/PCIe.srcs/sources_1/bd/PCIe/ipshared/f9c1/hdl/generic_baseblocks_v2_1_vl_rfs.v:655]
INFO: [Synth 8-256] done synthesizing module 'generic_baseblocks_v2_1_0_command_fifo' (2#1) [d:/exam_ise/pcie/PCIe.srcs/sources_1/bd/PCIe/ipshared/f9c1/hdl/generic_baseblocks_v2_1_vl_rfs.v:655]
INFO: [Synth 8-256] done synthesizing module 'axi_dwidth_converter_v2_1_13_a_upsizer' (3#1) [d:/exam_ise/pcie/PCIe.srcs/sources_1/bd/PCIe/ipshared/3bde/hdl/axi_dwidth_converter_v2_1_vlsyn_rfs.v:3603]
INFO: [Synth 8-638] synthesizing module 'axi_dwidth_converter_v2_1_13_r_upsizer' [d:/exam_ise/pcie/PCIe.srcs/sources_1/bd/PCIe/ipshared/3bde/hdl/axi_dwidth_converter_v2_1_vlsyn_rfs.v:4653]
INFO: [Synth 8-256] done synthesizing module 'axi_dwidth_converter_v2_1_13_r_upsizer' (4#1) [d:/exam_ise/pcie/PCIe.srcs/sources_1/bd/PCIe/ipshared/3bde/hdl/axi_dwidth_converter_v2_1_vlsyn_rfs.v:4653]
INFO: [Synth 8-638] synthesizing module 'axi_register_slice_v2_1_13_axi_register_slice' [d:/exam_ise/pcie/PCIe.srcs/sources_1/bd/PCIe/ipshared/55c0/hdl/axi_register_slice_v2_1_vl_rfs.v:791]
INFO: [Synth 8-638] synthesizing module 'axi_infrastructure_v1_1_0_axi2vector' [d:/exam_ise/pcie/PCIe.srcs/sources_1/bd/PCIe/ipshared/7e3a/hdl/axi_infrastructure_v1_1_vl_rfs.v:60]
INFO: [Synth 8-256] done synthesizing module 'axi_infrastructure_v1_1_0_axi2vector' (5#1) [d:/exam_ise/pcie/PCIe.srcs/sources_1/bd/PCIe/ipshared/7e3a/hdl/axi_infrastructure_v1_1_vl_rfs.v:60]
INFO: [Synth 8-638] synthesizing module 'axi_register_slice_v2_1_13_axic_register_slice' [d:/exam_ise/pcie/PCIe.srcs/sources_1/bd/PCIe/ipshared/55c0/hdl/axi_register_slice_v2_1_vl_rfs.v:85]
INFO: [Synth 8-256] done synthesizing module 'axi_register_slice_v2_1_13_axic_register_slice' (6#1) [d:/exam_ise/pcie/PCIe.srcs/sources_1/bd/PCIe/ipshared/55c0/hdl/axi_register_slice_v2_1_vl_rfs.v:85]
INFO: [Synth 8-638] synthesizing module 'axi_register_slice_v2_1_13_axic_register_slice__parameterized0' [d:/exam_ise/pcie/PCIe.srcs/sources_1/bd/PCIe/ipshared/55c0/hdl/axi_register_slice_v2_1_vl_rfs.v:85]
INFO: [Synth 8-256] done synthesizing module 'axi_register_slice_v2_1_13_axic_register_slice__parameterized0' (6#1) [d:/exam_ise/pcie/PCIe.srcs/sources_1/bd/PCIe/ipshared/55c0/hdl/axi_register_slice_v2_1_vl_rfs.v:85]
INFO: [Synth 8-638] synthesizing module 'axi_register_slice_v2_1_13_axic_register_slice__parameterized1' [d:/exam_ise/pcie/PCIe.srcs/sources_1/bd/PCIe/ipshared/55c0/hdl/axi_register_slice_v2_1_vl_rfs.v:85]
INFO: [Synth 8-256] done synthesizing module 'axi_register_slice_v2_1_13_axic_register_slice__parameterized1' (6#1) [d:/exam_ise/pcie/PCIe.srcs/sources_1/bd/PCIe/ipshared/55c0/hdl/axi_register_slice_v2_1_vl_rfs.v:85]
INFO: [Synth 8-638] synthesizing module 'axi_register_slice_v2_1_13_axic_register_slice__parameterized2' [d:/exam_ise/pcie/PCIe.srcs/sources_1/bd/PCIe/ipshared/55c0/hdl/axi_register_slice_v2_1_vl_rfs.v:85]
INFO: [Synth 8-256] done synthesizing module 'axi_register_slice_v2_1_13_axic_register_slice__parameterized2' (6#1) [d:/exam_ise/pcie/PCIe.srcs/sources_1/bd/PCIe/ipshared/55c0/hdl/axi_register_slice_v2_1_vl_rfs.v:85]
INFO: [Synth 8-638] synthesizing module 'axi_infrastructure_v1_1_0_vector2axi' [d:/exam_ise/pcie/PCIe.srcs/sources_1/bd/PCIe/ipshared/7e3a/hdl/axi_infrastructure_v1_1_vl_rfs.v:474]
INFO: [Synth 8-256] done synthesizing module 'axi_infrastructure_v1_1_0_vector2axi' (7#1) [d:/exam_ise/pcie/PCIe.srcs/sources_1/bd/PCIe/ipshared/7e3a/hdl/axi_infrastructure_v1_1_vl_rfs.v:474]
INFO: [Synth 8-256] done synthesizing module 'axi_register_slice_v2_1_13_axi_register_slice' (8#1) [d:/exam_ise/pcie/PCIe.srcs/sources_1/bd/PCIe/ipshared/55c0/hdl/axi_register_slice_v2_1_vl_rfs.v:791]
INFO: [Synth 8-638] synthesizing module 'axi_dwidth_converter_v2_1_13_a_upsizer__parameterized0' [d:/exam_ise/pcie/PCIe.srcs/sources_1/bd/PCIe/ipshared/3bde/hdl/axi_dwidth_converter_v2_1_vlsyn_rfs.v:3603]
INFO: [Synth 8-256] done synthesizing module 'axi_dwidth_converter_v2_1_13_a_upsizer__parameterized0' (8#1) [d:/exam_ise/pcie/PCIe.srcs/sources_1/bd/PCIe/ipshared/3bde/hdl/axi_dwidth_converter_v2_1_vlsyn_rfs.v:3603]
INFO: [Synth 8-638] synthesizing module 'axi_register_slice_v2_1_13_axi_register_slice__parameterized0' [d:/exam_ise/pcie/PCIe.srcs/sources_1/bd/PCIe/ipshared/55c0/hdl/axi_register_slice_v2_1_vl_rfs.v:791]
INFO: [Synth 8-638] synthesizing module 'axi_infrastructure_v1_1_0_axi2vector__parameterized0' [d:/exam_ise/pcie/PCIe.srcs/sources_1/bd/PCIe/ipshared/7e3a/hdl/axi_infrastructure_v1_1_vl_rfs.v:60]
INFO: [Synth 8-256] done synthesizing module 'axi_infrastructure_v1_1_0_axi2vector__parameterized0' (8#1) [d:/exam_ise/pcie/PCIe.srcs/sources_1/bd/PCIe/ipshared/7e3a/hdl/axi_infrastructure_v1_1_vl_rfs.v:60]
INFO: [Synth 8-638] synthesizing module 'axi_register_slice_v2_1_13_axic_register_slice__parameterized3' [d:/exam_ise/pcie/PCIe.srcs/sources_1/bd/PCIe/ipshared/55c0/hdl/axi_register_slice_v2_1_vl_rfs.v:85]
INFO: [Synth 8-256] done synthesizing module 'axi_register_slice_v2_1_13_axic_register_slice__parameterized3' (8#1) [d:/exam_ise/pcie/PCIe.srcs/sources_1/bd/PCIe/ipshared/55c0/hdl/axi_register_slice_v2_1_vl_rfs.v:85]
INFO: [Synth 8-638] synthesizing module 'axi_register_slice_v2_1_13_axic_register_slice__parameterized4' [d:/exam_ise/pcie/PCIe.srcs/sources_1/bd/PCIe/ipshared/55c0/hdl/axi_register_slice_v2_1_vl_rfs.v:85]
INFO: [Synth 8-256] done synthesizing module 'axi_register_slice_v2_1_13_axic_register_slice__parameterized4' (8#1) [d:/exam_ise/pcie/PCIe.srcs/sources_1/bd/PCIe/ipshared/55c0/hdl/axi_register_slice_v2_1_vl_rfs.v:85]
INFO: [Synth 8-638] synthesizing module 'axi_infrastructure_v1_1_0_vector2axi__parameterized0' [d:/exam_ise/pcie/PCIe.srcs/sources_1/bd/PCIe/ipshared/7e3a/hdl/axi_infrastructure_v1_1_vl_rfs.v:474]
INFO: [Synth 8-256] done synthesizing module 'axi_infrastructure_v1_1_0_vector2axi__parameterized0' (8#1) [d:/exam_ise/pcie/PCIe.srcs/sources_1/bd/PCIe/ipshared/7e3a/hdl/axi_infrastructure_v1_1_vl_rfs.v:474]
INFO: [Synth 8-256] done synthesizing module 'axi_register_slice_v2_1_13_axi_register_slice__parameterized0' (8#1) [d:/exam_ise/pcie/PCIe.srcs/sources_1/bd/PCIe/ipshared/55c0/hdl/axi_register_slice_v2_1_vl_rfs.v:791]
INFO: [Synth 8-256] done synthesizing module 'axi_dwidth_converter_v2_1_13_axi_upsizer' (9#1) [d:/exam_ise/pcie/PCIe.srcs/sources_1/bd/PCIe/ipshared/3bde/hdl/axi_dwidth_converter_v2_1_vlsyn_rfs.v:7038]
INFO: [Synth 8-256] done synthesizing module 'axi_dwidth_converter_v2_1_13_top' (10#1) [d:/exam_ise/pcie/PCIe.srcs/sources_1/bd/PCIe/ipshared/3bde/hdl/axi_dwidth_converter_v2_1_vlsyn_rfs.v:14450]
INFO: [Synth 8-256] done synthesizing module 'PCIe_auto_us_0' (11#1) [d:/exam_ise/pcie/PCIe.srcs/sources_1/bd/PCIe/ip/PCIe_auto_us_0/synth/PCIe_auto_us_0.v:58]
Finished RTL Elaboration : Time (s): cpu = 00:01:08 ; elapsed = 00:01:08 . Memory (MB): peak = 501.645 ; gain = 214.266
Finished RTL Optimization Phase 1 : Time (s): cpu = 00:01:08 ; elapsed = 00:01:08 . Memory (MB): peak = 501.645 ; gain = 214.266
INFO: [Device 21-403] Loading part xc7a100tfgg484-2
Constraint Validation Runtime : Time (s): cpu = 00:00:00 ; elapsed = 00:00:00.072 . Memory (MB): peak = 737.098 ; gain = 0.000
Finished Constraint Validation : Time (s): cpu = 00:01:16 ; elapsed = 00:01:17 . Memory (MB): peak = 737.098 ; gain = 449.719
Finished Loading Part and Timing Information : Time (s): cpu = 00:01:16 ; elapsed = 00:01:17 . Memory (MB): peak = 737.098 ; gain = 449.719
Finished applying 'set_property' XDC Constraints : Time (s): cpu = 00:01:16 ; elapsed = 00:01:17 . Memory (MB): peak = 737.098 ; gain = 449.719
Finished RTL Optimization Phase 2 : Time (s): cpu = 00:01:17 ; elapsed = 00:01:18 . Memory (MB): peak = 737.098 ; gain = 449.719
Finished Cross Boundary and Area Optimization : Time (s): cpu = 00:01:22 ; elapsed = 00:01:22 . Memory (MB): peak = 737.098 ; gain = 449.719
Finished Applying XDC Timing Constraints : Time (s): cpu = 00:01:30 ; elapsed = 00:01:31 . Memory (MB): peak = 737.098 ; gain = 449.719
Finished Timing Optimization : Time (s): cpu = 00:01:31 ; elapsed = 00:01:32 . Memory (MB): peak = 737.098 ; gain = 449.719
Finished Technology Mapping : Time (s): cpu = 00:01:32 ; elapsed = 00:01:32 . Memory (MB): peak = 747.105 ; gain = 459.727
Finished IO Insertion : Time (s): cpu = 00:01:32 ; elapsed = 00:01:33 . Memory (MB): peak = 747.105 ; gain = 459.727
Finished Renaming Generated Instances : Time (s): cpu = 00:01:32 ; elapsed = 00:01:33 . Memory (MB): peak = 747.105 ; gain = 459.727
Finished Rebuilding User Hierarchy : Time (s): cpu = 00:01:33 ; elapsed = 00:01:33 . Memory (MB): peak = 747.105 ; gain = 459.727
Finished Renaming Generated Ports : Time (s): cpu = 00:01:33 ; elapsed = 00:01:33 . Memory (MB): peak = 747.105 ; gain = 459.727
Finished Handling Custom Attributes : Time (s): cpu = 00:01:33 ; elapsed = 00:01:33 . Memory (MB): peak = 747.105 ; gain = 459.727
Finished Renaming Generated Nets : Time (s): cpu = 00:01:33 ; elapsed = 00:01:33 . Memory (MB): peak = 747.105 ; gain = 459.727

Report Cell Usage: 
+------+--------+------+
|      |Cell    |Count |
+------+--------+------+
|1     |CARRY4  |     4|
|2     |LUT1    |     6|
|3     |LUT2    |    34|
|4     |LUT3    |   173|
|5     |LUT4    |   125|
|6     |LUT5    |   330|
|7     |LUT6    |   236|
|8     |SRLC32E |    66|
|9     |FDRE    |   931|
|10    |FDSE    |     4|
+------+--------+------+
Finished Writing Synthesis Report : Time (s): cpu = 00:01:33 ; elapsed = 00:01:33 . Memory (MB): peak = 747.105 ; gain = 459.727
synth_design: Time (s): cpu = 00:01:34 ; elapsed = 00:01:35 . Memory (MB): peak = 747.105 ; gain = 467.367
